2026-01-30 04:30:03,031 - ezgripper_left - INFO - Connecting to EZGripper on /dev/ttyUSB0
2026-01-30 04:30:03,586 - ezgripper_left - INFO - Hardware connected: position 100.0%
2026-01-30 04:30:03,590 - ezgripper_left - INFO - Detected serial number: DA1Z9T40
2026-01-30 04:30:03,590 - ezgripper_left - INFO - Updated device config: left -> /dev/ttyUSB0 (serial: DA1Z9T40)
2026-01-30 04:30:03,590 - ezgripper_left - INFO - Loaded calibration offset for DA1Z9T40: 3041
2026-01-30 04:30:03,590 - ezgripper_left - INFO - Setting up DDS interfaces...
2026-01-30 04:30:03,810 - ezgripper_left - INFO - DDS ready: rt/dex1/left/cmd → rt/dex1/left/state
2026-01-30 04:30:03,810 - ezgripper_left - INFO - Running automatic calibration at startup...
2026-01-30 04:30:03,810 - ezgripper_left - INFO - Starting calibration on command...
2026-01-30 04:30:05,506 - ezgripper_left - INFO - Saved calibration offset for DA1Z9T40: 3045
2026-01-30 04:30:05,522 - ezgripper_left - ERROR - Calibration failed: 'Gripper' object has no attribute 'GRIP_MAX'
2026-01-30 04:30:05,522 - ezgripper_left - INFO - Corrected EZGripper driver ready: left side
2026-01-30 04:30:05,522 - ezgripper_left - INFO - Starting multi-threaded EZGripper driver...
2026-01-30 04:30:05,522 - ezgripper_left - INFO -   Control thread: 30 Hz (commands + actual position)
2026-01-30 04:30:05,522 - ezgripper_left - INFO -   State thread: 200 Hz (predicted position publishing)
2026-01-30 04:30:05,522 - ezgripper_left - INFO - Starting control thread at 30 Hz...
2026-01-30 04:30:05,523 - ezgripper_left - INFO - Starting state thread at 200 Hz...
2026-01-30 04:30:08,033 - ezgripper_left - INFO - 📊 Monitor: State=100.6Hz | Cmd=50.0% | Pred=50.0% | Actual=50.0% | Err=0.0% | Track=0.0%
2026-01-30 04:30:08,284 - ezgripper_left - INFO - Command received: q=0.970 rad -> 15.4%
2026-01-30 04:30:08,317 - ezgripper_left - INFO - Command received: q=0.990 rad -> 15.8%
2026-01-30 04:30:08,351 - ezgripper_left - INFO - Command received: q=1.011 rad -> 16.1%
2026-01-30 04:30:08,384 - ezgripper_left - INFO - Command received: q=1.031 rad -> 16.4%
2026-01-30 04:30:08,417 - ezgripper_left - INFO - Command received: q=1.051 rad -> 16.7%
2026-01-30 04:30:08,451 - ezgripper_left - INFO - Command received: q=1.072 rad -> 17.1%
2026-01-30 04:30:08,484 - ezgripper_left - INFO - Command received: q=1.092 rad -> 17.4%
2026-01-30 04:30:08,518 - ezgripper_left - INFO - Command received: q=1.112 rad -> 17.7%
2026-01-30 04:30:08,551 - ezgripper_left - INFO - Command received: q=1.132 rad -> 18.0%
2026-01-30 04:30:08,585 - ezgripper_left - INFO - Command received: q=1.152 rad -> 18.3%
2026-01-30 04:30:08,627 - ezgripper_left - INFO - Command received: q=1.172 rad -> 18.7%
2026-01-30 04:30:08,660 - ezgripper_left - INFO - Command received: q=1.192 rad -> 19.0%
2026-01-30 04:30:08,693 - ezgripper_left - INFO - Command received: q=1.212 rad -> 19.3%
2026-01-30 04:30:08,727 - ezgripper_left - INFO - Command received: q=1.232 rad -> 19.6%
2026-01-30 04:30:08,760 - ezgripper_left - INFO - Command received: q=1.251 rad -> 19.9%
2026-01-30 04:30:08,793 - ezgripper_left - INFO - Command received: q=1.271 rad -> 20.2%
2026-01-30 04:30:08,827 - ezgripper_left - INFO - Command received: q=1.290 rad -> 20.5%
2026-01-30 04:30:08,860 - ezgripper_left - INFO - Command received: q=1.309 rad -> 20.8%
2026-01-30 04:30:08,893 - ezgripper_left - INFO - Command received: q=1.328 rad -> 21.1%
2026-01-30 04:30:08,927 - ezgripper_left - INFO - Command received: q=1.347 rad -> 21.4%
2026-01-30 04:30:08,963 - ezgripper_left - INFO - Command received: q=1.365 rad -> 21.7%
2026-01-30 04:30:08,996 - ezgripper_left - INFO - Command received: q=1.384 rad -> 22.0%
2026-01-30 04:30:09,029 - ezgripper_left - INFO - Command received: q=1.402 rad -> 22.3%
2026-01-30 04:30:09,063 - ezgripper_left - INFO - Command received: q=1.420 rad -> 22.6%
2026-01-30 04:30:09,096 - ezgripper_left - INFO - Command received: q=1.438 rad -> 22.9%
2026-01-30 04:30:09,129 - ezgripper_left - INFO - Command received: q=1.456 rad -> 23.2%
2026-01-30 04:30:09,163 - ezgripper_left - INFO - Command received: q=1.474 rad -> 23.5%
2026-01-30 04:30:09,196 - ezgripper_left - INFO - Command received: q=1.491 rad -> 23.7%
2026-01-30 04:30:09,229 - ezgripper_left - INFO - Command received: q=1.508 rad -> 24.0%
2026-01-30 04:30:09,263 - ezgripper_left - INFO - Command received: q=1.525 rad -> 24.3%
2026-01-30 04:30:09,299 - ezgripper_left - INFO - Command received: q=1.541 rad -> 24.5%
2026-01-30 04:30:09,332 - ezgripper_left - INFO - Command received: q=1.558 rad -> 24.8%
2026-01-30 04:30:09,365 - ezgripper_left - INFO - Command received: q=1.574 rad -> 25.0%
2026-01-30 04:30:09,399 - ezgripper_left - INFO - Command received: q=1.590 rad -> 25.3%
2026-01-30 04:30:09,432 - ezgripper_left - INFO - Command received: q=1.605 rad -> 25.5%
2026-01-30 04:30:09,465 - ezgripper_left - INFO - Command received: q=1.620 rad -> 25.8%
2026-01-30 04:30:09,499 - ezgripper_left - INFO - Command received: q=1.635 rad -> 26.0%
2026-01-30 04:30:09,532 - ezgripper_left - INFO - Command received: q=1.650 rad -> 26.3%
2026-01-30 04:30:09,565 - ezgripper_left - INFO - Command received: q=1.664 rad -> 26.5%
2026-01-30 04:30:09,599 - ezgripper_left - INFO - Command received: q=1.678 rad -> 26.7%
2026-01-30 04:30:09,635 - ezgripper_left - INFO - Command received: q=1.692 rad -> 26.9%
2026-01-30 04:30:09,668 - ezgripper_left - INFO - Command received: q=1.706 rad -> 27.1%
2026-01-30 04:30:09,701 - ezgripper_left - INFO - Command received: q=1.719 rad -> 27.4%
2026-01-30 04:30:09,735 - ezgripper_left - INFO - Command received: q=1.732 rad -> 27.6%
2026-01-30 04:30:09,768 - ezgripper_left - INFO - Command received: q=1.744 rad -> 27.8%
2026-01-30 04:30:09,801 - ezgripper_left - INFO - Command received: q=1.756 rad -> 27.9%
2026-01-30 04:30:09,835 - ezgripper_left - INFO - Command received: q=1.768 rad -> 28.1%
2026-01-30 04:30:09,868 - ezgripper_left - INFO - Command received: q=1.779 rad -> 28.3%
2026-01-30 04:30:09,901 - ezgripper_left - INFO - Command received: q=1.790 rad -> 28.5%
2026-01-30 04:30:09,935 - ezgripper_left - INFO - Command received: q=1.801 rad -> 28.7%
2026-01-30 04:30:09,955 - ezgripper_left - INFO - Executing: POSITION 28.7% (q=1.801, tau=0.000)
2026-01-30 04:30:09,971 - ezgripper_left - INFO - Command received: q=1.811 rad -> 28.8%
2026-01-30 04:30:10,004 - ezgripper_left - INFO - Command received: q=1.821 rad -> 29.0%
2026-01-30 04:30:10,037 - ezgripper_left - INFO - Command received: q=1.831 rad -> 29.1%
2026-01-30 04:30:10,071 - ezgripper_left - INFO - Command received: q=1.840 rad -> 29.3%
2026-01-30 04:30:10,104 - ezgripper_left - INFO - Command received: q=1.849 rad -> 29.4%
2026-01-30 04:30:10,137 - ezgripper_left - INFO - Command received: q=1.857 rad -> 29.6%
2026-01-30 04:30:10,171 - ezgripper_left - INFO - Command received: q=1.865 rad -> 29.7%
2026-01-30 04:30:10,204 - ezgripper_left - INFO - Command received: q=1.873 rad -> 29.8%
2026-01-30 04:30:10,237 - ezgripper_left - INFO - Command received: q=1.880 rad -> 29.9%
2026-01-30 04:30:10,271 - ezgripper_left - INFO - Command received: q=1.887 rad -> 30.0%
2026-01-30 04:30:10,307 - ezgripper_left - INFO - Command received: q=1.893 rad -> 30.1%
2026-01-30 04:30:10,340 - ezgripper_left - INFO - Command received: q=1.899 rad -> 30.2%
2026-01-30 04:30:10,374 - ezgripper_left - INFO - Command received: q=1.905 rad -> 30.3%
2026-01-30 04:30:10,407 - ezgripper_left - INFO - Command received: q=1.910 rad -> 30.4%
2026-01-30 04:30:10,440 - ezgripper_left - INFO - Command received: q=1.915 rad -> 30.5%
2026-01-30 04:30:10,474 - ezgripper_left - INFO - Command received: q=1.919 rad -> 30.5%
2026-01-30 04:30:10,507 - ezgripper_left - INFO - Command received: q=1.923 rad -> 30.6%
2026-01-30 04:30:10,540 - ezgripper_left - INFO - Command received: q=1.927 rad -> 30.7%
2026-01-30 04:30:10,574 - ezgripper_left - INFO - Command received: q=1.930 rad -> 30.7%
2026-01-30 04:30:10,607 - ezgripper_left - INFO - Command received: q=1.933 rad -> 30.8%
2026-01-30 04:30:10,643 - ezgripper_left - INFO - Command received: q=1.935 rad -> 30.8%
2026-01-30 04:30:10,676 - ezgripper_left - INFO - Command received: q=1.937 rad -> 30.8%
2026-01-30 04:30:10,710 - ezgripper_left - INFO - Command received: q=1.938 rad -> 30.8%
2026-01-30 04:30:10,743 - ezgripper_left - INFO - Command received: q=1.939 rad -> 30.9%
2026-01-30 04:30:10,776 - ezgripper_left - INFO - Command received: q=1.940 rad -> 30.9%
2026-01-30 04:30:10,810 - ezgripper_left - INFO - Command received: q=1.940 rad -> 30.9%
2026-01-30 04:30:10,843 - ezgripper_left - INFO - Command received: q=1.940 rad -> 30.9%
2026-01-30 04:30:10,876 - ezgripper_left - INFO - Command received: q=1.939 rad -> 30.9%
2026-01-30 04:30:10,909 - ezgripper_left - INFO - Command received: q=1.938 rad -> 30.8%
2026-01-30 04:30:10,943 - ezgripper_left - INFO - Command received: q=1.936 rad -> 30.8%
2026-01-30 04:30:10,979 - ezgripper_left - INFO - Command received: q=1.934 rad -> 30.8%
2026-01-30 04:30:11,012 - ezgripper_left - INFO - Command received: q=1.932 rad -> 30.7%
2026-01-30 04:30:11,046 - ezgripper_left - INFO - Command received: q=1.929 rad -> 30.7%
2026-01-30 04:30:11,079 - ezgripper_left - INFO - Command received: q=1.926 rad -> 30.6%
2026-01-30 04:30:11,112 - ezgripper_left - INFO - Command received: q=1.922 rad -> 30.6%
2026-01-30 04:30:11,146 - ezgripper_left - INFO - Command received: q=1.918 rad -> 30.5%
2026-01-30 04:30:11,179 - ezgripper_left - INFO - Command received: q=1.913 rad -> 30.5%
2026-01-30 04:30:11,212 - ezgripper_left - INFO - Command received: q=1.908 rad -> 30.4%
2026-01-30 04:30:11,246 - ezgripper_left - INFO - Command received: q=1.903 rad -> 30.3%
2026-01-30 04:30:11,279 - ezgripper_left - INFO - Command received: q=1.897 rad -> 30.2%
2026-01-30 04:30:11,315 - ezgripper_left - INFO - Command received: q=1.891 rad -> 30.1%
2026-01-30 04:30:11,348 - ezgripper_left - INFO - Command received: q=1.885 rad -> 30.0%
2026-01-30 04:30:11,382 - ezgripper_left - INFO - Command received: q=1.878 rad -> 29.9%
2026-01-30 04:30:11,415 - ezgripper_left - INFO - Command received: q=1.870 rad -> 29.8%
2026-01-30 04:30:11,448 - ezgripper_left - INFO - Command received: q=1.862 rad -> 29.6%
2026-01-30 04:30:11,482 - ezgripper_left - INFO - Command received: q=1.854 rad -> 29.5%
2026-01-30 04:30:11,515 - ezgripper_left - INFO - Command received: q=1.846 rad -> 29.4%
2026-01-30 04:30:11,548 - ezgripper_left - INFO - Command received: q=1.837 rad -> 29.2%
2026-01-30 04:30:11,582 - ezgripper_left - INFO - Command received: q=1.827 rad -> 29.1%
2026-01-30 04:30:11,615 - ezgripper_left - INFO - Command received: q=1.818 rad -> 28.9%
2026-01-30 04:30:11,635 - ezgripper_left - INFO - Executing: POSITION 28.9% (q=1.818, tau=0.000)
2026-01-30 04:30:11,651 - ezgripper_left - INFO - Command received: q=1.808 rad -> 28.8%
2026-01-30 04:30:11,684 - ezgripper_left - INFO - Command received: q=1.797 rad -> 28.6%
2026-01-30 04:30:11,718 - ezgripper_left - INFO - Command received: q=1.786 rad -> 28.4%
2026-01-30 04:30:11,751 - ezgripper_left - INFO - Command received: q=1.775 rad -> 28.3%
2026-01-30 04:30:11,784 - ezgripper_left - INFO - Command received: q=1.763 rad -> 28.1%
2026-01-30 04:30:11,818 - ezgripper_left - INFO - Command received: q=1.752 rad -> 27.9%
2026-01-30 04:30:11,851 - ezgripper_left - INFO - Command received: q=1.739 rad -> 27.7%
2026-01-30 04:30:11,884 - ezgripper_left - INFO - Command received: q=1.727 rad -> 27.5%
2026-01-30 04:30:11,918 - ezgripper_left - INFO - Command received: q=1.714 rad -> 27.3%
2026-01-30 04:30:11,951 - ezgripper_left - INFO - Command received: q=1.701 rad -> 27.1%
2026-01-30 04:30:11,987 - ezgripper_left - INFO - Command received: q=1.687 rad -> 26.9%
2026-01-30 04:30:12,020 - ezgripper_left - INFO - Command received: q=1.673 rad -> 26.6%
2026-01-30 04:30:12,054 - ezgripper_left - INFO - Command received: q=1.659 rad -> 26.4%
2026-01-30 04:30:12,087 - ezgripper_left - INFO - Command received: q=1.645 rad -> 26.2%
2026-01-30 04:30:12,120 - ezgripper_left - INFO - Command received: q=1.630 rad -> 25.9%
2026-01-30 04:30:12,154 - ezgripper_left - INFO - Command received: q=1.615 rad -> 25.7%
2026-01-30 04:30:12,187 - ezgripper_left - INFO - Command received: q=1.599 rad -> 25.5%
2026-01-30 04:30:12,220 - ezgripper_left - INFO - Command received: q=1.584 rad -> 25.2%
2026-01-30 04:30:12,254 - ezgripper_left - INFO - Command received: q=1.568 rad -> 25.0%
2026-01-30 04:30:12,287 - ezgripper_left - INFO - Command received: q=1.552 rad -> 24.7%
2026-01-30 04:30:12,323 - ezgripper_left - INFO - Command received: q=1.535 rad -> 24.4%
2026-01-30 04:30:12,356 - ezgripper_left - INFO - Command received: q=1.519 rad -> 24.2%
2026-01-30 04:30:12,390 - ezgripper_left - INFO - Command received: q=1.502 rad -> 23.9%
2026-01-30 04:30:12,423 - ezgripper_left - INFO - Command received: q=1.485 rad -> 23.6%
2026-01-30 04:30:12,456 - ezgripper_left - INFO - Command received: q=1.467 rad -> 23.4%
2026-01-30 04:30:12,490 - ezgripper_left - INFO - Command received: q=1.450 rad -> 23.1%
2026-01-30 04:30:12,523 - ezgripper_left - INFO - Command received: q=1.432 rad -> 22.8%
2026-01-30 04:30:12,556 - ezgripper_left - INFO - Command received: q=1.414 rad -> 22.5%
2026-01-30 04:30:12,590 - ezgripper_left - INFO - Command received: q=1.396 rad -> 22.2%
2026-01-30 04:30:12,623 - ezgripper_left - INFO - Command received: q=1.377 rad -> 21.9%
2026-01-30 04:30:12,659 - ezgripper_left - INFO - Command received: q=1.359 rad -> 21.6%
2026-01-30 04:30:12,692 - ezgripper_left - INFO - Command received: q=1.340 rad -> 21.3%
2026-01-30 04:30:12,726 - ezgripper_left - INFO - Command received: q=1.321 rad -> 21.0%
2026-01-30 04:30:12,759 - ezgripper_left - INFO - Command received: q=1.302 rad -> 20.7%
2026-01-30 04:30:12,792 - ezgripper_left - INFO - Command received: q=1.283 rad -> 20.4%
2026-01-30 04:30:12,826 - ezgripper_left - INFO - Command received: q=1.263 rad -> 20.1%
2026-01-30 04:30:12,859 - ezgripper_left - INFO - Command received: q=1.244 rad -> 19.8%
2026-01-30 04:30:12,892 - ezgripper_left - INFO - Command received: q=1.224 rad -> 19.5%
2026-01-30 04:30:12,926 - ezgripper_left - INFO - Command received: q=1.205 rad -> 19.2%
2026-01-30 04:30:12,959 - ezgripper_left - INFO - Command received: q=1.185 rad -> 18.9%
2026-01-30 04:30:12,995 - ezgripper_left - INFO - Command received: q=1.165 rad -> 18.5%
2026-01-30 04:30:13,028 - ezgripper_left - INFO - Command received: q=1.145 rad -> 18.2%
2026-01-30 04:30:13,035 - ezgripper_left - INFO - 📊 Monitor: State=194.1Hz | Cmd=18.5% | Pred=18.5% | Actual=26.0% | Err=0.0% | Track=7.5%
2026-01-30 04:30:13,062 - ezgripper_left - INFO - Command received: q=1.125 rad -> 17.9%
2026-01-30 04:30:13,095 - ezgripper_left - INFO - Command received: q=1.105 rad -> 17.6%
2026-01-30 04:30:13,128 - ezgripper_left - INFO - Command received: q=1.084 rad -> 17.3%
2026-01-30 04:30:13,162 - ezgripper_left - INFO - Command received: q=1.064 rad -> 16.9%
2026-01-30 04:30:13,195 - ezgripper_left - INFO - Command received: q=1.044 rad -> 16.6%
2026-01-30 04:30:13,228 - ezgripper_left - INFO - Command received: q=1.024 rad -> 16.3%
2026-01-30 04:30:13,262 - ezgripper_left - INFO - Command received: q=1.003 rad -> 16.0%
2026-01-30 04:30:13,295 - ezgripper_left - INFO - Command received: q=0.983 rad -> 15.6%
2026-01-30 04:30:13,315 - ezgripper_left - INFO - Executing: POSITION 15.6% (q=0.983, tau=0.000)
2026-01-30 04:30:13,331 - ezgripper_left - INFO - Command received: q=0.942 rad -> 15.0%
2026-01-30 04:30:13,364 - ezgripper_left - INFO - Command received: q=0.922 rad -> 14.7%
2026-01-30 04:30:13,398 - ezgripper_left - INFO - Command received: q=0.901 rad -> 14.3%
2026-01-30 04:30:13,431 - ezgripper_left - INFO - Command received: q=0.881 rad -> 14.0%
2026-01-30 04:30:13,464 - ezgripper_left - INFO - Command received: q=0.861 rad -> 13.7%
2026-01-30 04:30:13,498 - ezgripper_left - INFO - Command received: q=0.841 rad -> 13.4%
2026-01-30 04:30:13,531 - ezgripper_left - INFO - Command received: q=0.821 rad -> 13.1%
2026-01-30 04:30:13,564 - ezgripper_left - INFO - Command received: q=0.800 rad -> 12.7%
2026-01-30 04:30:13,598 - ezgripper_left - INFO - Command received: q=0.780 rad -> 12.4%
2026-01-30 04:30:13,631 - ezgripper_left - INFO - Command received: q=0.761 rad -> 12.1%
2026-01-30 04:30:13,667 - ezgripper_left - INFO - Command received: q=0.741 rad -> 11.8%
2026-01-30 04:30:13,700 - ezgripper_left - INFO - Command received: q=0.721 rad -> 11.5%
2026-01-30 04:30:13,734 - ezgripper_left - INFO - Command received: q=0.701 rad -> 11.2%
2026-01-30 04:30:13,767 - ezgripper_left - INFO - Command received: q=0.682 rad -> 10.9%
2026-01-30 04:30:13,800 - ezgripper_left - INFO - Command received: q=0.662 rad -> 10.5%
2026-01-30 04:30:13,834 - ezgripper_left - INFO - Command received: q=0.643 rad -> 10.2%
2026-01-30 04:30:13,867 - ezgripper_left - INFO - Command received: q=0.624 rad -> 9.9%
2026-01-30 04:30:13,900 - ezgripper_left - INFO - Command received: q=0.605 rad -> 9.6%
2026-01-30 04:30:13,934 - ezgripper_left - INFO - Command received: q=0.586 rad -> 9.3%
2026-01-30 04:30:13,967 - ezgripper_left - INFO - Command received: q=0.568 rad -> 9.0%
2026-01-30 04:30:14,003 - ezgripper_left - INFO - Command received: q=0.549 rad -> 8.7%
2026-01-30 04:30:14,036 - ezgripper_left - INFO - Command received: q=0.531 rad -> 8.5%
2026-01-30 04:30:14,070 - ezgripper_left - INFO - Command received: q=0.513 rad -> 8.2%
2026-01-30 04:30:14,103 - ezgripper_left - INFO - Command received: q=0.495 rad -> 7.9%
2026-01-30 04:30:14,136 - ezgripper_left - INFO - Command received: q=0.477 rad -> 7.6%
2026-01-30 04:30:14,170 - ezgripper_left - INFO - Command received: q=0.460 rad -> 7.3%
2026-01-30 04:30:14,203 - ezgripper_left - INFO - Command received: q=0.443 rad -> 7.0%
2026-01-30 04:30:14,236 - ezgripper_left - INFO - Command received: q=0.426 rad -> 6.8%
2026-01-30 04:30:14,270 - ezgripper_left - INFO - Command received: q=0.409 rad -> 6.5%
2026-01-30 04:30:14,303 - ezgripper_left - INFO - Command received: q=0.392 rad -> 6.2%
2026-01-30 04:30:14,339 - ezgripper_left - INFO - Command received: q=0.376 rad -> 6.0%
2026-01-30 04:30:14,372 - ezgripper_left - INFO - Command received: q=0.360 rad -> 5.7%
2026-01-30 04:30:14,406 - ezgripper_left - INFO - Command received: q=0.344 rad -> 5.5%
2026-01-30 04:30:14,439 - ezgripper_left - INFO - Command received: q=0.329 rad -> 5.2%
2026-01-30 04:30:14,472 - ezgripper_left - INFO - Command received: q=0.314 rad -> 5.0%
2026-01-30 04:30:14,506 - ezgripper_left - INFO - Command received: q=0.299 rad -> 4.8%
2026-01-30 04:30:14,539 - ezgripper_left - INFO - Command received: q=0.284 rad -> 4.5%
2026-01-30 04:30:14,572 - ezgripper_left - INFO - Command received: q=0.270 rad -> 4.3%
2026-01-30 04:30:14,606 - ezgripper_left - INFO - Command received: q=0.256 rad -> 4.1%
2026-01-30 04:30:14,639 - ezgripper_left - INFO - Command received: q=0.242 rad -> 3.9%
2026-01-30 04:30:14,675 - ezgripper_left - INFO - Command received: q=0.229 rad -> 3.6%
2026-01-30 04:30:14,708 - ezgripper_left - INFO - Command received: q=0.216 rad -> 3.4%
2026-01-30 04:30:14,742 - ezgripper_left - INFO - Command received: q=0.203 rad -> 3.2%
2026-01-30 04:30:14,775 - ezgripper_left - INFO - Command received: q=0.191 rad -> 3.0%
2026-01-30 04:30:14,808 - ezgripper_left - INFO - Command received: q=0.179 rad -> 2.9%
2026-01-30 04:30:14,842 - ezgripper_left - INFO - Command received: q=0.168 rad -> 2.7%
2026-01-30 04:30:14,875 - ezgripper_left - INFO - Command received: q=0.156 rad -> 2.5%
2026-01-30 04:30:14,908 - ezgripper_left - INFO - Command received: q=0.145 rad -> 2.3%
2026-01-30 04:30:14,942 - ezgripper_left - INFO - Command received: q=0.135 rad -> 2.1%
2026-01-30 04:30:14,975 - ezgripper_left - INFO - Command received: q=0.125 rad -> 2.0%
2026-01-30 04:30:14,995 - ezgripper_left - INFO - Executing: POSITION 2.0% (q=0.125, tau=0.000)
2026-01-30 04:30:15,011 - ezgripper_left - INFO - Command received: q=0.115 rad -> 1.8%
2026-01-30 04:30:15,044 - ezgripper_left - INFO - Command received: q=0.105 rad -> 1.7%
2026-01-30 04:30:15,078 - ezgripper_left - INFO - Command received: q=0.096 rad -> 0.0%
2026-01-30 04:30:15,111 - ezgripper_left - INFO - Command received: q=0.088 rad -> 0.0%
2026-01-30 04:30:15,144 - ezgripper_left - INFO - Command received: q=0.079 rad -> 0.0%
2026-01-30 04:30:15,178 - ezgripper_left - INFO - Command received: q=0.072 rad -> 0.0%
2026-01-30 04:30:15,211 - ezgripper_left - INFO - Command received: q=0.064 rad -> 0.0%
2026-01-30 04:30:15,244 - ezgripper_left - INFO - Command received: q=0.057 rad -> 0.0%
2026-01-30 04:30:15,278 - ezgripper_left - INFO - Command received: q=0.050 rad -> 0.0%
2026-01-30 04:30:15,311 - ezgripper_left - INFO - Command received: q=0.044 rad -> 0.0%
2026-01-30 04:30:15,347 - ezgripper_left - INFO - Command received: q=0.038 rad -> 0.0%
2026-01-30 04:30:15,381 - ezgripper_left - INFO - Command received: q=0.033 rad -> 0.0%
2026-01-30 04:30:15,414 - ezgripper_left - INFO - Command received: q=0.028 rad -> 0.0%
2026-01-30 04:30:15,447 - ezgripper_left - INFO - Command received: q=0.023 rad -> 0.0%
2026-01-30 04:30:15,481 - ezgripper_left - INFO - Command received: q=0.019 rad -> 0.0%
2026-01-30 04:30:15,514 - ezgripper_left - INFO - Command received: q=0.015 rad -> 0.0%
2026-01-30 04:30:15,547 - ezgripper_left - INFO - Command received: q=0.012 rad -> 0.0%
2026-01-30 04:30:15,580 - ezgripper_left - INFO - Command received: q=0.009 rad -> 0.0%
2026-01-30 04:30:15,614 - ezgripper_left - INFO - Command received: q=0.006 rad -> 0.0%
2026-01-30 04:30:15,647 - ezgripper_left - INFO - Command received: q=0.004 rad -> 0.0%
2026-01-30 04:30:15,683 - ezgripper_left - INFO - Command received: q=0.002 rad -> 0.0%
2026-01-30 04:30:15,717 - ezgripper_left - INFO - Command received: q=0.001 rad -> 0.0%
2026-01-30 04:30:15,750 - ezgripper_left - INFO - Command received: q=0.000 rad -> 0.0%
2026-01-30 04:30:15,783 - ezgripper_left - INFO - Command received: q=0.000 rad -> 0.0%
2026-01-30 04:30:15,817 - ezgripper_left - INFO - Command received: q=0.000 rad -> 0.0%
2026-01-30 04:30:15,850 - ezgripper_left - INFO - Command received: q=0.001 rad -> 0.0%
2026-01-30 04:30:15,883 - ezgripper_left - INFO - Command received: q=0.001 rad -> 0.0%
2026-01-30 04:30:15,917 - ezgripper_left - INFO - Command received: q=0.003 rad -> 0.0%
2026-01-30 04:30:15,950 - ezgripper_left - INFO - Command received: q=0.005 rad -> 0.0%
2026-01-30 04:30:15,983 - ezgripper_left - INFO - Command received: q=0.007 rad -> 0.0%
2026-01-30 04:30:16,019 - ezgripper_left - INFO - Command received: q=0.009 rad -> 0.0%
2026-01-30 04:30:16,052 - ezgripper_left - INFO - Command received: q=0.012 rad -> 0.0%
2026-01-30 04:30:16,086 - ezgripper_left - INFO - Command received: q=0.016 rad -> 0.0%
2026-01-30 04:30:16,119 - ezgripper_left - INFO - Command received: q=0.020 rad -> 0.0%
2026-01-30 04:30:16,153 - ezgripper_left - INFO - Command received: q=0.024 rad -> 0.0%
2026-01-30 04:30:16,186 - ezgripper_left - INFO - Command received: q=0.029 rad -> 0.0%
2026-01-30 04:30:16,219 - ezgripper_left - INFO - Command received: q=0.034 rad -> 0.0%
2026-01-30 04:30:16,253 - ezgripper_left - INFO - Command received: q=0.040 rad -> 0.0%
2026-01-30 04:30:16,286 - ezgripper_left - INFO - Command received: q=0.045 rad -> 0.0%
2026-01-30 04:30:16,319 - ezgripper_left - INFO - Command received: q=0.052 rad -> 0.0%
2026-01-30 04:30:16,355 - ezgripper_left - INFO - Command received: q=0.059 rad -> 0.0%
2026-01-30 04:30:16,389 - ezgripper_left - INFO - Command received: q=0.066 rad -> 0.0%
2026-01-30 04:30:16,422 - ezgripper_left - INFO - Command received: q=0.073 rad -> 0.0%
2026-01-30 04:30:16,455 - ezgripper_left - INFO - Command received: q=0.081 rad -> 0.0%
2026-01-30 04:30:16,489 - ezgripper_left - INFO - Command received: q=0.090 rad -> 0.0%
2026-01-30 04:30:16,522 - ezgripper_left - INFO - Command received: q=0.098 rad -> 0.0%
2026-01-30 04:30:16,555 - ezgripper_left - INFO - Command received: q=0.108 rad -> 1.7%
2026-01-30 04:30:16,589 - ezgripper_left - INFO - Command received: q=0.117 rad -> 1.9%
2026-01-30 04:30:16,622 - ezgripper_left - INFO - Command received: q=0.127 rad -> 2.0%
2026-01-30 04:30:16,655 - ezgripper_left - INFO - Command received: q=0.137 rad -> 2.2%
2026-01-30 04:30:16,675 - ezgripper_left - INFO - Executing: POSITION 2.2% (q=0.137, tau=0.000)
2026-01-30 04:30:16,691 - ezgripper_left - INFO - Command received: q=0.148 rad -> 2.4%
2026-01-30 04:30:16,725 - ezgripper_left - INFO - Command received: q=0.159 rad -> 2.5%
2026-01-30 04:30:16,758 - ezgripper_left - INFO - Command received: q=0.170 rad -> 2.7%
2026-01-30 04:30:16,791 - ezgripper_left - INFO - Command received: q=0.182 rad -> 2.9%
2026-01-30 04:30:16,825 - ezgripper_left - INFO - Command received: q=0.194 rad -> 3.1%
2026-01-30 04:30:16,858 - ezgripper_left - INFO - Command received: q=0.206 rad -> 3.3%
2026-01-30 04:30:16,891 - ezgripper_left - INFO - Command received: q=0.219 rad -> 3.5%
2026-01-30 04:30:16,925 - ezgripper_left - INFO - Command received: q=0.232 rad -> 3.7%
2026-01-30 04:30:16,958 - ezgripper_left - INFO - Command received: q=0.246 rad -> 3.9%
2026-01-30 04:30:16,991 - ezgripper_left - INFO - Command received: q=0.259 rad -> 4.1%
2026-01-30 04:30:17,027 - ezgripper_left - INFO - Command received: q=0.273 rad -> 4.4%
2026-01-30 04:30:17,060 - ezgripper_left - INFO - Command received: q=0.288 rad -> 4.6%
2026-01-30 04:30:17,094 - ezgripper_left - INFO - Command received: q=0.302 rad -> 4.8%
2026-01-30 04:30:17,127 - ezgripper_left - INFO - Command received: q=0.317 rad -> 5.0%
2026-01-30 04:30:17,161 - ezgripper_left - INFO - Command received: q=0.332 rad -> 5.3%
2026-01-30 04:30:17,194 - ezgripper_left - INFO - Command received: q=0.348 rad -> 5.5%
2026-01-30 04:30:17,227 - ezgripper_left - INFO - Command received: q=0.364 rad -> 5.8%
2026-01-30 04:30:17,261 - ezgripper_left - INFO - Command received: q=0.380 rad -> 6.0%
2026-01-30 04:30:17,294 - ezgripper_left - INFO - Command received: q=0.396 rad -> 6.3%
2026-01-30 04:30:17,327 - ezgripper_left - INFO - Command received: q=0.413 rad -> 6.6%
2026-01-30 04:30:17,363 - ezgripper_left - INFO - Command received: q=0.429 rad -> 6.8%
2026-01-30 04:30:17,397 - ezgripper_left - INFO - Command received: q=0.447 rad -> 7.1%
2026-01-30 04:30:17,430 - ezgripper_left - INFO - Command received: q=0.464 rad -> 7.4%
2026-01-30 04:30:17,463 - ezgripper_left - INFO - Command received: q=0.481 rad -> 7.7%
2026-01-30 04:30:17,497 - ezgripper_left - INFO - Command received: q=0.499 rad -> 7.9%
2026-01-30 04:30:17,530 - ezgripper_left - INFO - Command received: q=0.517 rad -> 8.2%
2026-01-30 04:30:17,563 - ezgripper_left - INFO - Command received: q=0.535 rad -> 8.5%
2026-01-30 04:30:17,597 - ezgripper_left - INFO - Command received: q=0.554 rad -> 8.8%
2026-01-30 04:30:17,630 - ezgripper_left - INFO - Command received: q=0.572 rad -> 9.1%
2026-01-30 04:30:17,663 - ezgripper_left - INFO - Command received: q=0.591 rad -> 9.4%
2026-01-30 04:30:17,699 - ezgripper_left - INFO - Command received: q=0.610 rad -> 9.7%
2026-01-30 04:30:17,733 - ezgripper_left - INFO - Command received: q=0.629 rad -> 10.0%
2026-01-30 04:30:17,766 - ezgripper_left - INFO - Command received: q=0.648 rad -> 10.3%
2026-01-30 04:30:17,799 - ezgripper_left - INFO - Command received: q=0.667 rad -> 10.6%
2026-01-30 04:30:17,833 - ezgripper_left - INFO - Command received: q=0.687 rad -> 10.9%
2026-01-30 04:30:17,866 - ezgripper_left - INFO - Command received: q=0.706 rad -> 11.2%
2026-01-30 04:30:17,899 - ezgripper_left - INFO - Command received: q=0.726 rad -> 11.6%
2026-01-30 04:30:17,933 - ezgripper_left - INFO - Command received: q=0.746 rad -> 11.9%
2026-01-30 04:30:17,966 - ezgripper_left - INFO - Command received: q=0.765 rad -> 12.2%
2026-01-30 04:30:17,999 - ezgripper_left - INFO - Command received: q=0.785 rad -> 12.5%
2026-01-30 04:30:18,035 - ezgripper_left - INFO - 📊 Monitor: State=193.4Hz | Cmd=12.5% | Pred=12.5% | Actual=10.0% | Err=0.0% | Track=2.5%
2026-01-30 04:30:18,035 - ezgripper_left - INFO - Command received: q=0.805 rad -> 12.8%
2026-01-30 04:30:18,069 - ezgripper_left - INFO - Command received: q=0.825 rad -> 13.1%
2026-01-30 04:30:18,102 - ezgripper_left - INFO - Command received: q=0.846 rad -> 13.5%
2026-01-30 04:30:18,135 - ezgripper_left - INFO - Command received: q=0.866 rad -> 13.8%
2026-01-30 04:30:18,169 - ezgripper_left - INFO - Command received: q=0.886 rad -> 14.1%
2026-01-30 04:30:18,202 - ezgripper_left - INFO - Command received: q=0.906 rad -> 14.4%
2026-01-30 04:30:18,236 - ezgripper_left - INFO - Command received: q=0.927 rad -> 14.7%
2026-01-30 04:30:18,269 - ezgripper_left - INFO - Command received: q=0.947 rad -> 15.1%
2026-01-30 04:30:18,302 - ezgripper_left - INFO - Command received: q=0.967 rad -> 15.4%
2026-01-30 04:30:18,335 - ezgripper_left - INFO - Command received: q=1.508 rad -> 24.0%
2026-01-30 04:30:18,355 - ezgripper_left - INFO - Executing: POSITION 24.0% (q=1.508, tau=0.000)
2026-01-30 04:30:18,371 - ezgripper_left - INFO - Command received: q=1.508 rad -> 24.0%
2026-01-30 04:30:18,405 - ezgripper_left - INFO - Command received: q=1.508 rad -> 24.0%
2026-01-30 04:30:18,438 - ezgripper_left - INFO - Command received: q=1.508 rad -> 24.0%
2026-01-30 04:30:18,471 - ezgripper_left - INFO - Command received: q=1.508 rad -> 24.0%
2026-01-30 04:30:18,505 - ezgripper_left - INFO - Command received: q=1.508 rad -> 24.0%
2026-01-30 04:30:18,538 - ezgripper_left - INFO - Command received: q=1.508 rad -> 24.0%
2026-01-30 04:30:18,571 - ezgripper_left - INFO - Command received: q=1.508 rad -> 24.0%
2026-01-30 04:30:18,605 - ezgripper_left - INFO - Command received: q=1.508 rad -> 24.0%
2026-01-30 04:30:18,638 - ezgripper_left - INFO - Command received: q=1.508 rad -> 24.0%
2026-01-30 04:30:18,671 - ezgripper_left - INFO - Command received: q=1.508 rad -> 24.0%
2026-01-30 04:30:18,707 - ezgripper_left - INFO - Command received: q=1.508 rad -> 24.0%
2026-01-30 04:30:18,741 - ezgripper_left - INFO - Command received: q=1.508 rad -> 24.0%
2026-01-30 04:30:18,774 - ezgripper_left - INFO - Command received: q=1.508 rad -> 24.0%
2026-01-30 04:30:18,807 - ezgripper_left - INFO - Command received: q=1.508 rad -> 24.0%
2026-01-30 04:30:18,841 - ezgripper_left - INFO - Command received: q=1.508 rad -> 24.0%
2026-01-30 04:30:18,874 - ezgripper_left - INFO - Command received: q=1.508 rad -> 24.0%
2026-01-30 04:30:18,907 - ezgripper_left - INFO - Command received: q=1.508 rad -> 24.0%
2026-01-30 04:30:18,941 - ezgripper_left - INFO - Command received: q=1.508 rad -> 24.0%
2026-01-30 04:30:18,974 - ezgripper_left - INFO - Command received: q=1.508 rad -> 24.0%
2026-01-30 04:30:19,007 - ezgripper_left - INFO - Command received: q=1.508 rad -> 24.0%
2026-01-30 04:30:19,043 - ezgripper_left - INFO - Command received: q=1.508 rad -> 24.0%
2026-01-30 04:30:19,077 - ezgripper_left - INFO - Command received: q=1.508 rad -> 24.0%
2026-01-30 04:30:19,110 - ezgripper_left - INFO - Command received: q=1.508 rad -> 24.0%
2026-01-30 04:30:19,143 - ezgripper_left - INFO - Command received: q=1.508 rad -> 24.0%
2026-01-30 04:30:19,177 - ezgripper_left - INFO - Command received: q=1.508 rad -> 24.0%
2026-01-30 04:30:19,210 - ezgripper_left - INFO - Command received: q=1.508 rad -> 24.0%
2026-01-30 04:30:19,243 - ezgripper_left - INFO - Command received: q=1.508 rad -> 24.0%
2026-01-30 04:30:19,277 - ezgripper_left - INFO - Command received: q=1.508 rad -> 24.0%
2026-01-30 04:30:19,310 - ezgripper_left - INFO - Command received: q=1.508 rad -> 24.0%
2026-01-30 04:30:19,343 - ezgripper_left - INFO - Command received: q=1.546 rad -> 24.6%
2026-01-30 04:30:19,379 - ezgripper_left - INFO - Command received: q=1.546 rad -> 24.6%
2026-01-30 04:30:19,413 - ezgripper_left - INFO - Command received: q=1.546 rad -> 24.6%
2026-01-30 04:30:19,446 - ezgripper_left - INFO - Command received: q=1.546 rad -> 24.6%
2026-01-30 04:30:19,479 - ezgripper_left - INFO - Command received: q=1.546 rad -> 24.6%
2026-01-30 04:30:19,513 - ezgripper_left - INFO - Command received: q=1.546 rad -> 24.6%
2026-01-30 04:30:19,546 - ezgripper_left - INFO - Command received: q=1.546 rad -> 24.6%
2026-01-30 04:30:19,579 - ezgripper_left - INFO - Command received: q=1.546 rad -> 24.6%
2026-01-30 04:30:19,613 - ezgripper_left - INFO - Command received: q=1.546 rad -> 24.6%
2026-01-30 04:30:19,646 - ezgripper_left - INFO - Command received: q=1.546 rad -> 24.6%
2026-01-30 04:30:19,679 - ezgripper_left - INFO - Command received: q=1.546 rad -> 24.6%
2026-01-30 04:30:19,715 - ezgripper_left - INFO - Command received: q=1.546 rad -> 24.6%
2026-01-30 04:30:19,749 - ezgripper_left - INFO - Command received: q=1.546 rad -> 24.6%
2026-01-30 04:30:19,782 - ezgripper_left - INFO - Command received: q=1.546 rad -> 24.6%
2026-01-30 04:30:19,815 - ezgripper_left - INFO - Command received: q=1.546 rad -> 24.6%
2026-01-30 04:30:19,849 - ezgripper_left - INFO - Command received: q=1.546 rad -> 24.6%
2026-01-30 04:30:19,882 - ezgripper_left - INFO - Command received: q=1.546 rad -> 24.6%
2026-01-30 04:30:19,915 - ezgripper_left - INFO - Command received: q=1.546 rad -> 24.6%
2026-01-30 04:30:19,949 - ezgripper_left - INFO - Command received: q=1.546 rad -> 24.6%
2026-01-30 04:30:19,982 - ezgripper_left - INFO - Command received: q=1.546 rad -> 24.6%
2026-01-30 04:30:20,015 - ezgripper_left - INFO - Command received: q=1.546 rad -> 24.6%
2026-01-30 04:30:20,035 - ezgripper_left - INFO - Executing: POSITION 24.6% (q=1.546, tau=0.000)
2026-01-30 04:30:20,051 - ezgripper_left - INFO - Command received: q=1.546 rad -> 24.6%
2026-01-30 04:30:20,085 - ezgripper_left - INFO - Command received: q=1.546 rad -> 24.6%
2026-01-30 04:30:20,118 - ezgripper_left - INFO - Command received: q=1.546 rad -> 24.6%
2026-01-30 04:30:20,152 - ezgripper_left - INFO - Command received: q=1.546 rad -> 24.6%
2026-01-30 04:30:20,185 - ezgripper_left - INFO - Command received: q=1.546 rad -> 24.6%
2026-01-30 04:30:20,218 - ezgripper_left - INFO - Command received: q=1.546 rad -> 24.6%
2026-01-30 04:30:20,252 - ezgripper_left - INFO - Command received: q=1.546 rad -> 24.6%
2026-01-30 04:30:20,285 - ezgripper_left - INFO - Command received: q=1.011 rad -> 16.1%
2026-01-30 04:30:20,318 - ezgripper_left - INFO - Command received: q=1.011 rad -> 16.1%
2026-01-30 04:30:20,352 - ezgripper_left - INFO - Command received: q=1.011 rad -> 16.1%
2026-01-30 04:30:20,387 - ezgripper_left - INFO - Command received: q=1.011 rad -> 16.1%
2026-01-30 04:30:20,421 - ezgripper_left - INFO - Command received: q=1.011 rad -> 16.1%
2026-01-30 04:30:20,454 - ezgripper_left - INFO - Command received: q=1.011 rad -> 16.1%
2026-01-30 04:30:20,488 - ezgripper_left - INFO - Command received: q=1.011 rad -> 16.1%
2026-01-30 04:30:20,521 - ezgripper_left - INFO - Command received: q=1.011 rad -> 16.1%
2026-01-30 04:30:20,554 - ezgripper_left - INFO - Command received: q=1.011 rad -> 16.1%
2026-01-30 04:30:20,588 - ezgripper_left - INFO - Command received: q=1.011 rad -> 16.1%
2026-01-30 04:30:20,621 - ezgripper_left - INFO - Command received: q=1.011 rad -> 16.1%
2026-01-30 04:30:20,654 - ezgripper_left - INFO - Command received: q=1.011 rad -> 16.1%
2026-01-30 04:30:20,688 - ezgripper_left - INFO - Command received: q=1.011 rad -> 16.1%
2026-01-30 04:30:20,723 - ezgripper_left - INFO - Command received: q=1.011 rad -> 16.1%
2026-01-30 04:30:20,757 - ezgripper_left - INFO - Command received: q=1.011 rad -> 16.1%
2026-01-30 04:30:20,790 - ezgripper_left - INFO - Command received: q=1.011 rad -> 16.1%
2026-01-30 04:30:20,823 - ezgripper_left - INFO - Command received: q=1.011 rad -> 16.1%
2026-01-30 04:30:20,857 - ezgripper_left - INFO - Command received: q=1.011 rad -> 16.1%
2026-01-30 04:30:20,890 - ezgripper_left - INFO - Command received: q=1.011 rad -> 16.1%
2026-01-30 04:30:20,924 - ezgripper_left - INFO - Command received: q=1.011 rad -> 16.1%
2026-01-30 04:30:20,957 - ezgripper_left - INFO - Command received: q=1.011 rad -> 16.1%
2026-01-30 04:30:20,990 - ezgripper_left - INFO - Command received: q=1.011 rad -> 16.1%
2026-01-30 04:30:21,024 - ezgripper_left - INFO - Command received: q=1.011 rad -> 16.1%
2026-01-30 04:30:21,059 - ezgripper_left - INFO - Command received: q=1.011 rad -> 16.1%
2026-01-30 04:30:21,093 - ezgripper_left - INFO - Command received: q=1.011 rad -> 16.1%
2026-01-30 04:30:21,126 - ezgripper_left - INFO - Command received: q=1.011 rad -> 16.1%
2026-01-30 04:30:21,159 - ezgripper_left - INFO - Command received: q=1.011 rad -> 16.1%
2026-01-30 04:30:21,193 - ezgripper_left - INFO - Command received: q=1.011 rad -> 16.1%
2026-01-30 04:30:21,226 - ezgripper_left - INFO - Command received: q=1.011 rad -> 16.1%
2026-01-30 04:30:21,259 - ezgripper_left - INFO - Command received: q=1.011 rad -> 16.1%
2026-01-30 04:30:21,293 - ezgripper_left - INFO - Command received: q=0.965 rad -> 15.4%
2026-01-30 04:30:21,326 - ezgripper_left - INFO - Command received: q=0.965 rad -> 15.4%
2026-01-30 04:30:21,359 - ezgripper_left - INFO - Command received: q=0.965 rad -> 15.4%
2026-01-30 04:30:21,395 - ezgripper_left - INFO - Command received: q=0.965 rad -> 15.4%
2026-01-30 04:30:21,429 - ezgripper_left - INFO - Command received: q=0.965 rad -> 15.4%
2026-01-30 04:30:21,462 - ezgripper_left - INFO - Command received: q=0.965 rad -> 15.4%
2026-01-30 04:30:21,496 - ezgripper_left - INFO - Command received: q=0.965 rad -> 15.4%
2026-01-30 04:30:21,529 - ezgripper_left - INFO - Command received: q=0.965 rad -> 15.4%
2026-01-30 04:30:21,562 - ezgripper_left - INFO - Command received: q=0.965 rad -> 15.4%
2026-01-30 04:30:21,595 - ezgripper_left - INFO - Command received: q=0.965 rad -> 15.4%
2026-01-30 04:30:21,629 - ezgripper_left - INFO - Command received: q=0.965 rad -> 15.4%
2026-01-30 04:30:21,662 - ezgripper_left - INFO - Command received: q=0.965 rad -> 15.4%
2026-01-30 04:30:21,696 - ezgripper_left - INFO - Command received: q=0.965 rad -> 15.4%
2026-01-30 04:30:21,715 - ezgripper_left - INFO - Executing: POSITION 15.4% (q=0.965, tau=0.000)
2026-01-30 04:30:21,731 - ezgripper_left - INFO - Command received: q=0.965 rad -> 15.4%
2026-01-30 04:30:21,765 - ezgripper_left - INFO - Command received: q=0.965 rad -> 15.4%
2026-01-30 04:30:21,798 - ezgripper_left - INFO - Command received: q=0.965 rad -> 15.4%
2026-01-30 04:30:21,831 - ezgripper_left - INFO - Command received: q=0.965 rad -> 15.4%
2026-01-30 04:30:21,865 - ezgripper_left - INFO - Command received: q=0.965 rad -> 15.4%
2026-01-30 04:30:21,898 - ezgripper_left - INFO - Command received: q=0.965 rad -> 15.4%
2026-01-30 04:30:21,932 - ezgripper_left - INFO - Command received: q=0.965 rad -> 15.4%
2026-01-30 04:30:21,965 - ezgripper_left - INFO - Command received: q=0.965 rad -> 15.4%
2026-01-30 04:30:21,998 - ezgripper_left - INFO - Command received: q=0.965 rad -> 15.4%
2026-01-30 04:30:22,032 - ezgripper_left - INFO - Command received: q=0.965 rad -> 15.4%
2026-01-30 04:30:22,068 - ezgripper_left - INFO - Command received: q=0.965 rad -> 15.4%
2026-01-30 04:30:22,101 - ezgripper_left - INFO - Command received: q=0.965 rad -> 15.4%
2026-01-30 04:30:22,134 - ezgripper_left - INFO - Command received: q=0.965 rad -> 15.4%
2026-01-30 04:30:22,168 - ezgripper_left - INFO - Command received: q=0.965 rad -> 15.4%
2026-01-30 04:30:22,201 - ezgripper_left - INFO - Command received: q=0.965 rad -> 15.4%
2026-01-30 04:30:22,234 - ezgripper_left - INFO - Command received: q=0.965 rad -> 15.4%
2026-01-30 04:30:22,268 - ezgripper_left - INFO - Command received: q=0.965 rad -> 15.4%
2026-01-30 04:30:22,301 - ezgripper_left - INFO - Command received: q=0.817 rad -> 13.0%
2026-01-30 04:30:22,334 - ezgripper_left - INFO - Command received: q=0.817 rad -> 13.0%
2026-01-30 04:30:22,368 - ezgripper_left - INFO - Command received: q=0.817 rad -> 13.0%
2026-01-30 04:30:22,404 - ezgripper_left - INFO - Command received: q=0.817 rad -> 13.0%
2026-01-30 04:30:22,437 - ezgripper_left - INFO - Command received: q=0.817 rad -> 13.0%
2026-01-30 04:30:22,470 - ezgripper_left - INFO - Command received: q=0.817 rad -> 13.0%
2026-01-30 04:30:22,504 - ezgripper_left - INFO - Command received: q=0.817 rad -> 13.0%
2026-01-30 04:30:22,537 - ezgripper_left - INFO - Command received: q=0.817 rad -> 13.0%
2026-01-30 04:30:22,570 - ezgripper_left - INFO - Command received: q=0.817 rad -> 13.0%
2026-01-30 04:30:22,604 - ezgripper_left - INFO - Command received: q=0.817 rad -> 13.0%
2026-01-30 04:30:22,637 - ezgripper_left - INFO - Command received: q=0.817 rad -> 13.0%
2026-01-30 04:30:22,670 - ezgripper_left - INFO - Command received: q=0.817 rad -> 13.0%
2026-01-30 04:30:22,704 - ezgripper_left - INFO - Command received: q=0.817 rad -> 13.0%
2026-01-30 04:30:22,739 - ezgripper_left - INFO - Command received: q=0.817 rad -> 13.0%
2026-01-30 04:30:22,773 - ezgripper_left - INFO - Command received: q=0.817 rad -> 13.0%
2026-01-30 04:30:22,806 - ezgripper_left - INFO - Command received: q=0.817 rad -> 13.0%
2026-01-30 04:30:22,840 - ezgripper_left - INFO - Command received: q=0.817 rad -> 13.0%
2026-01-30 04:30:22,873 - ezgripper_left - INFO - Command received: q=0.817 rad -> 13.0%
2026-01-30 04:30:22,906 - ezgripper_left - INFO - Command received: q=0.817 rad -> 13.0%
