2026-01-30 04:26:30,807 - ezgripper_left - INFO - Connecting to EZGripper on /dev/ttyUSB0
2026-01-30 04:26:31,352 - ezgripper_left - INFO - Hardware connected: position 100.0%
2026-01-30 04:26:31,356 - ezgripper_left - INFO - Detected serial number: DA1Z9T40
2026-01-30 04:26:31,356 - ezgripper_left - INFO - Updated device config: left -> /dev/ttyUSB0 (serial: DA1Z9T40)
2026-01-30 04:26:31,356 - ezgripper_left - INFO - Loaded calibration offset for DA1Z9T40: 3041
2026-01-30 04:26:31,356 - ezgripper_left - INFO - Setting up DDS interfaces...
2026-01-30 04:26:31,574 - ezgripper_left - INFO - DDS ready: rt/dex1/left/cmd → rt/dex1/left/state
2026-01-30 04:26:31,574 - ezgripper_left - INFO - Running automatic calibration at startup...
2026-01-30 04:26:31,574 - ezgripper_left - INFO - Starting calibration on command...
2026-01-30 04:26:33,321 - ezgripper_left - INFO - Saved calibration offset for DA1Z9T40: 3045
2026-01-30 04:26:33,336 - ezgripper_left - ERROR - Calibration failed: 'Gripper' object has no attribute 'GRIP_MAX'
2026-01-30 04:26:33,336 - ezgripper_left - INFO - Corrected EZGripper driver ready: left side
2026-01-30 04:26:33,336 - ezgripper_left - INFO - Starting multi-threaded EZGripper driver...
2026-01-30 04:26:33,337 - ezgripper_left - INFO -   Control thread: 30 Hz (commands + actual position)
2026-01-30 04:26:33,337 - ezgripper_left - INFO -   State thread: 200 Hz (predicted position publishing)
2026-01-30 04:26:33,337 - ezgripper_left - INFO - Starting control thread at 30 Hz...
2026-01-30 04:26:33,337 - ezgripper_left - INFO - Starting state thread at 200 Hz...
2026-01-30 04:26:35,807 - ezgripper_left - INFO - 📊 Monitor: State=99.0Hz | Cmd=50.0% | Pred=50.0% | Actual=50.0% | Err=0.0% | Track=0.0%
2026-01-30 04:26:36,068 - ezgripper_left - INFO - Command received: q=0.970 rad -> 15.4%
2026-01-30 04:26:36,102 - ezgripper_left - INFO - Command received: q=0.990 rad -> 15.8%
2026-01-30 04:26:36,135 - ezgripper_left - INFO - Command received: q=1.011 rad -> 16.1%
2026-01-30 04:26:36,168 - ezgripper_left - INFO - Command received: q=1.031 rad -> 16.4%
2026-01-30 04:26:36,202 - ezgripper_left - INFO - Command received: q=1.051 rad -> 16.7%
2026-01-30 04:26:36,235 - ezgripper_left - INFO - Command received: q=1.072 rad -> 17.1%
2026-01-30 04:26:36,269 - ezgripper_left - INFO - Command received: q=1.092 rad -> 17.4%
2026-01-30 04:26:36,302 - ezgripper_left - INFO - Command received: q=1.112 rad -> 17.7%
2026-01-30 04:26:36,336 - ezgripper_left - INFO - Command received: q=1.132 rad -> 18.0%
2026-01-30 04:26:36,369 - ezgripper_left - INFO - Command received: q=1.152 rad -> 18.3%
2026-01-30 04:26:36,409 - ezgripper_left - INFO - Command received: q=1.172 rad -> 18.7%
2026-01-30 04:26:36,442 - ezgripper_left - INFO - Command received: q=1.192 rad -> 19.0%
2026-01-30 04:26:36,476 - ezgripper_left - INFO - Command received: q=1.212 rad -> 19.3%
2026-01-30 04:26:36,509 - ezgripper_left - INFO - Command received: q=1.232 rad -> 19.6%
2026-01-30 04:26:36,542 - ezgripper_left - INFO - Command received: q=1.251 rad -> 19.9%
2026-01-30 04:26:36,576 - ezgripper_left - INFO - Command received: q=1.271 rad -> 20.2%
2026-01-30 04:26:36,609 - ezgripper_left - INFO - Command received: q=1.290 rad -> 20.5%
2026-01-30 04:26:36,642 - ezgripper_left - INFO - Command received: q=1.309 rad -> 20.8%
2026-01-30 04:26:36,676 - ezgripper_left - INFO - Command received: q=1.328 rad -> 21.1%
2026-01-30 04:26:36,709 - ezgripper_left - INFO - Command received: q=1.347 rad -> 21.4%
2026-01-30 04:26:36,745 - ezgripper_left - INFO - Command received: q=1.366 rad -> 21.7%
2026-01-30 04:26:36,778 - ezgripper_left - INFO - Command received: q=1.384 rad -> 22.0%
2026-01-30 04:26:36,812 - ezgripper_left - INFO - Command received: q=1.402 rad -> 22.3%
2026-01-30 04:26:36,845 - ezgripper_left - INFO - Command received: q=1.420 rad -> 22.6%
2026-01-30 04:26:36,878 - ezgripper_left - INFO - Command received: q=1.438 rad -> 22.9%
2026-01-30 04:26:36,912 - ezgripper_left - INFO - Command received: q=1.456 rad -> 23.2%
2026-01-30 04:26:36,945 - ezgripper_left - INFO - Command received: q=1.474 rad -> 23.5%
2026-01-30 04:26:36,978 - ezgripper_left - INFO - Command received: q=1.491 rad -> 23.7%
2026-01-30 04:26:37,012 - ezgripper_left - INFO - Command received: q=1.508 rad -> 24.0%
2026-01-30 04:26:37,045 - ezgripper_left - INFO - Command received: q=1.525 rad -> 24.3%
2026-01-30 04:26:37,081 - ezgripper_left - INFO - Command received: q=1.541 rad -> 24.5%
2026-01-30 04:26:37,114 - ezgripper_left - INFO - Command received: q=1.558 rad -> 24.8%
2026-01-30 04:26:37,148 - ezgripper_left - INFO - Command received: q=1.574 rad -> 25.0%
2026-01-30 04:26:37,181 - ezgripper_left - INFO - Command received: q=1.590 rad -> 25.3%
2026-01-30 04:26:37,215 - ezgripper_left - INFO - Command received: q=1.605 rad -> 25.5%
2026-01-30 04:26:37,248 - ezgripper_left - INFO - Command received: q=1.620 rad -> 25.8%
2026-01-30 04:26:37,281 - ezgripper_left - INFO - Command received: q=1.635 rad -> 26.0%
2026-01-30 04:26:37,314 - ezgripper_left - INFO - Command received: q=1.650 rad -> 26.3%
2026-01-30 04:26:37,348 - ezgripper_left - INFO - Command received: q=1.664 rad -> 26.5%
2026-01-30 04:26:37,381 - ezgripper_left - INFO - Command received: q=1.679 rad -> 26.7%
2026-01-30 04:26:37,417 - ezgripper_left - INFO - Command received: q=1.692 rad -> 26.9%
2026-01-30 04:26:37,450 - ezgripper_left - INFO - Command received: q=1.706 rad -> 27.1%
2026-01-30 04:26:37,484 - ezgripper_left - INFO - Command received: q=1.719 rad -> 27.4%
2026-01-30 04:26:37,517 - ezgripper_left - INFO - Command received: q=1.732 rad -> 27.6%
2026-01-30 04:26:37,550 - ezgripper_left - INFO - Command received: q=1.744 rad -> 27.8%
2026-01-30 04:26:37,584 - ezgripper_left - INFO - Command received: q=1.756 rad -> 27.9%
2026-01-30 04:26:37,617 - ezgripper_left - INFO - Command received: q=1.768 rad -> 28.1%
2026-01-30 04:26:37,650 - ezgripper_left - INFO - Command received: q=1.779 rad -> 28.3%
2026-01-30 04:26:37,684 - ezgripper_left - INFO - Command received: q=1.790 rad -> 28.5%
2026-01-30 04:26:37,717 - ezgripper_left - INFO - Command received: q=1.801 rad -> 28.7%
2026-01-30 04:26:37,737 - ezgripper_left - INFO - Executing: POSITION 28.7% (q=1.801, tau=0.000)
2026-01-30 04:26:37,753 - ezgripper_left - INFO - Command received: q=1.811 rad -> 28.8%
2026-01-30 04:26:37,786 - ezgripper_left - INFO - Command received: q=1.821 rad -> 29.0%
2026-01-30 04:26:37,820 - ezgripper_left - INFO - Command received: q=1.831 rad -> 29.1%
2026-01-30 04:26:37,853 - ezgripper_left - INFO - Command received: q=1.840 rad -> 29.3%
2026-01-30 04:26:37,886 - ezgripper_left - INFO - Command received: q=1.849 rad -> 29.4%
2026-01-30 04:26:37,920 - ezgripper_left - INFO - Command received: q=1.857 rad -> 29.6%
2026-01-30 04:26:37,953 - ezgripper_left - INFO - Command received: q=1.865 rad -> 29.7%
2026-01-30 04:26:37,986 - ezgripper_left - INFO - Command received: q=1.873 rad -> 29.8%
2026-01-30 04:26:38,020 - ezgripper_left - INFO - Command received: q=1.880 rad -> 29.9%
2026-01-30 04:26:38,053 - ezgripper_left - INFO - Command received: q=1.887 rad -> 30.0%
2026-01-30 04:26:38,089 - ezgripper_left - INFO - Command received: q=1.894 rad -> 30.1%
2026-01-30 04:26:38,122 - ezgripper_left - INFO - Command received: q=1.900 rad -> 30.2%
2026-01-30 04:26:38,156 - ezgripper_left - INFO - Command received: q=1.905 rad -> 30.3%
2026-01-30 04:26:38,189 - ezgripper_left - INFO - Command received: q=1.910 rad -> 30.4%
2026-01-30 04:26:38,222 - ezgripper_left - INFO - Command received: q=1.915 rad -> 30.5%
2026-01-30 04:26:38,256 - ezgripper_left - INFO - Command received: q=1.920 rad -> 30.6%
2026-01-30 04:26:38,289 - ezgripper_left - INFO - Command received: q=1.924 rad -> 30.6%
2026-01-30 04:26:38,322 - ezgripper_left - INFO - Command received: q=1.927 rad -> 30.7%
2026-01-30 04:26:38,356 - ezgripper_left - INFO - Command received: q=1.930 rad -> 30.7%
2026-01-30 04:26:38,389 - ezgripper_left - INFO - Command received: q=1.933 rad -> 30.8%
2026-01-30 04:26:38,425 - ezgripper_left - INFO - Command received: q=1.935 rad -> 30.8%
2026-01-30 04:26:38,458 - ezgripper_left - INFO - Command received: q=1.937 rad -> 30.8%
2026-01-30 04:26:38,492 - ezgripper_left - INFO - Command received: q=1.938 rad -> 30.8%
2026-01-30 04:26:38,525 - ezgripper_left - INFO - Command received: q=1.939 rad -> 30.9%
2026-01-30 04:26:38,558 - ezgripper_left - INFO - Command received: q=1.940 rad -> 30.9%
2026-01-30 04:26:38,592 - ezgripper_left - INFO - Command received: q=1.940 rad -> 30.9%
2026-01-30 04:26:38,625 - ezgripper_left - INFO - Command received: q=1.940 rad -> 30.9%
2026-01-30 04:26:38,658 - ezgripper_left - INFO - Command received: q=1.939 rad -> 30.9%
2026-01-30 04:26:38,692 - ezgripper_left - INFO - Command received: q=1.938 rad -> 30.8%
2026-01-30 04:26:38,725 - ezgripper_left - INFO - Command received: q=1.936 rad -> 30.8%
2026-01-30 04:26:38,761 - ezgripper_left - INFO - Command received: q=1.934 rad -> 30.8%
2026-01-30 04:26:38,794 - ezgripper_left - INFO - Command received: q=1.932 rad -> 30.7%
2026-01-30 04:26:38,828 - ezgripper_left - INFO - Command received: q=1.929 rad -> 30.7%
2026-01-30 04:26:38,861 - ezgripper_left - INFO - Command received: q=1.926 rad -> 30.6%
2026-01-30 04:26:38,894 - ezgripper_left - INFO - Command received: q=1.922 rad -> 30.6%
2026-01-30 04:26:38,928 - ezgripper_left - INFO - Command received: q=1.918 rad -> 30.5%
2026-01-30 04:26:38,961 - ezgripper_left - INFO - Command received: q=1.913 rad -> 30.5%
2026-01-30 04:26:38,995 - ezgripper_left - INFO - Command received: q=1.908 rad -> 30.4%
2026-01-30 04:26:39,028 - ezgripper_left - INFO - Command received: q=1.903 rad -> 30.3%
2026-01-30 04:26:39,061 - ezgripper_left - INFO - Command received: q=1.897 rad -> 30.2%
2026-01-30 04:26:39,097 - ezgripper_left - INFO - Command received: q=1.891 rad -> 30.1%
2026-01-30 04:26:39,130 - ezgripper_left - INFO - Command received: q=1.884 rad -> 30.0%
2026-01-30 04:26:39,164 - ezgripper_left - INFO - Command received: q=1.877 rad -> 29.9%
2026-01-30 04:26:39,197 - ezgripper_left - INFO - Command received: q=1.870 rad -> 29.8%
2026-01-30 04:26:39,231 - ezgripper_left - INFO - Command received: q=1.862 rad -> 29.6%
2026-01-30 04:26:39,264 - ezgripper_left - INFO - Command received: q=1.854 rad -> 29.5%
2026-01-30 04:26:39,297 - ezgripper_left - INFO - Command received: q=1.845 rad -> 29.4%
2026-01-30 04:26:39,330 - ezgripper_left - INFO - Command received: q=1.836 rad -> 29.2%
2026-01-30 04:26:39,364 - ezgripper_left - INFO - Command received: q=1.827 rad -> 29.1%
2026-01-30 04:26:39,397 - ezgripper_left - INFO - Command received: q=1.817 rad -> 28.9%
2026-01-30 04:26:39,417 - ezgripper_left - INFO - Executing: POSITION 28.9% (q=1.817, tau=0.000)
2026-01-30 04:26:39,433 - ezgripper_left - INFO - Command received: q=1.807 rad -> 28.8%
2026-01-30 04:26:39,467 - ezgripper_left - INFO - Command received: q=1.797 rad -> 28.6%
2026-01-30 04:26:39,500 - ezgripper_left - INFO - Command received: q=1.786 rad -> 28.4%
2026-01-30 04:26:39,533 - ezgripper_left - INFO - Command received: q=1.775 rad -> 28.2%
2026-01-30 04:26:39,567 - ezgripper_left - INFO - Command received: q=1.763 rad -> 28.1%
2026-01-30 04:26:39,600 - ezgripper_left - INFO - Command received: q=1.751 rad -> 27.9%
2026-01-30 04:26:39,633 - ezgripper_left - INFO - Command received: q=1.739 rad -> 27.7%
2026-01-30 04:26:39,667 - ezgripper_left - INFO - Command received: q=1.727 rad -> 27.5%
2026-01-30 04:26:39,700 - ezgripper_left - INFO - Command received: q=1.714 rad -> 27.3%
2026-01-30 04:26:39,733 - ezgripper_left - INFO - Command received: q=1.700 rad -> 27.1%
2026-01-30 04:26:39,769 - ezgripper_left - INFO - Command received: q=1.687 rad -> 26.8%
2026-01-30 04:26:39,802 - ezgripper_left - INFO - Command received: q=1.673 rad -> 26.6%
2026-01-30 04:26:39,836 - ezgripper_left - INFO - Command received: q=1.659 rad -> 26.4%
2026-01-30 04:26:39,869 - ezgripper_left - INFO - Command received: q=1.644 rad -> 26.2%
2026-01-30 04:26:39,902 - ezgripper_left - INFO - Command received: q=1.629 rad -> 25.9%
2026-01-30 04:26:39,936 - ezgripper_left - INFO - Command received: q=1.614 rad -> 25.7%
2026-01-30 04:26:39,969 - ezgripper_left - INFO - Command received: q=1.599 rad -> 25.4%
2026-01-30 04:26:40,002 - ezgripper_left - INFO - Command received: q=1.583 rad -> 25.2%
2026-01-30 04:26:40,036 - ezgripper_left - INFO - Command received: q=1.567 rad -> 24.9%
2026-01-30 04:26:40,069 - ezgripper_left - INFO - Command received: q=1.551 rad -> 24.7%
2026-01-30 04:26:40,105 - ezgripper_left - INFO - Command received: q=1.535 rad -> 24.4%
2026-01-30 04:26:40,138 - ezgripper_left - INFO - Command received: q=1.518 rad -> 24.2%
2026-01-30 04:26:40,172 - ezgripper_left - INFO - Command received: q=1.501 rad -> 23.9%
2026-01-30 04:26:40,205 - ezgripper_left - INFO - Command received: q=1.484 rad -> 23.6%
2026-01-30 04:26:40,239 - ezgripper_left - INFO - Command received: q=1.467 rad -> 23.3%
2026-01-30 04:26:40,272 - ezgripper_left - INFO - Command received: q=1.449 rad -> 23.1%
2026-01-30 04:26:40,305 - ezgripper_left - INFO - Command received: q=1.431 rad -> 22.8%
2026-01-30 04:26:40,339 - ezgripper_left - INFO - Command received: q=1.413 rad -> 22.5%
2026-01-30 04:26:40,372 - ezgripper_left - INFO - Command received: q=1.395 rad -> 22.2%
2026-01-30 04:26:40,405 - ezgripper_left - INFO - Command received: q=1.377 rad -> 21.9%
2026-01-30 04:26:40,441 - ezgripper_left - INFO - Command received: q=1.358 rad -> 21.6%
2026-01-30 04:26:40,475 - ezgripper_left - INFO - Command received: q=1.339 rad -> 21.3%
2026-01-30 04:26:40,508 - ezgripper_left - INFO - Command received: q=1.320 rad -> 21.0%
2026-01-30 04:26:40,542 - ezgripper_left - INFO - Command received: q=1.301 rad -> 20.7%
2026-01-30 04:26:40,575 - ezgripper_left - INFO - Command received: q=1.282 rad -> 20.4%
2026-01-30 04:26:40,608 - ezgripper_left - INFO - Command received: q=1.263 rad -> 20.1%
2026-01-30 04:26:40,641 - ezgripper_left - INFO - Command received: q=1.243 rad -> 19.8%
2026-01-30 04:26:40,675 - ezgripper_left - INFO - Command received: q=1.224 rad -> 19.5%
2026-01-30 04:26:40,708 - ezgripper_left - INFO - Command received: q=1.204 rad -> 19.2%
2026-01-30 04:26:40,742 - ezgripper_left - INFO - Command received: q=1.184 rad -> 18.8%
2026-01-30 04:26:40,777 - ezgripper_left - INFO - Command received: q=1.164 rad -> 18.5%
2026-01-30 04:26:40,807 - ezgripper_left - INFO - 📊 Monitor: State=194.0Hz | Cmd=18.8% | Pred=18.8% | Actual=26.0% | Err=0.0% | Track=7.2%
2026-01-30 04:26:40,811 - ezgripper_left - INFO - Command received: q=1.144 rad -> 18.2%
2026-01-30 04:26:40,844 - ezgripper_left - INFO - Command received: q=1.124 rad -> 17.9%
2026-01-30 04:26:40,877 - ezgripper_left - INFO - Command received: q=1.104 rad -> 17.6%
2026-01-30 04:26:40,911 - ezgripper_left - INFO - Command received: q=1.083 rad -> 17.2%
2026-01-30 04:26:40,944 - ezgripper_left - INFO - Command received: q=1.063 rad -> 16.9%
2026-01-30 04:26:40,978 - ezgripper_left - INFO - Command received: q=1.043 rad -> 16.6%
2026-01-30 04:26:41,011 - ezgripper_left - INFO - Command received: q=1.023 rad -> 16.3%
2026-01-30 04:26:41,044 - ezgripper_left - INFO - Command received: q=1.002 rad -> 15.9%
2026-01-30 04:26:41,078 - ezgripper_left - INFO - Command received: q=0.982 rad -> 15.6%
2026-01-30 04:26:41,097 - ezgripper_left - INFO - Executing: POSITION 15.6% (q=0.982, tau=0.000)
2026-01-30 04:26:41,113 - ezgripper_left - INFO - Command received: q=0.961 rad -> 15.3%
2026-01-30 04:26:41,147 - ezgripper_left - INFO - Command received: q=0.941 rad -> 15.0%
2026-01-30 04:26:41,180 - ezgripper_left - INFO - Command received: q=0.921 rad -> 14.7%
2026-01-30 04:26:41,213 - ezgripper_left - INFO - Command received: q=0.900 rad -> 14.3%
2026-01-30 04:26:41,247 - ezgripper_left - INFO - Command received: q=0.880 rad -> 14.0%
2026-01-30 04:26:41,280 - ezgripper_left - INFO - Command received: q=0.860 rad -> 13.7%
2026-01-30 04:26:41,313 - ezgripper_left - INFO - Command received: q=0.840 rad -> 13.4%
2026-01-30 04:26:41,347 - ezgripper_left - INFO - Command received: q=0.819 rad -> 13.0%
2026-01-30 04:26:41,380 - ezgripper_left - INFO - Command received: q=0.799 rad -> 12.7%
2026-01-30 04:26:41,413 - ezgripper_left - INFO - Command received: q=0.779 rad -> 12.4%
2026-01-30 04:26:41,449 - ezgripper_left - INFO - Command received: q=0.759 rad -> 12.1%
2026-01-30 04:26:41,483 - ezgripper_left - INFO - Command received: q=0.740 rad -> 11.8%
2026-01-30 04:26:41,516 - ezgripper_left - INFO - Command received: q=0.720 rad -> 11.5%
2026-01-30 04:26:41,549 - ezgripper_left - INFO - Command received: q=0.700 rad -> 11.1%
2026-01-30 04:26:41,583 - ezgripper_left - INFO - Command received: q=0.681 rad -> 10.8%
2026-01-30 04:26:41,616 - ezgripper_left - INFO - Command received: q=0.661 rad -> 10.5%
2026-01-30 04:26:41,649 - ezgripper_left - INFO - Command received: q=0.642 rad -> 10.2%
2026-01-30 04:26:41,683 - ezgripper_left - INFO - Command received: q=0.623 rad -> 9.9%
2026-01-30 04:26:41,716 - ezgripper_left - INFO - Command received: q=0.604 rad -> 9.6%
2026-01-30 04:26:41,750 - ezgripper_left - INFO - Command received: q=0.585 rad -> 9.3%
2026-01-30 04:26:41,785 - ezgripper_left - INFO - Command received: q=0.548 rad -> 8.7%
2026-01-30 04:26:41,819 - ezgripper_left - INFO - Command received: q=0.530 rad -> 8.4%
2026-01-30 04:26:41,852 - ezgripper_left - INFO - Command received: q=0.512 rad -> 8.1%
2026-01-30 04:26:41,885 - ezgripper_left - INFO - Command received: q=0.494 rad -> 7.9%
2026-01-30 04:26:41,919 - ezgripper_left - INFO - Command received: q=0.476 rad -> 7.6%
2026-01-30 04:26:41,952 - ezgripper_left - INFO - Command received: q=0.459 rad -> 7.3%
2026-01-30 04:26:41,986 - ezgripper_left - INFO - Command received: q=0.442 rad -> 7.0%
2026-01-30 04:26:42,019 - ezgripper_left - INFO - Command received: q=0.425 rad -> 6.8%
2026-01-30 04:26:42,052 - ezgripper_left - INFO - Command received: q=0.408 rad -> 6.5%
2026-01-30 04:26:42,085 - ezgripper_left - INFO - Command received: q=0.392 rad -> 6.2%
2026-01-30 04:26:42,121 - ezgripper_left - INFO - Command received: q=0.375 rad -> 6.0%
2026-01-30 04:26:42,155 - ezgripper_left - INFO - Command received: q=0.360 rad -> 5.7%
2026-01-30 04:26:42,188 - ezgripper_left - INFO - Command received: q=0.344 rad -> 5.5%
2026-01-30 04:26:42,222 - ezgripper_left - INFO - Command received: q=0.328 rad -> 5.2%
2026-01-30 04:26:42,255 - ezgripper_left - INFO - Command received: q=0.313 rad -> 5.0%
2026-01-30 04:26:42,288 - ezgripper_left - INFO - Command received: q=0.298 rad -> 4.8%
2026-01-30 04:26:42,321 - ezgripper_left - INFO - Command received: q=0.284 rad -> 4.5%
2026-01-30 04:26:42,355 - ezgripper_left - INFO - Command received: q=0.270 rad -> 4.3%
2026-01-30 04:26:42,388 - ezgripper_left - INFO - Command received: q=0.256 rad -> 4.1%
2026-01-30 04:26:42,422 - ezgripper_left - INFO - Command received: q=0.242 rad -> 3.9%
2026-01-30 04:26:42,457 - ezgripper_left - INFO - Command received: q=0.229 rad -> 3.6%
2026-01-30 04:26:42,491 - ezgripper_left - INFO - Command received: q=0.216 rad -> 3.4%
2026-01-30 04:26:42,524 - ezgripper_left - INFO - Command received: q=0.203 rad -> 3.2%
2026-01-30 04:26:42,557 - ezgripper_left - INFO - Command received: q=0.191 rad -> 3.0%
2026-01-30 04:26:42,591 - ezgripper_left - INFO - Command received: q=0.179 rad -> 2.8%
2026-01-30 04:26:42,624 - ezgripper_left - INFO - Command received: q=0.167 rad -> 2.7%
2026-01-30 04:26:42,657 - ezgripper_left - INFO - Command received: q=0.156 rad -> 2.5%
2026-01-30 04:26:42,691 - ezgripper_left - INFO - Command received: q=0.145 rad -> 2.3%
2026-01-30 04:26:42,724 - ezgripper_left - INFO - Command received: q=0.135 rad -> 2.1%
2026-01-30 04:26:42,757 - ezgripper_left - INFO - Command received: q=0.125 rad -> 2.0%
2026-01-30 04:26:42,777 - ezgripper_left - INFO - Executing: POSITION 2.0% (q=0.125, tau=0.000)
2026-01-30 04:26:42,793 - ezgripper_left - INFO - Command received: q=0.115 rad -> 1.8%
2026-01-30 04:26:42,827 - ezgripper_left - INFO - Command received: q=0.105 rad -> 1.7%
2026-01-30 04:26:42,860 - ezgripper_left - INFO - Command received: q=0.096 rad -> 0.0%
2026-01-30 04:26:42,893 - ezgripper_left - INFO - Command received: q=0.088 rad -> 0.0%
2026-01-30 04:26:42,927 - ezgripper_left - INFO - Command received: q=0.079 rad -> 0.0%
2026-01-30 04:26:42,960 - ezgripper_left - INFO - Command received: q=0.071 rad -> 0.0%
2026-01-30 04:26:42,994 - ezgripper_left - INFO - Command received: q=0.064 rad -> 0.0%
2026-01-30 04:26:43,027 - ezgripper_left - INFO - Command received: q=0.057 rad -> 0.0%
2026-01-30 04:26:43,060 - ezgripper_left - INFO - Command received: q=0.050 rad -> 0.0%
2026-01-30 04:26:43,094 - ezgripper_left - INFO - Command received: q=0.044 rad -> 0.0%
2026-01-30 04:26:43,129 - ezgripper_left - INFO - Command received: q=0.038 rad -> 0.0%
2026-01-30 04:26:43,163 - ezgripper_left - INFO - Command received: q=0.033 rad -> 0.0%
2026-01-30 04:26:43,196 - ezgripper_left - INFO - Command received: q=0.028 rad -> 0.0%
2026-01-30 04:26:43,230 - ezgripper_left - INFO - Command received: q=0.023 rad -> 0.0%
2026-01-30 04:26:43,263 - ezgripper_left - INFO - Command received: q=0.019 rad -> 0.0%
2026-01-30 04:26:43,296 - ezgripper_left - INFO - Command received: q=0.015 rad -> 0.0%
2026-01-30 04:26:43,330 - ezgripper_left - INFO - Command received: q=0.012 rad -> 0.0%
2026-01-30 04:26:43,363 - ezgripper_left - INFO - Command received: q=0.009 rad -> 0.0%
2026-01-30 04:26:43,396 - ezgripper_left - INFO - Command received: q=0.006 rad -> 0.0%
2026-01-30 04:26:43,430 - ezgripper_left - INFO - Command received: q=0.004 rad -> 0.0%
2026-01-30 04:26:43,465 - ezgripper_left - INFO - Command received: q=0.002 rad -> 0.0%
2026-01-30 04:26:43,499 - ezgripper_left - INFO - Command received: q=0.001 rad -> 0.0%
2026-01-30 04:26:43,532 - ezgripper_left - INFO - Command received: q=0.000 rad -> 0.0%
2026-01-30 04:26:43,565 - ezgripper_left - INFO - Command received: q=0.000 rad -> 0.0%
2026-01-30 04:26:43,599 - ezgripper_left - INFO - Command received: q=0.000 rad -> 0.0%
2026-01-30 04:26:43,632 - ezgripper_left - INFO - Command received: q=0.001 rad -> 0.0%
2026-01-30 04:26:43,666 - ezgripper_left - INFO - Command received: q=0.001 rad -> 0.0%
2026-01-30 04:26:43,699 - ezgripper_left - INFO - Command received: q=0.003 rad -> 0.0%
2026-01-30 04:26:43,732 - ezgripper_left - INFO - Command received: q=0.005 rad -> 0.0%
2026-01-30 04:26:43,766 - ezgripper_left - INFO - Command received: q=0.007 rad -> 0.0%
2026-01-30 04:26:43,802 - ezgripper_left - INFO - Command received: q=0.009 rad -> 0.0%
2026-01-30 04:26:43,835 - ezgripper_left - INFO - Command received: q=0.012 rad -> 0.0%
2026-01-30 04:26:43,868 - ezgripper_left - INFO - Command received: q=0.016 rad -> 0.0%
2026-01-30 04:26:43,902 - ezgripper_left - INFO - Command received: q=0.020 rad -> 0.0%
2026-01-30 04:26:43,935 - ezgripper_left - INFO - Command received: q=0.024 rad -> 0.0%
2026-01-30 04:26:43,968 - ezgripper_left - INFO - Command received: q=0.029 rad -> 0.0%
2026-01-30 04:26:44,002 - ezgripper_left - INFO - Command received: q=0.034 rad -> 0.0%
2026-01-30 04:26:44,035 - ezgripper_left - INFO - Command received: q=0.039 rad -> 0.0%
2026-01-30 04:26:44,068 - ezgripper_left - INFO - Command received: q=0.045 rad -> 0.0%
2026-01-30 04:26:44,102 - ezgripper_left - INFO - Command received: q=0.052 rad -> 0.0%
2026-01-30 04:26:44,138 - ezgripper_left - INFO - Command received: q=0.058 rad -> 0.0%
2026-01-30 04:26:44,171 - ezgripper_left - INFO - Command received: q=0.066 rad -> 0.0%
2026-01-30 04:26:44,204 - ezgripper_left - INFO - Command received: q=0.073 rad -> 0.0%
2026-01-30 04:26:44,238 - ezgripper_left - INFO - Command received: q=0.081 rad -> 0.0%
2026-01-30 04:26:44,271 - ezgripper_left - INFO - Command received: q=0.089 rad -> 0.0%
2026-01-30 04:26:44,304 - ezgripper_left - INFO - Command received: q=0.098 rad -> 0.0%
2026-01-30 04:26:44,338 - ezgripper_left - INFO - Command received: q=0.107 rad -> 1.7%
2026-01-30 04:26:44,371 - ezgripper_left - INFO - Command received: q=0.117 rad -> 1.9%
2026-01-30 04:26:44,405 - ezgripper_left - INFO - Command received: q=0.127 rad -> 2.0%
2026-01-30 04:26:44,438 - ezgripper_left - INFO - Command received: q=0.137 rad -> 2.2%
2026-01-30 04:26:44,457 - ezgripper_left - INFO - Executing: POSITION 2.2% (q=0.137, tau=0.000)
2026-01-30 04:26:44,474 - ezgripper_left - INFO - Command received: q=0.148 rad -> 2.3%
2026-01-30 04:26:44,507 - ezgripper_left - INFO - Command received: q=0.159 rad -> 2.5%
2026-01-30 04:26:44,540 - ezgripper_left - INFO - Command received: q=0.170 rad -> 2.7%
2026-01-30 04:26:44,574 - ezgripper_left - INFO - Command received: q=0.182 rad -> 2.9%
2026-01-30 04:26:44,607 - ezgripper_left - INFO - Command received: q=0.194 rad -> 3.1%
2026-01-30 04:26:44,640 - ezgripper_left - INFO - Command received: q=0.206 rad -> 3.3%
2026-01-30 04:26:44,674 - ezgripper_left - INFO - Command received: q=0.219 rad -> 3.5%
2026-01-30 04:26:44,707 - ezgripper_left - INFO - Command received: q=0.232 rad -> 3.7%
2026-01-30 04:26:44,740 - ezgripper_left - INFO - Command received: q=0.245 rad -> 3.9%
2026-01-30 04:26:44,774 - ezgripper_left - INFO - Command received: q=0.259 rad -> 4.1%
2026-01-30 04:26:44,810 - ezgripper_left - INFO - Command received: q=0.273 rad -> 4.3%
2026-01-30 04:26:44,843 - ezgripper_left - INFO - Command received: q=0.287 rad -> 4.6%
2026-01-30 04:26:44,876 - ezgripper_left - INFO - Command received: q=0.302 rad -> 4.8%
2026-01-30 04:26:44,910 - ezgripper_left - INFO - Command received: q=0.317 rad -> 5.0%
2026-01-30 04:26:44,943 - ezgripper_left - INFO - Command received: q=0.332 rad -> 5.3%
2026-01-30 04:26:44,976 - ezgripper_left - INFO - Command received: q=0.347 rad -> 5.5%
2026-01-30 04:26:45,010 - ezgripper_left - INFO - Command received: q=0.363 rad -> 5.8%
2026-01-30 04:26:45,043 - ezgripper_left - INFO - Command received: q=0.379 rad -> 6.0%
2026-01-30 04:26:45,076 - ezgripper_left - INFO - Command received: q=0.396 rad -> 6.3%
2026-01-30 04:26:45,110 - ezgripper_left - INFO - Command received: q=0.412 rad -> 6.6%
2026-01-30 04:26:45,145 - ezgripper_left - INFO - Command received: q=0.429 rad -> 6.8%
2026-01-30 04:26:45,179 - ezgripper_left - INFO - Command received: q=0.446 rad -> 7.1%
2026-01-30 04:26:45,212 - ezgripper_left - INFO - Command received: q=0.463 rad -> 7.4%
2026-01-30 04:26:45,246 - ezgripper_left - INFO - Command received: q=0.481 rad -> 7.7%
2026-01-30 04:26:45,279 - ezgripper_left - INFO - Command received: q=0.498 rad -> 7.9%
2026-01-30 04:26:45,312 - ezgripper_left - INFO - Command received: q=0.516 rad -> 8.2%
2026-01-30 04:26:45,345 - ezgripper_left - INFO - Command received: q=0.534 rad -> 8.5%
2026-01-30 04:26:45,379 - ezgripper_left - INFO - Command received: q=0.553 rad -> 8.8%
2026-01-30 04:26:45,412 - ezgripper_left - INFO - Command received: q=0.571 rad -> 9.1%
2026-01-30 04:26:45,446 - ezgripper_left - INFO - Command received: q=0.590 rad -> 9.4%
2026-01-30 04:26:45,482 - ezgripper_left - INFO - Command received: q=0.609 rad -> 9.7%
2026-01-30 04:26:45,515 - ezgripper_left - INFO - Command received: q=0.628 rad -> 10.0%
2026-01-30 04:26:45,548 - ezgripper_left - INFO - Command received: q=0.647 rad -> 10.3%
2026-01-30 04:26:45,582 - ezgripper_left - INFO - Command received: q=0.666 rad -> 10.6%
2026-01-30 04:26:45,615 - ezgripper_left - INFO - Command received: q=0.685 rad -> 10.9%
2026-01-30 04:26:45,648 - ezgripper_left - INFO - Command received: q=0.705 rad -> 11.2%
2026-01-30 04:26:45,682 - ezgripper_left - INFO - Command received: q=0.725 rad -> 11.5%
2026-01-30 04:26:45,715 - ezgripper_left - INFO - Command received: q=0.744 rad -> 11.8%
2026-01-30 04:26:45,748 - ezgripper_left - INFO - Command received: q=0.764 rad -> 12.2%
2026-01-30 04:26:45,782 - ezgripper_left - INFO - Command received: q=0.784 rad -> 12.5%
2026-01-30 04:26:45,818 - ezgripper_left - INFO - 📊 Monitor: State=193.6Hz | Cmd=12.5% | Pred=12.5% | Actual=11.0% | Err=0.0% | Track=1.5%
2026-01-30 04:26:45,818 - ezgripper_left - INFO - Command received: q=0.804 rad -> 12.8%
2026-01-30 04:26:45,851 - ezgripper_left - INFO - Command received: q=0.824 rad -> 13.1%
2026-01-30 04:26:45,884 - ezgripper_left - INFO - Command received: q=0.845 rad -> 13.4%
2026-01-30 04:26:45,918 - ezgripper_left - INFO - Command received: q=0.865 rad -> 13.8%
2026-01-30 04:26:45,951 - ezgripper_left - INFO - Command received: q=0.885 rad -> 14.1%
2026-01-30 04:26:45,984 - ezgripper_left - INFO - Command received: q=0.905 rad -> 14.4%
2026-01-30 04:26:46,018 - ezgripper_left - INFO - Command received: q=0.926 rad -> 14.7%
2026-01-30 04:26:46,051 - ezgripper_left - INFO - Command received: q=0.946 rad -> 15.1%
2026-01-30 04:26:46,084 - ezgripper_left - INFO - Command received: q=0.966 rad -> 15.4%
2026-01-30 04:26:46,118 - ezgripper_left - INFO - Command received: q=1.508 rad -> 24.0%
2026-01-30 04:26:46,137 - ezgripper_left - INFO - Executing: POSITION 24.0% (q=1.508, tau=0.000)
2026-01-30 04:26:46,154 - ezgripper_left - INFO - Command received: q=1.508 rad -> 24.0%
2026-01-30 04:26:46,187 - ezgripper_left - INFO - Command received: q=1.508 rad -> 24.0%
2026-01-30 04:26:46,220 - ezgripper_left - INFO - Command received: q=1.508 rad -> 24.0%
2026-01-30 04:26:46,254 - ezgripper_left - INFO - Command received: q=1.508 rad -> 24.0%
2026-01-30 04:26:46,287 - ezgripper_left - INFO - Command received: q=1.508 rad -> 24.0%
2026-01-30 04:26:46,320 - ezgripper_left - INFO - Command received: q=1.508 rad -> 24.0%
2026-01-30 04:26:46,354 - ezgripper_left - INFO - Command received: q=1.508 rad -> 24.0%
2026-01-30 04:26:46,387 - ezgripper_left - INFO - Command received: q=1.508 rad -> 24.0%
2026-01-30 04:26:46,420 - ezgripper_left - INFO - Command received: q=1.508 rad -> 24.0%
2026-01-30 04:26:46,454 - ezgripper_left - INFO - Command received: q=1.508 rad -> 24.0%
2026-01-30 04:26:46,490 - ezgripper_left - INFO - Command received: q=1.508 rad -> 24.0%
2026-01-30 04:26:46,523 - ezgripper_left - INFO - Command received: q=1.508 rad -> 24.0%
2026-01-30 04:26:46,557 - ezgripper_left - INFO - Command received: q=1.508 rad -> 24.0%
2026-01-30 04:26:46,590 - ezgripper_left - INFO - Command received: q=1.508 rad -> 24.0%
2026-01-30 04:26:46,623 - ezgripper_left - INFO - Command received: q=1.508 rad -> 24.0%
2026-01-30 04:26:46,656 - ezgripper_left - INFO - Command received: q=1.508 rad -> 24.0%
2026-01-30 04:26:46,690 - ezgripper_left - INFO - Command received: q=1.508 rad -> 24.0%
2026-01-30 04:26:46,723 - ezgripper_left - INFO - Command received: q=1.508 rad -> 24.0%
2026-01-30 04:26:46,757 - ezgripper_left - INFO - Command received: q=1.508 rad -> 24.0%
2026-01-30 04:26:46,790 - ezgripper_left - INFO - Command received: q=1.508 rad -> 24.0%
2026-01-30 04:26:46,826 - ezgripper_left - INFO - Command received: q=1.508 rad -> 24.0%
2026-01-30 04:26:46,859 - ezgripper_left - INFO - Command received: q=1.508 rad -> 24.0%
2026-01-30 04:26:46,892 - ezgripper_left - INFO - Command received: q=1.508 rad -> 24.0%
2026-01-30 04:26:46,926 - ezgripper_left - INFO - Command received: q=1.508 rad -> 24.0%
2026-01-30 04:26:46,959 - ezgripper_left - INFO - Command received: q=1.508 rad -> 24.0%
2026-01-30 04:26:46,992 - ezgripper_left - INFO - Command received: q=1.508 rad -> 24.0%
2026-01-30 04:26:47,026 - ezgripper_left - INFO - Command received: q=1.508 rad -> 24.0%
2026-01-30 04:26:47,059 - ezgripper_left - INFO - Command received: q=1.508 rad -> 24.0%
2026-01-30 04:26:47,092 - ezgripper_left - INFO - Command received: q=1.508 rad -> 24.0%
2026-01-30 04:26:47,126 - ezgripper_left - INFO - Command received: q=1.546 rad -> 24.6%
2026-01-30 04:26:47,162 - ezgripper_left - INFO - Command received: q=1.546 rad -> 24.6%
2026-01-30 04:26:47,195 - ezgripper_left - INFO - Command received: q=1.546 rad -> 24.6%
2026-01-30 04:26:47,228 - ezgripper_left - INFO - Command received: q=1.546 rad -> 24.6%
2026-01-30 04:26:47,262 - ezgripper_left - INFO - Command received: q=1.546 rad -> 24.6%
2026-01-30 04:26:47,295 - ezgripper_left - INFO - Command received: q=1.546 rad -> 24.6%
2026-01-30 04:26:47,328 - ezgripper_left - INFO - Command received: q=1.546 rad -> 24.6%
2026-01-30 04:26:47,362 - ezgripper_left - INFO - Command received: q=1.546 rad -> 24.6%
2026-01-30 04:26:47,395 - ezgripper_left - INFO - Command received: q=1.546 rad -> 24.6%
2026-01-30 04:26:47,428 - ezgripper_left - INFO - Command received: q=1.546 rad -> 24.6%
2026-01-30 04:26:47,462 - ezgripper_left - INFO - Command received: q=1.546 rad -> 24.6%
2026-01-30 04:26:47,498 - ezgripper_left - INFO - Command received: q=1.546 rad -> 24.6%
2026-01-30 04:26:47,531 - ezgripper_left - INFO - Command received: q=1.546 rad -> 24.6%
2026-01-30 04:26:47,565 - ezgripper_left - INFO - Command received: q=1.546 rad -> 24.6%
2026-01-30 04:26:47,598 - ezgripper_left - INFO - Command received: q=1.546 rad -> 24.6%
2026-01-30 04:26:47,631 - ezgripper_left - INFO - Command received: q=1.546 rad -> 24.6%
2026-01-30 04:26:47,665 - ezgripper_left - INFO - Command received: q=1.546 rad -> 24.6%
2026-01-30 04:26:47,698 - ezgripper_left - INFO - Command received: q=1.546 rad -> 24.6%
2026-01-30 04:26:47,731 - ezgripper_left - INFO - Command received: q=1.546 rad -> 24.6%
2026-01-30 04:26:47,765 - ezgripper_left - INFO - Command received: q=1.546 rad -> 24.6%
2026-01-30 04:26:47,798 - ezgripper_left - INFO - Command received: q=1.546 rad -> 24.6%
2026-01-30 04:26:47,818 - ezgripper_left - INFO - Executing: POSITION 24.6% (q=1.546, tau=0.000)
2026-01-30 04:26:47,834 - ezgripper_left - INFO - Command received: q=1.546 rad -> 24.6%
2026-01-30 04:26:47,867 - ezgripper_left - INFO - Command received: q=1.546 rad -> 24.6%
2026-01-30 04:26:47,901 - ezgripper_left - INFO - Command received: q=1.546 rad -> 24.6%
2026-01-30 04:26:47,934 - ezgripper_left - INFO - Command received: q=1.546 rad -> 24.6%
2026-01-30 04:26:47,967 - ezgripper_left - INFO - Command received: q=1.546 rad -> 24.6%
2026-01-30 04:26:48,000 - ezgripper_left - INFO - Command received: q=1.546 rad -> 24.6%
2026-01-30 04:26:48,034 - ezgripper_left - INFO - Command received: q=1.546 rad -> 24.6%
2026-01-30 04:26:48,067 - ezgripper_left - INFO - Command received: q=1.546 rad -> 24.6%
2026-01-30 04:26:48,101 - ezgripper_left - INFO - Command received: q=1.011 rad -> 16.1%
2026-01-30 04:26:48,134 - ezgripper_left - INFO - Command received: q=1.011 rad -> 16.1%
2026-01-30 04:26:48,170 - ezgripper_left - INFO - Command received: q=1.011 rad -> 16.1%
2026-01-30 04:26:48,203 - ezgripper_left - INFO - Command received: q=1.011 rad -> 16.1%
2026-01-30 04:26:48,237 - ezgripper_left - INFO - Command received: q=1.011 rad -> 16.1%
2026-01-30 04:26:48,270 - ezgripper_left - INFO - Command received: q=1.011 rad -> 16.1%
2026-01-30 04:26:48,303 - ezgripper_left - INFO - Command received: q=1.011 rad -> 16.1%
2026-01-30 04:26:48,337 - ezgripper_left - INFO - Command received: q=1.011 rad -> 16.1%
2026-01-30 04:26:48,370 - ezgripper_left - INFO - Command received: q=1.011 rad -> 16.1%
2026-01-30 04:26:48,403 - ezgripper_left - INFO - Command received: q=1.011 rad -> 16.1%
2026-01-30 04:26:48,437 - ezgripper_left - INFO - Command received: q=1.011 rad -> 16.1%
2026-01-30 04:26:48,470 - ezgripper_left - INFO - Command received: q=1.011 rad -> 16.1%
2026-01-30 04:26:48,506 - ezgripper_left - INFO - Command received: q=1.011 rad -> 16.1%
2026-01-30 04:26:48,539 - ezgripper_left - INFO - Command received: q=1.011 rad -> 16.1%
2026-01-30 04:26:48,572 - ezgripper_left - INFO - Command received: q=1.011 rad -> 16.1%
2026-01-30 04:26:48,606 - ezgripper_left - INFO - Command received: q=1.011 rad -> 16.1%
2026-01-30 04:26:48,639 - ezgripper_left - INFO - Command received: q=1.011 rad -> 16.1%
2026-01-30 04:26:48,672 - ezgripper_left - INFO - Command received: q=1.011 rad -> 16.1%
2026-01-30 04:26:48,706 - ezgripper_left - INFO - Command received: q=1.011 rad -> 16.1%
2026-01-30 04:26:48,739 - ezgripper_left - INFO - Command received: q=1.011 rad -> 16.1%
2026-01-30 04:26:48,772 - ezgripper_left - INFO - Command received: q=1.011 rad -> 16.1%
2026-01-30 04:26:48,806 - ezgripper_left - INFO - Command received: q=1.011 rad -> 16.1%
2026-01-30 04:26:48,842 - ezgripper_left - INFO - Command received: q=1.011 rad -> 16.1%
2026-01-30 04:26:48,875 - ezgripper_left - INFO - Command received: q=1.011 rad -> 16.1%
2026-01-30 04:26:48,908 - ezgripper_left - INFO - Command received: q=1.011 rad -> 16.1%
2026-01-30 04:26:48,942 - ezgripper_left - INFO - Command received: q=1.011 rad -> 16.1%
2026-01-30 04:26:48,975 - ezgripper_left - INFO - Command received: q=1.011 rad -> 16.1%
2026-01-30 04:26:49,008 - ezgripper_left - INFO - Command received: q=1.011 rad -> 16.1%
2026-01-30 04:26:49,042 - ezgripper_left - INFO - Command received: q=1.011 rad -> 16.1%
2026-01-30 04:26:49,075 - ezgripper_left - INFO - Command received: q=0.965 rad -> 15.4%
2026-01-30 04:26:49,108 - ezgripper_left - INFO - Command received: q=0.965 rad -> 15.4%
2026-01-30 04:26:49,142 - ezgripper_left - INFO - Command received: q=0.965 rad -> 15.4%
2026-01-30 04:26:49,178 - ezgripper_left - INFO - Command received: q=0.965 rad -> 15.4%
2026-01-30 04:26:49,211 - ezgripper_left - INFO - Command received: q=0.965 rad -> 15.4%
2026-01-30 04:26:49,244 - ezgripper_left - INFO - Command received: q=0.965 rad -> 15.4%
2026-01-30 04:26:49,278 - ezgripper_left - INFO - Command received: q=0.965 rad -> 15.4%
2026-01-30 04:26:49,311 - ezgripper_left - INFO - Command received: q=0.965 rad -> 15.4%
2026-01-30 04:26:49,344 - ezgripper_left - INFO - Command received: q=0.965 rad -> 15.4%
2026-01-30 04:26:49,378 - ezgripper_left - INFO - Command received: q=0.965 rad -> 15.4%
2026-01-30 04:26:49,411 - ezgripper_left - INFO - Command received: q=0.965 rad -> 15.4%
2026-01-30 04:26:49,444 - ezgripper_left - INFO - Command received: q=0.965 rad -> 15.4%
2026-01-30 04:26:49,478 - ezgripper_left - INFO - Command received: q=0.965 rad -> 15.4%
2026-01-30 04:26:49,498 - ezgripper_left - INFO - Executing: POSITION 15.4% (q=0.965, tau=0.000)
2026-01-30 04:26:49,514 - ezgripper_left - INFO - Command received: q=0.965 rad -> 15.4%
2026-01-30 04:26:49,547 - ezgripper_left - INFO - Command received: q=0.965 rad -> 15.4%
2026-01-30 04:26:49,580 - ezgripper_left - INFO - Command received: q=0.965 rad -> 15.4%
2026-01-30 04:26:49,614 - ezgripper_left - INFO - Command received: q=0.965 rad -> 15.4%
2026-01-30 04:26:49,647 - ezgripper_left - INFO - Command received: q=0.965 rad -> 15.4%
2026-01-30 04:26:49,681 - ezgripper_left - INFO - Command received: q=0.965 rad -> 15.4%
2026-01-30 04:26:49,714 - ezgripper_left - INFO - Command received: q=0.965 rad -> 15.4%
2026-01-30 04:26:49,747 - ezgripper_left - INFO - Command received: q=0.965 rad -> 15.4%
2026-01-30 04:26:49,780 - ezgripper_left - INFO - Command received: q=0.965 rad -> 15.4%
2026-01-30 04:26:49,814 - ezgripper_left - INFO - Command received: q=0.965 rad -> 15.4%
2026-01-30 04:26:49,850 - ezgripper_left - INFO - Command received: q=0.965 rad -> 15.4%
2026-01-30 04:26:49,883 - ezgripper_left - INFO - Command received: q=0.965 rad -> 15.4%
2026-01-30 04:26:49,917 - ezgripper_left - INFO - Command received: q=0.965 rad -> 15.4%
2026-01-30 04:26:49,950 - ezgripper_left - INFO - Command received: q=0.965 rad -> 15.4%
2026-01-30 04:26:49,983 - ezgripper_left - INFO - Command received: q=0.965 rad -> 15.4%
2026-01-30 04:26:50,017 - ezgripper_left - INFO - Command received: q=0.965 rad -> 15.4%
2026-01-30 04:26:50,050 - ezgripper_left - INFO - Command received: q=0.965 rad -> 15.4%
2026-01-30 04:26:50,083 - ezgripper_left - INFO - Command received: q=0.817 rad -> 13.0%
2026-01-30 04:26:50,117 - ezgripper_left - INFO - Command received: q=0.817 rad -> 13.0%
2026-01-30 04:26:50,150 - ezgripper_left - INFO - Command received: q=0.817 rad -> 13.0%
2026-01-30 04:26:50,186 - ezgripper_left - INFO - Command received: q=0.817 rad -> 13.0%
2026-01-30 04:26:50,219 - ezgripper_left - INFO - Command received: q=0.817 rad -> 13.0%
2026-01-30 04:26:50,253 - ezgripper_left - INFO - Command received: q=0.817 rad -> 13.0%
2026-01-30 04:26:50,286 - ezgripper_left - INFO - Command received: q=0.817 rad -> 13.0%
2026-01-30 04:26:50,319 - ezgripper_left - INFO - Command received: q=0.817 rad -> 13.0%
2026-01-30 04:26:50,353 - ezgripper_left - INFO - Command received: q=0.817 rad -> 13.0%
2026-01-30 04:26:50,386 - ezgripper_left - INFO - Command received: q=0.817 rad -> 13.0%
2026-01-30 04:26:50,419 - ezgripper_left - INFO - Command received: q=0.817 rad -> 13.0%
2026-01-30 04:26:50,453 - ezgripper_left - INFO - Command received: q=0.817 rad -> 13.0%
2026-01-30 04:26:50,486 - ezgripper_left - INFO - Command received: q=0.817 rad -> 13.0%
2026-01-30 04:26:50,522 - ezgripper_left - INFO - Command received: q=0.817 rad -> 13.0%
2026-01-30 04:26:50,555 - ezgripper_left - INFO - Command received: q=0.817 rad -> 13.0%
2026-01-30 04:26:50,588 - ezgripper_left - INFO - Command received: q=0.817 rad -> 13.0%
2026-01-30 04:26:50,622 - ezgripper_left - INFO - Command received: q=0.817 rad -> 13.0%
2026-01-30 04:26:50,655 - ezgripper_left - INFO - Command received: q=0.817 rad -> 13.0%
