2026-01-30 04:27:51,041 - ezgripper_left - INFO - Connecting to EZGripper on /dev/ttyUSB0
2026-01-30 04:27:51,587 - ezgripper_left - INFO - Hardware connected: position 100.0%
2026-01-30 04:27:51,591 - ezgripper_left - INFO - Detected serial number: DA1Z9T40
2026-01-30 04:27:51,591 - ezgripper_left - INFO - Updated device config: left -> /dev/ttyUSB0 (serial: DA1Z9T40)
2026-01-30 04:27:51,591 - ezgripper_left - INFO - Loaded calibration offset for DA1Z9T40: 3045
2026-01-30 04:27:51,591 - ezgripper_left - INFO - Setting up DDS interfaces...
2026-01-30 04:27:51,808 - ezgripper_left - INFO - DDS ready: rt/dex1/left/cmd → rt/dex1/left/state
2026-01-30 04:27:51,808 - ezgripper_left - INFO - Running automatic calibration at startup...
2026-01-30 04:27:51,808 - ezgripper_left - INFO - Starting calibration on command...
2026-01-30 04:27:53,747 - ezgripper_left - INFO - Saved calibration offset for DA1Z9T40: 3041
2026-01-30 04:27:53,763 - ezgripper_left - ERROR - Calibration failed: 'Gripper' object has no attribute 'GRIP_MAX'
2026-01-30 04:27:53,763 - ezgripper_left - INFO - Corrected EZGripper driver ready: left side
2026-01-30 04:27:53,763 - ezgripper_left - INFO - Starting multi-threaded EZGripper driver...
2026-01-30 04:27:53,763 - ezgripper_left - INFO -   Control thread: 30 Hz (commands + actual position)
2026-01-30 04:27:53,763 - ezgripper_left - INFO -   State thread: 200 Hz (predicted position publishing)
2026-01-30 04:27:53,763 - ezgripper_left - INFO - Starting control thread at 30 Hz...
2026-01-30 04:27:53,763 - ezgripper_left - INFO - Starting state thread at 200 Hz...
2026-01-30 04:27:56,043 - ezgripper_left - INFO - 📊 Monitor: State=91.4Hz | Cmd=50.0% | Pred=50.0% | Actual=50.0% | Err=0.0% | Track=0.0%
2026-01-30 04:27:56,290 - ezgripper_left - INFO - Command received: q=0.970 rad -> 15.4%
2026-01-30 04:27:56,323 - ezgripper_left - INFO - Command received: q=0.990 rad -> 15.8%
2026-01-30 04:27:56,357 - ezgripper_left - INFO - Command received: q=1.011 rad -> 16.1%
2026-01-30 04:27:56,390 - ezgripper_left - INFO - Command received: q=1.031 rad -> 16.4%
2026-01-30 04:27:56,423 - ezgripper_left - INFO - Command received: q=1.051 rad -> 16.7%
2026-01-30 04:27:56,457 - ezgripper_left - INFO - Command received: q=1.072 rad -> 17.1%
2026-01-30 04:27:56,490 - ezgripper_left - INFO - Command received: q=1.092 rad -> 17.4%
2026-01-30 04:27:56,524 - ezgripper_left - INFO - Command received: q=1.112 rad -> 17.7%
2026-01-30 04:27:56,557 - ezgripper_left - INFO - Command received: q=1.132 rad -> 18.0%
2026-01-30 04:27:56,591 - ezgripper_left - INFO - Command received: q=1.152 rad -> 18.3%
2026-01-30 04:27:56,627 - ezgripper_left - INFO - Command received: q=1.172 rad -> 18.7%
2026-01-30 04:27:56,661 - ezgripper_left - INFO - Command received: q=1.192 rad -> 19.0%
2026-01-30 04:27:56,694 - ezgripper_left - INFO - Command received: q=1.212 rad -> 19.3%
2026-01-30 04:27:56,727 - ezgripper_left - INFO - Command received: q=1.232 rad -> 19.6%
2026-01-30 04:27:56,761 - ezgripper_left - INFO - Command received: q=1.251 rad -> 19.9%
2026-01-30 04:27:56,794 - ezgripper_left - INFO - Command received: q=1.271 rad -> 20.2%
2026-01-30 04:27:56,827 - ezgripper_left - INFO - Command received: q=1.290 rad -> 20.5%
2026-01-30 04:27:56,861 - ezgripper_left - INFO - Command received: q=1.309 rad -> 20.8%
2026-01-30 04:27:56,894 - ezgripper_left - INFO - Command received: q=1.328 rad -> 21.1%
2026-01-30 04:27:56,927 - ezgripper_left - INFO - Command received: q=1.347 rad -> 21.4%
2026-01-30 04:27:56,963 - ezgripper_left - INFO - Command received: q=1.366 rad -> 21.7%
2026-01-30 04:27:56,997 - ezgripper_left - INFO - Command received: q=1.384 rad -> 22.0%
2026-01-30 04:27:57,030 - ezgripper_left - INFO - Command received: q=1.402 rad -> 22.3%
2026-01-30 04:27:57,063 - ezgripper_left - INFO - Command received: q=1.421 rad -> 22.6%
2026-01-30 04:27:57,097 - ezgripper_left - INFO - Command received: q=1.439 rad -> 22.9%
2026-01-30 04:27:57,130 - ezgripper_left - INFO - Command received: q=1.456 rad -> 23.2%
2026-01-30 04:27:57,163 - ezgripper_left - INFO - Command received: q=1.474 rad -> 23.5%
2026-01-30 04:27:57,197 - ezgripper_left - INFO - Command received: q=1.491 rad -> 23.7%
2026-01-30 04:27:57,230 - ezgripper_left - INFO - Command received: q=1.508 rad -> 24.0%
2026-01-30 04:27:57,263 - ezgripper_left - INFO - Command received: q=1.525 rad -> 24.3%
2026-01-30 04:27:57,299 - ezgripper_left - INFO - Command received: q=1.541 rad -> 24.5%
2026-01-30 04:27:57,333 - ezgripper_left - INFO - Command received: q=1.558 rad -> 24.8%
2026-01-30 04:27:57,366 - ezgripper_left - INFO - Command received: q=1.574 rad -> 25.0%
2026-01-30 04:27:57,399 - ezgripper_left - INFO - Command received: q=1.590 rad -> 25.3%
2026-01-30 04:27:57,433 - ezgripper_left - INFO - Command received: q=1.605 rad -> 25.5%
2026-01-30 04:27:57,466 - ezgripper_left - INFO - Command received: q=1.620 rad -> 25.8%
2026-01-30 04:27:57,499 - ezgripper_left - INFO - Command received: q=1.635 rad -> 26.0%
2026-01-30 04:27:57,533 - ezgripper_left - INFO - Command received: q=1.650 rad -> 26.3%
2026-01-30 04:27:57,566 - ezgripper_left - INFO - Command received: q=1.664 rad -> 26.5%
2026-01-30 04:27:57,599 - ezgripper_left - INFO - Command received: q=1.678 rad -> 26.7%
2026-01-30 04:27:57,635 - ezgripper_left - INFO - Command received: q=1.692 rad -> 26.9%
2026-01-30 04:27:57,669 - ezgripper_left - INFO - Command received: q=1.706 rad -> 27.1%
2026-01-30 04:27:57,702 - ezgripper_left - INFO - Command received: q=1.719 rad -> 27.4%
2026-01-30 04:27:57,735 - ezgripper_left - INFO - Command received: q=1.732 rad -> 27.6%
2026-01-30 04:27:57,769 - ezgripper_left - INFO - Command received: q=1.744 rad -> 27.8%
2026-01-30 04:27:57,802 - ezgripper_left - INFO - Command received: q=1.756 rad -> 27.9%
2026-01-30 04:27:57,835 - ezgripper_left - INFO - Command received: q=1.768 rad -> 28.1%
2026-01-30 04:27:57,869 - ezgripper_left - INFO - Command received: q=1.779 rad -> 28.3%
2026-01-30 04:27:57,902 - ezgripper_left - INFO - Command received: q=1.790 rad -> 28.5%
2026-01-30 04:27:57,935 - ezgripper_left - INFO - Command received: q=1.801 rad -> 28.7%
2026-01-30 04:27:57,955 - ezgripper_left - INFO - Executing: POSITION 28.7% (q=1.801, tau=0.000)
2026-01-30 04:27:57,971 - ezgripper_left - INFO - Command received: q=1.811 rad -> 28.8%
2026-01-30 04:27:58,005 - ezgripper_left - INFO - Command received: q=1.821 rad -> 29.0%
2026-01-30 04:27:58,038 - ezgripper_left - INFO - Command received: q=1.831 rad -> 29.1%
2026-01-30 04:27:58,071 - ezgripper_left - INFO - Command received: q=1.840 rad -> 29.3%
2026-01-30 04:27:58,105 - ezgripper_left - INFO - Command received: q=1.849 rad -> 29.4%
2026-01-30 04:27:58,138 - ezgripper_left - INFO - Command received: q=1.857 rad -> 29.6%
2026-01-30 04:27:58,171 - ezgripper_left - INFO - Command received: q=1.865 rad -> 29.7%
2026-01-30 04:27:58,205 - ezgripper_left - INFO - Command received: q=1.873 rad -> 29.8%
2026-01-30 04:27:58,238 - ezgripper_left - INFO - Command received: q=1.880 rad -> 29.9%
2026-01-30 04:27:58,271 - ezgripper_left - INFO - Command received: q=1.887 rad -> 30.0%
2026-01-30 04:27:58,307 - ezgripper_left - INFO - Command received: q=1.893 rad -> 30.1%
2026-01-30 04:27:58,341 - ezgripper_left - INFO - Command received: q=1.899 rad -> 30.2%
2026-01-30 04:27:58,374 - ezgripper_left - INFO - Command received: q=1.905 rad -> 30.3%
2026-01-30 04:27:58,407 - ezgripper_left - INFO - Command received: q=1.910 rad -> 30.4%
2026-01-30 04:27:58,441 - ezgripper_left - INFO - Command received: q=1.915 rad -> 30.5%
2026-01-30 04:27:58,474 - ezgripper_left - INFO - Command received: q=1.919 rad -> 30.5%
2026-01-30 04:27:58,507 - ezgripper_left - INFO - Command received: q=1.923 rad -> 30.6%
2026-01-30 04:27:58,541 - ezgripper_left - INFO - Command received: q=1.927 rad -> 30.7%
2026-01-30 04:27:58,574 - ezgripper_left - INFO - Command received: q=1.930 rad -> 30.7%
2026-01-30 04:27:58,607 - ezgripper_left - INFO - Command received: q=1.933 rad -> 30.8%
2026-01-30 04:27:58,644 - ezgripper_left - INFO - Command received: q=1.935 rad -> 30.8%
2026-01-30 04:27:58,677 - ezgripper_left - INFO - Command received: q=1.937 rad -> 30.8%
2026-01-30 04:27:58,710 - ezgripper_left - INFO - Command received: q=1.938 rad -> 30.8%
2026-01-30 04:27:58,744 - ezgripper_left - INFO - Command received: q=1.939 rad -> 30.9%
2026-01-30 04:27:58,777 - ezgripper_left - INFO - Command received: q=1.940 rad -> 30.9%
2026-01-30 04:27:58,810 - ezgripper_left - INFO - Command received: q=1.940 rad -> 30.9%
2026-01-30 04:27:58,844 - ezgripper_left - INFO - Command received: q=1.940 rad -> 30.9%
2026-01-30 04:27:58,877 - ezgripper_left - INFO - Command received: q=1.939 rad -> 30.9%
2026-01-30 04:27:58,910 - ezgripper_left - INFO - Command received: q=1.938 rad -> 30.8%
2026-01-30 04:27:58,944 - ezgripper_left - INFO - Command received: q=1.936 rad -> 30.8%
2026-01-30 04:27:58,979 - ezgripper_left - INFO - Command received: q=1.934 rad -> 30.8%
2026-01-30 04:27:59,013 - ezgripper_left - INFO - Command received: q=1.932 rad -> 30.7%
2026-01-30 04:27:59,046 - ezgripper_left - INFO - Command received: q=1.929 rad -> 30.7%
2026-01-30 04:27:59,080 - ezgripper_left - INFO - Command received: q=1.926 rad -> 30.6%
2026-01-30 04:27:59,113 - ezgripper_left - INFO - Command received: q=1.922 rad -> 30.6%
2026-01-30 04:27:59,146 - ezgripper_left - INFO - Command received: q=1.918 rad -> 30.5%
2026-01-30 04:27:59,180 - ezgripper_left - INFO - Command received: q=1.913 rad -> 30.5%
2026-01-30 04:27:59,213 - ezgripper_left - INFO - Command received: q=1.908 rad -> 30.4%
2026-01-30 04:27:59,246 - ezgripper_left - INFO - Command received: q=1.903 rad -> 30.3%
2026-01-30 04:27:59,280 - ezgripper_left - INFO - Command received: q=1.897 rad -> 30.2%
2026-01-30 04:27:59,315 - ezgripper_left - INFO - Command received: q=1.891 rad -> 30.1%
2026-01-30 04:27:59,349 - ezgripper_left - INFO - Command received: q=1.885 rad -> 30.0%
2026-01-30 04:27:59,382 - ezgripper_left - INFO - Command received: q=1.878 rad -> 29.9%
2026-01-30 04:27:59,416 - ezgripper_left - INFO - Command received: q=1.870 rad -> 29.8%
2026-01-30 04:27:59,449 - ezgripper_left - INFO - Command received: q=1.862 rad -> 29.6%
2026-01-30 04:27:59,482 - ezgripper_left - INFO - Command received: q=1.854 rad -> 29.5%
2026-01-30 04:27:59,516 - ezgripper_left - INFO - Command received: q=1.846 rad -> 29.4%
2026-01-30 04:27:59,549 - ezgripper_left - INFO - Command received: q=1.837 rad -> 29.2%
2026-01-30 04:27:59,582 - ezgripper_left - INFO - Command received: q=1.827 rad -> 29.1%
2026-01-30 04:27:59,615 - ezgripper_left - INFO - Command received: q=1.818 rad -> 28.9%
2026-01-30 04:27:59,635 - ezgripper_left - INFO - Executing: POSITION 28.9% (q=1.818, tau=0.000)
2026-01-30 04:27:59,652 - ezgripper_left - INFO - Command received: q=1.808 rad -> 28.8%
2026-01-30 04:27:59,685 - ezgripper_left - INFO - Command received: q=1.797 rad -> 28.6%
2026-01-30 04:27:59,718 - ezgripper_left - INFO - Command received: q=1.786 rad -> 28.4%
2026-01-30 04:27:59,752 - ezgripper_left - INFO - Command received: q=1.775 rad -> 28.3%
2026-01-30 04:27:59,785 - ezgripper_left - INFO - Command received: q=1.763 rad -> 28.1%
2026-01-30 04:27:59,818 - ezgripper_left - INFO - Command received: q=1.752 rad -> 27.9%
2026-01-30 04:27:59,852 - ezgripper_left - INFO - Command received: q=1.739 rad -> 27.7%
2026-01-30 04:27:59,885 - ezgripper_left - INFO - Command received: q=1.727 rad -> 27.5%
2026-01-30 04:27:59,918 - ezgripper_left - INFO - Command received: q=1.714 rad -> 27.3%
2026-01-30 04:27:59,952 - ezgripper_left - INFO - Command received: q=1.701 rad -> 27.1%
2026-01-30 04:27:59,987 - ezgripper_left - INFO - Command received: q=1.687 rad -> 26.9%
2026-01-30 04:28:00,021 - ezgripper_left - INFO - Command received: q=1.673 rad -> 26.6%
2026-01-30 04:28:00,054 - ezgripper_left - INFO - Command received: q=1.659 rad -> 26.4%
2026-01-30 04:28:00,088 - ezgripper_left - INFO - Command received: q=1.645 rad -> 26.2%
2026-01-30 04:28:00,121 - ezgripper_left - INFO - Command received: q=1.630 rad -> 25.9%
2026-01-30 04:28:00,154 - ezgripper_left - INFO - Command received: q=1.615 rad -> 25.7%
2026-01-30 04:28:00,188 - ezgripper_left - INFO - Command received: q=1.599 rad -> 25.5%
2026-01-30 04:28:00,221 - ezgripper_left - INFO - Command received: q=1.584 rad -> 25.2%
2026-01-30 04:28:00,254 - ezgripper_left - INFO - Command received: q=1.568 rad -> 25.0%
2026-01-30 04:28:00,288 - ezgripper_left - INFO - Command received: q=1.552 rad -> 24.7%
2026-01-30 04:28:00,324 - ezgripper_left - INFO - Command received: q=1.535 rad -> 24.4%
2026-01-30 04:28:00,357 - ezgripper_left - INFO - Command received: q=1.519 rad -> 24.2%
2026-01-30 04:28:00,390 - ezgripper_left - INFO - Command received: q=1.502 rad -> 23.9%
2026-01-30 04:28:00,424 - ezgripper_left - INFO - Command received: q=1.484 rad -> 23.6%
2026-01-30 04:28:00,457 - ezgripper_left - INFO - Command received: q=1.467 rad -> 23.3%
2026-01-30 04:28:00,490 - ezgripper_left - INFO - Command received: q=1.450 rad -> 23.1%
2026-01-30 04:28:00,524 - ezgripper_left - INFO - Command received: q=1.432 rad -> 22.8%
2026-01-30 04:28:00,557 - ezgripper_left - INFO - Command received: q=1.414 rad -> 22.5%
2026-01-30 04:28:00,590 - ezgripper_left - INFO - Command received: q=1.395 rad -> 22.2%
2026-01-30 04:28:00,624 - ezgripper_left - INFO - Command received: q=1.377 rad -> 21.9%
2026-01-30 04:28:00,660 - ezgripper_left - INFO - Command received: q=1.359 rad -> 21.6%
2026-01-30 04:28:00,693 - ezgripper_left - INFO - Command received: q=1.340 rad -> 21.3%
2026-01-30 04:28:00,726 - ezgripper_left - INFO - Command received: q=1.321 rad -> 21.0%
2026-01-30 04:28:00,760 - ezgripper_left - INFO - Command received: q=1.302 rad -> 20.7%
2026-01-30 04:28:00,793 - ezgripper_left - INFO - Command received: q=1.283 rad -> 20.4%
2026-01-30 04:28:00,826 - ezgripper_left - INFO - Command received: q=1.263 rad -> 20.1%
2026-01-30 04:28:00,860 - ezgripper_left - INFO - Command received: q=1.244 rad -> 19.8%
2026-01-30 04:28:00,893 - ezgripper_left - INFO - Command received: q=1.224 rad -> 19.5%
2026-01-30 04:28:00,926 - ezgripper_left - INFO - Command received: q=1.204 rad -> 19.2%
2026-01-30 04:28:00,960 - ezgripper_left - INFO - Command received: q=1.185 rad -> 18.9%
2026-01-30 04:28:00,996 - ezgripper_left - INFO - Command received: q=1.165 rad -> 18.5%
2026-01-30 04:28:01,029 - ezgripper_left - INFO - Command received: q=1.145 rad -> 18.2%
2026-01-30 04:28:01,046 - ezgripper_left - INFO - 📊 Monitor: State=193.9Hz | Cmd=18.5% | Pred=18.5% | Actual=27.0% | Err=0.0% | Track=8.5%
2026-01-30 04:28:01,062 - ezgripper_left - INFO - Command received: q=1.125 rad -> 17.9%
2026-01-30 04:28:01,096 - ezgripper_left - INFO - Command received: q=1.104 rad -> 17.6%
2026-01-30 04:28:01,129 - ezgripper_left - INFO - Command received: q=1.084 rad -> 17.3%
2026-01-30 04:28:01,162 - ezgripper_left - INFO - Command received: q=1.064 rad -> 16.9%
2026-01-30 04:28:01,196 - ezgripper_left - INFO - Command received: q=1.044 rad -> 16.6%
2026-01-30 04:28:01,229 - ezgripper_left - INFO - Command received: q=1.023 rad -> 16.3%
2026-01-30 04:28:01,262 - ezgripper_left - INFO - Command received: q=1.003 rad -> 16.0%
2026-01-30 04:28:01,296 - ezgripper_left - INFO - Command received: q=0.983 rad -> 15.6%
2026-01-30 04:28:01,315 - ezgripper_left - INFO - Executing: POSITION 15.6% (q=0.983, tau=0.000)
2026-01-30 04:28:01,332 - ezgripper_left - INFO - Command received: q=0.962 rad -> 15.3%
2026-01-30 04:28:01,365 - ezgripper_left - INFO - Command received: q=0.942 rad -> 15.0%
2026-01-30 04:28:01,398 - ezgripper_left - INFO - Command received: q=0.922 rad -> 14.7%
2026-01-30 04:28:01,432 - ezgripper_left - INFO - Command received: q=0.901 rad -> 14.3%
2026-01-30 04:28:01,465 - ezgripper_left - INFO - Command received: q=0.881 rad -> 14.0%
2026-01-30 04:28:01,498 - ezgripper_left - INFO - Command received: q=0.861 rad -> 13.7%
2026-01-30 04:28:01,532 - ezgripper_left - INFO - Command received: q=0.840 rad -> 13.4%
2026-01-30 04:28:01,565 - ezgripper_left - INFO - Command received: q=0.820 rad -> 13.1%
2026-01-30 04:28:01,598 - ezgripper_left - INFO - Command received: q=0.800 rad -> 12.7%
2026-01-30 04:28:01,632 - ezgripper_left - INFO - Command received: q=0.780 rad -> 12.4%
2026-01-30 04:28:01,668 - ezgripper_left - INFO - Command received: q=0.760 rad -> 12.1%
2026-01-30 04:28:01,701 - ezgripper_left - INFO - Command received: q=0.740 rad -> 11.8%
2026-01-30 04:28:01,734 - ezgripper_left - INFO - Command received: q=0.721 rad -> 11.5%
2026-01-30 04:28:01,768 - ezgripper_left - INFO - Command received: q=0.701 rad -> 11.2%
2026-01-30 04:28:01,801 - ezgripper_left - INFO - Command received: q=0.682 rad -> 10.8%
2026-01-30 04:28:01,834 - ezgripper_left - INFO - Command received: q=0.662 rad -> 10.5%
2026-01-30 04:28:01,868 - ezgripper_left - INFO - Command received: q=0.643 rad -> 10.2%
2026-01-30 04:28:01,901 - ezgripper_left - INFO - Command received: q=0.624 rad -> 9.9%
2026-01-30 04:28:01,934 - ezgripper_left - INFO - Command received: q=0.605 rad -> 9.6%
2026-01-30 04:28:01,968 - ezgripper_left - INFO - Command received: q=0.586 rad -> 9.3%
2026-01-30 04:28:02,004 - ezgripper_left - INFO - Command received: q=0.567 rad -> 9.0%
2026-01-30 04:28:02,037 - ezgripper_left - INFO - Command received: q=0.549 rad -> 8.7%
2026-01-30 04:28:02,070 - ezgripper_left - INFO - Command received: q=0.531 rad -> 8.4%
2026-01-30 04:28:02,104 - ezgripper_left - INFO - Command received: q=0.513 rad -> 8.2%
2026-01-30 04:28:02,137 - ezgripper_left - INFO - Command received: q=0.495 rad -> 7.9%
2026-01-30 04:28:02,171 - ezgripper_left - INFO - Command received: q=0.477 rad -> 7.6%
2026-01-30 04:28:02,204 - ezgripper_left - INFO - Command received: q=0.460 rad -> 7.3%
2026-01-30 04:28:02,237 - ezgripper_left - INFO - Command received: q=0.443 rad -> 7.0%
2026-01-30 04:28:02,271 - ezgripper_left - INFO - Command received: q=0.426 rad -> 6.8%
2026-01-30 04:28:02,304 - ezgripper_left - INFO - Command received: q=0.409 rad -> 6.5%
2026-01-30 04:28:02,340 - ezgripper_left - INFO - Command received: q=0.376 rad -> 6.0%
2026-01-30 04:28:02,373 - ezgripper_left - INFO - Command received: q=0.360 rad -> 5.7%
2026-01-30 04:28:02,407 - ezgripper_left - INFO - Command received: q=0.345 rad -> 5.5%
2026-01-30 04:28:02,440 - ezgripper_left - INFO - Command received: q=0.329 rad -> 5.2%
2026-01-30 04:28:02,473 - ezgripper_left - INFO - Command received: q=0.314 rad -> 5.0%
2026-01-30 04:28:02,507 - ezgripper_left - INFO - Command received: q=0.299 rad -> 4.8%
2026-01-30 04:28:02,540 - ezgripper_left - INFO - Command received: q=0.284 rad -> 4.5%
2026-01-30 04:28:02,573 - ezgripper_left - INFO - Command received: q=0.270 rad -> 4.3%
2026-01-30 04:28:02,607 - ezgripper_left - INFO - Command received: q=0.256 rad -> 4.1%
2026-01-30 04:28:02,640 - ezgripper_left - INFO - Command received: q=0.243 rad -> 3.9%
2026-01-30 04:28:02,676 - ezgripper_left - INFO - Command received: q=0.229 rad -> 3.6%
2026-01-30 04:28:02,709 - ezgripper_left - INFO - Command received: q=0.216 rad -> 3.4%
2026-01-30 04:28:02,743 - ezgripper_left - INFO - Command received: q=0.204 rad -> 3.2%
2026-01-30 04:28:02,776 - ezgripper_left - INFO - Command received: q=0.191 rad -> 3.0%
2026-01-30 04:28:02,809 - ezgripper_left - INFO - Command received: q=0.179 rad -> 2.9%
2026-01-30 04:28:02,843 - ezgripper_left - INFO - Command received: q=0.168 rad -> 2.7%
2026-01-30 04:28:02,876 - ezgripper_left - INFO - Command received: q=0.156 rad -> 2.5%
2026-01-30 04:28:02,909 - ezgripper_left - INFO - Command received: q=0.145 rad -> 2.3%
2026-01-30 04:28:02,943 - ezgripper_left - INFO - Command received: q=0.135 rad -> 2.1%
2026-01-30 04:28:02,976 - ezgripper_left - INFO - Command received: q=0.125 rad -> 2.0%
2026-01-30 04:28:02,996 - ezgripper_left - INFO - Executing: POSITION 2.0% (q=0.125, tau=0.000)
2026-01-30 04:28:03,012 - ezgripper_left - INFO - Command received: q=0.115 rad -> 1.8%
2026-01-30 04:28:03,045 - ezgripper_left - INFO - Command received: q=0.105 rad -> 1.7%
2026-01-30 04:28:03,079 - ezgripper_left - INFO - Command received: q=0.096 rad -> 0.0%
2026-01-30 04:28:03,112 - ezgripper_left - INFO - Command received: q=0.088 rad -> 0.0%
2026-01-30 04:28:03,145 - ezgripper_left - INFO - Command received: q=0.079 rad -> 0.0%
2026-01-30 04:28:03,178 - ezgripper_left - INFO - Command received: q=0.072 rad -> 0.0%
2026-01-30 04:28:03,212 - ezgripper_left - INFO - Command received: q=0.064 rad -> 0.0%
2026-01-30 04:28:03,245 - ezgripper_left - INFO - Command received: q=0.057 rad -> 0.0%
2026-01-30 04:28:03,279 - ezgripper_left - INFO - Command received: q=0.050 rad -> 0.0%
2026-01-30 04:28:03,312 - ezgripper_left - INFO - Command received: q=0.044 rad -> 0.0%
2026-01-30 04:28:03,348 - ezgripper_left - INFO - Command received: q=0.038 rad -> 0.0%
2026-01-30 04:28:03,381 - ezgripper_left - INFO - Command received: q=0.033 rad -> 0.0%
2026-01-30 04:28:03,414 - ezgripper_left - INFO - Command received: q=0.028 rad -> 0.0%
2026-01-30 04:28:03,448 - ezgripper_left - INFO - Command received: q=0.023 rad -> 0.0%
2026-01-30 04:28:03,481 - ezgripper_left - INFO - Command received: q=0.019 rad -> 0.0%
2026-01-30 04:28:03,514 - ezgripper_left - INFO - Command received: q=0.015 rad -> 0.0%
2026-01-30 04:28:03,548 - ezgripper_left - INFO - Command received: q=0.012 rad -> 0.0%
2026-01-30 04:28:03,581 - ezgripper_left - INFO - Command received: q=0.009 rad -> 0.0%
2026-01-30 04:28:03,614 - ezgripper_left - INFO - Command received: q=0.006 rad -> 0.0%
2026-01-30 04:28:03,648 - ezgripper_left - INFO - Command received: q=0.004 rad -> 0.0%
2026-01-30 04:28:03,684 - ezgripper_left - INFO - Command received: q=0.002 rad -> 0.0%
2026-01-30 04:28:03,717 - ezgripper_left - INFO - Command received: q=0.001 rad -> 0.0%
2026-01-30 04:28:03,751 - ezgripper_left - INFO - Command received: q=0.000 rad -> 0.0%
2026-01-30 04:28:03,784 - ezgripper_left - INFO - Command received: q=0.000 rad -> 0.0%
2026-01-30 04:28:03,817 - ezgripper_left - INFO - Command received: q=0.000 rad -> 0.0%
2026-01-30 04:28:03,851 - ezgripper_left - INFO - Command received: q=0.001 rad -> 0.0%
2026-01-30 04:28:03,884 - ezgripper_left - INFO - Command received: q=0.001 rad -> 0.0%
2026-01-30 04:28:03,917 - ezgripper_left - INFO - Command received: q=0.003 rad -> 0.0%
2026-01-30 04:28:03,951 - ezgripper_left - INFO - Command received: q=0.005 rad -> 0.0%
2026-01-30 04:28:03,984 - ezgripper_left - INFO - Command received: q=0.007 rad -> 0.0%
2026-01-30 04:28:04,020 - ezgripper_left - INFO - Command received: q=0.009 rad -> 0.0%
2026-01-30 04:28:04,053 - ezgripper_left - INFO - Command received: q=0.012 rad -> 0.0%
2026-01-30 04:28:04,086 - ezgripper_left - INFO - Command received: q=0.016 rad -> 0.0%
2026-01-30 04:28:04,120 - ezgripper_left - INFO - Command received: q=0.020 rad -> 0.0%
2026-01-30 04:28:04,153 - ezgripper_left - INFO - Command received: q=0.024 rad -> 0.0%
2026-01-30 04:28:04,186 - ezgripper_left - INFO - Command received: q=0.029 rad -> 0.0%
2026-01-30 04:28:04,220 - ezgripper_left - INFO - Command received: q=0.034 rad -> 0.0%
2026-01-30 04:28:04,253 - ezgripper_left - INFO - Command received: q=0.039 rad -> 0.0%
2026-01-30 04:28:04,286 - ezgripper_left - INFO - Command received: q=0.045 rad -> 0.0%
2026-01-30 04:28:04,320 - ezgripper_left - INFO - Command received: q=0.052 rad -> 0.0%
2026-01-30 04:28:04,356 - ezgripper_left - INFO - Command received: q=0.058 rad -> 0.0%
2026-01-30 04:28:04,389 - ezgripper_left - INFO - Command received: q=0.066 rad -> 0.0%
2026-01-30 04:28:04,423 - ezgripper_left - INFO - Command received: q=0.073 rad -> 0.0%
2026-01-30 04:28:04,456 - ezgripper_left - INFO - Command received: q=0.081 rad -> 0.0%
2026-01-30 04:28:04,489 - ezgripper_left - INFO - Command received: q=0.089 rad -> 0.0%
2026-01-30 04:28:04,522 - ezgripper_left - INFO - Command received: q=0.098 rad -> 0.0%
2026-01-30 04:28:04,556 - ezgripper_left - INFO - Command received: q=0.107 rad -> 1.7%
2026-01-30 04:28:04,589 - ezgripper_left - INFO - Command received: q=0.117 rad -> 1.9%
2026-01-30 04:28:04,622 - ezgripper_left - INFO - Command received: q=0.127 rad -> 2.0%
2026-01-30 04:28:04,656 - ezgripper_left - INFO - Command received: q=0.137 rad -> 2.2%
2026-01-30 04:28:04,676 - ezgripper_left - INFO - Executing: POSITION 2.2% (q=0.137, tau=0.000)
2026-01-30 04:28:04,692 - ezgripper_left - INFO - Command received: q=0.147 rad -> 2.3%
2026-01-30 04:28:04,725 - ezgripper_left - INFO - Command received: q=0.158 rad -> 2.5%
2026-01-30 04:28:04,758 - ezgripper_left - INFO - Command received: q=0.170 rad -> 2.7%
2026-01-30 04:28:04,792 - ezgripper_left - INFO - Command received: q=0.181 rad -> 2.9%
2026-01-30 04:28:04,825 - ezgripper_left - INFO - Command received: q=0.193 rad -> 3.1%
2026-01-30 04:28:04,859 - ezgripper_left - INFO - Command received: q=0.206 rad -> 3.3%
2026-01-30 04:28:04,892 - ezgripper_left - INFO - Command received: q=0.219 rad -> 3.5%
2026-01-30 04:28:04,925 - ezgripper_left - INFO - Command received: q=0.232 rad -> 3.7%
2026-01-30 04:28:04,959 - ezgripper_left - INFO - Command received: q=0.245 rad -> 3.9%
2026-01-30 04:28:04,992 - ezgripper_left - INFO - Command received: q=0.259 rad -> 4.1%
2026-01-30 04:28:05,028 - ezgripper_left - INFO - Command received: q=0.273 rad -> 4.3%
2026-01-30 04:28:05,061 - ezgripper_left - INFO - Command received: q=0.287 rad -> 4.6%
2026-01-30 04:28:05,095 - ezgripper_left - INFO - Command received: q=0.302 rad -> 4.8%
2026-01-30 04:28:05,128 - ezgripper_left - INFO - Command received: q=0.316 rad -> 5.0%
2026-01-30 04:28:05,161 - ezgripper_left - INFO - Command received: q=0.332 rad -> 5.3%
2026-01-30 04:28:05,195 - ezgripper_left - INFO - Command received: q=0.347 rad -> 5.5%
2026-01-30 04:28:05,228 - ezgripper_left - INFO - Command received: q=0.363 rad -> 5.8%
2026-01-30 04:28:05,261 - ezgripper_left - INFO - Command received: q=0.379 rad -> 6.0%
2026-01-30 04:28:05,295 - ezgripper_left - INFO - Command received: q=0.395 rad -> 6.3%
2026-01-30 04:28:05,328 - ezgripper_left - INFO - Command received: q=0.412 rad -> 6.6%
2026-01-30 04:28:05,364 - ezgripper_left - INFO - Command received: q=0.428 rad -> 6.8%
2026-01-30 04:28:05,397 - ezgripper_left - INFO - Command received: q=0.445 rad -> 7.1%
2026-01-30 04:28:05,431 - ezgripper_left - INFO - Command received: q=0.463 rad -> 7.4%
2026-01-30 04:28:05,464 - ezgripper_left - INFO - Command received: q=0.480 rad -> 7.6%
2026-01-30 04:28:05,497 - ezgripper_left - INFO - Command received: q=0.498 rad -> 7.9%
2026-01-30 04:28:05,531 - ezgripper_left - INFO - Command received: q=0.516 rad -> 8.2%
2026-01-30 04:28:05,564 - ezgripper_left - INFO - Command received: q=0.534 rad -> 8.5%
2026-01-30 04:28:05,597 - ezgripper_left - INFO - Command received: q=0.552 rad -> 8.8%
2026-01-30 04:28:05,631 - ezgripper_left - INFO - Command received: q=0.571 rad -> 9.1%
2026-01-30 04:28:05,664 - ezgripper_left - INFO - Command received: q=0.589 rad -> 9.4%
2026-01-30 04:28:05,700 - ezgripper_left - INFO - Command received: q=0.608 rad -> 9.7%
2026-01-30 04:28:05,733 - ezgripper_left - INFO - Command received: q=0.627 rad -> 10.0%
2026-01-30 04:28:05,767 - ezgripper_left - INFO - Command received: q=0.646 rad -> 10.3%
2026-01-30 04:28:05,800 - ezgripper_left - INFO - Command received: q=0.665 rad -> 10.6%
2026-01-30 04:28:05,833 - ezgripper_left - INFO - Command received: q=0.685 rad -> 10.9%
2026-01-30 04:28:05,867 - ezgripper_left - INFO - Command received: q=0.704 rad -> 11.2%
2026-01-30 04:28:05,900 - ezgripper_left - INFO - Command received: q=0.724 rad -> 11.5%
2026-01-30 04:28:05,933 - ezgripper_left - INFO - Command received: q=0.744 rad -> 11.8%
2026-01-30 04:28:05,967 - ezgripper_left - INFO - Command received: q=0.764 rad -> 12.2%
2026-01-30 04:28:06,000 - ezgripper_left - INFO - Command received: q=0.784 rad -> 12.5%
2026-01-30 04:28:06,036 - ezgripper_left - INFO - Command received: q=0.804 rad -> 12.8%
2026-01-30 04:28:06,046 - ezgripper_left - INFO - 📊 Monitor: State=193.8Hz | Cmd=12.5% | Pred=12.5% | Actual=11.0% | Err=0.0% | Track=1.5%
2026-01-30 04:28:06,069 - ezgripper_left - INFO - Command received: q=0.824 rad -> 13.1%
2026-01-30 04:28:06,103 - ezgripper_left - INFO - Command received: q=0.844 rad -> 13.4%
2026-01-30 04:28:06,136 - ezgripper_left - INFO - Command received: q=0.864 rad -> 13.8%
2026-01-30 04:28:06,169 - ezgripper_left - INFO - Command received: q=0.884 rad -> 14.1%
2026-01-30 04:28:06,203 - ezgripper_left - INFO - Command received: q=0.905 rad -> 14.4%
2026-01-30 04:28:06,236 - ezgripper_left - INFO - Command received: q=0.925 rad -> 14.7%
2026-01-30 04:28:06,269 - ezgripper_left - INFO - Command received: q=0.945 rad -> 15.0%
2026-01-30 04:28:06,303 - ezgripper_left - INFO - Command received: q=0.966 rad -> 15.4%
2026-01-30 04:28:06,336 - ezgripper_left - INFO - Command received: q=1.508 rad -> 24.0%
2026-01-30 04:28:06,356 - ezgripper_left - INFO - Executing: POSITION 24.0% (q=1.508, tau=0.000)
2026-01-30 04:28:06,372 - ezgripper_left - INFO - Command received: q=1.508 rad -> 24.0%
2026-01-30 04:28:06,405 - ezgripper_left - INFO - Command received: q=1.508 rad -> 24.0%
2026-01-30 04:28:06,439 - ezgripper_left - INFO - Command received: q=1.508 rad -> 24.0%
2026-01-30 04:28:06,472 - ezgripper_left - INFO - Command received: q=1.508 rad -> 24.0%
2026-01-30 04:28:06,505 - ezgripper_left - INFO - Command received: q=1.508 rad -> 24.0%
2026-01-30 04:28:06,539 - ezgripper_left - INFO - Command received: q=1.508 rad -> 24.0%
2026-01-30 04:28:06,572 - ezgripper_left - INFO - Command received: q=1.508 rad -> 24.0%
2026-01-30 04:28:06,605 - ezgripper_left - INFO - Command received: q=1.508 rad -> 24.0%
2026-01-30 04:28:06,639 - ezgripper_left - INFO - Command received: q=1.508 rad -> 24.0%
2026-01-30 04:28:06,672 - ezgripper_left - INFO - Command received: q=1.508 rad -> 24.0%
2026-01-30 04:28:06,708 - ezgripper_left - INFO - Command received: q=1.508 rad -> 24.0%
2026-01-30 04:28:06,741 - ezgripper_left - INFO - Command received: q=1.508 rad -> 24.0%
2026-01-30 04:28:06,775 - ezgripper_left - INFO - Command received: q=1.508 rad -> 24.0%
2026-01-30 04:28:06,808 - ezgripper_left - INFO - Command received: q=1.508 rad -> 24.0%
2026-01-30 04:28:06,841 - ezgripper_left - INFO - Command received: q=1.508 rad -> 24.0%
2026-01-30 04:28:06,875 - ezgripper_left - INFO - Command received: q=1.508 rad -> 24.0%
2026-01-30 04:28:06,908 - ezgripper_left - INFO - Command received: q=1.508 rad -> 24.0%
2026-01-30 04:28:06,941 - ezgripper_left - INFO - Command received: q=1.508 rad -> 24.0%
2026-01-30 04:28:06,975 - ezgripper_left - INFO - Command received: q=1.508 rad -> 24.0%
2026-01-30 04:28:07,008 - ezgripper_left - INFO - Command received: q=1.508 rad -> 24.0%
2026-01-30 04:28:07,044 - ezgripper_left - INFO - Command received: q=1.508 rad -> 24.0%
2026-01-30 04:28:07,077 - ezgripper_left - INFO - Command received: q=1.508 rad -> 24.0%
2026-01-30 04:28:07,111 - ezgripper_left - INFO - Command received: q=1.508 rad -> 24.0%
2026-01-30 04:28:07,144 - ezgripper_left - INFO - Command received: q=1.508 rad -> 24.0%
2026-01-30 04:28:07,177 - ezgripper_left - INFO - Command received: q=1.508 rad -> 24.0%
2026-01-30 04:28:07,211 - ezgripper_left - INFO - Command received: q=1.508 rad -> 24.0%
2026-01-30 04:28:07,244 - ezgripper_left - INFO - Command received: q=1.508 rad -> 24.0%
2026-01-30 04:28:07,277 - ezgripper_left - INFO - Command received: q=1.508 rad -> 24.0%
2026-01-30 04:28:07,311 - ezgripper_left - INFO - Command received: q=1.508 rad -> 24.0%
2026-01-30 04:28:07,344 - ezgripper_left - INFO - Command received: q=1.546 rad -> 24.6%
2026-01-30 04:28:07,380 - ezgripper_left - INFO - Command received: q=1.546 rad -> 24.6%
2026-01-30 04:28:07,413 - ezgripper_left - INFO - Command received: q=1.546 rad -> 24.6%
2026-01-30 04:28:07,447 - ezgripper_left - INFO - Command received: q=1.546 rad -> 24.6%
2026-01-30 04:28:07,480 - ezgripper_left - INFO - Command received: q=1.546 rad -> 24.6%
2026-01-30 04:28:07,513 - ezgripper_left - INFO - Command received: q=1.546 rad -> 24.6%
2026-01-30 04:28:07,547 - ezgripper_left - INFO - Command received: q=1.546 rad -> 24.6%
2026-01-30 04:28:07,580 - ezgripper_left - INFO - Command received: q=1.546 rad -> 24.6%
2026-01-30 04:28:07,613 - ezgripper_left - INFO - Command received: q=1.546 rad -> 24.6%
2026-01-30 04:28:07,647 - ezgripper_left - INFO - Command received: q=1.546 rad -> 24.6%
2026-01-30 04:28:07,680 - ezgripper_left - INFO - Command received: q=1.546 rad -> 24.6%
2026-01-30 04:28:07,716 - ezgripper_left - INFO - Command received: q=1.546 rad -> 24.6%
2026-01-30 04:28:07,749 - ezgripper_left - INFO - Command received: q=1.546 rad -> 24.6%
2026-01-30 04:28:07,783 - ezgripper_left - INFO - Command received: q=1.546 rad -> 24.6%
2026-01-30 04:28:07,816 - ezgripper_left - INFO - Command received: q=1.546 rad -> 24.6%
2026-01-30 04:28:07,850 - ezgripper_left - INFO - Command received: q=1.546 rad -> 24.6%
2026-01-30 04:28:07,883 - ezgripper_left - INFO - Command received: q=1.546 rad -> 24.6%
2026-01-30 04:28:07,916 - ezgripper_left - INFO - Command received: q=1.546 rad -> 24.6%
2026-01-30 04:28:07,950 - ezgripper_left - INFO - Command received: q=1.546 rad -> 24.6%
2026-01-30 04:28:07,983 - ezgripper_left - INFO - Command received: q=1.546 rad -> 24.6%
2026-01-30 04:28:08,016 - ezgripper_left - INFO - Command received: q=1.546 rad -> 24.6%
2026-01-30 04:28:08,036 - ezgripper_left - INFO - Executing: POSITION 24.6% (q=1.546, tau=0.000)
2026-01-30 04:28:08,052 - ezgripper_left - INFO - Command received: q=1.546 rad -> 24.6%
2026-01-30 04:28:08,085 - ezgripper_left - INFO - Command received: q=1.546 rad -> 24.6%
2026-01-30 04:28:08,119 - ezgripper_left - INFO - Command received: q=1.546 rad -> 24.6%
2026-01-30 04:28:08,152 - ezgripper_left - INFO - Command received: q=1.546 rad -> 24.6%
2026-01-30 04:28:08,185 - ezgripper_left - INFO - Command received: q=1.546 rad -> 24.6%
2026-01-30 04:28:08,219 - ezgripper_left - INFO - Command received: q=1.546 rad -> 24.6%
2026-01-30 04:28:08,252 - ezgripper_left - INFO - Command received: q=1.546 rad -> 24.6%
2026-01-30 04:28:08,285 - ezgripper_left - INFO - Command received: q=1.546 rad -> 24.6%
2026-01-30 04:28:08,319 - ezgripper_left - INFO - Command received: q=1.546 rad -> 24.6%
2026-01-30 04:28:08,352 - ezgripper_left - INFO - Command received: q=1.011 rad -> 16.1%
2026-01-30 04:28:08,388 - ezgripper_left - INFO - Command received: q=1.011 rad -> 16.1%
2026-01-30 04:28:08,421 - ezgripper_left - INFO - Command received: q=1.011 rad -> 16.1%
2026-01-30 04:28:08,455 - ezgripper_left - INFO - Command received: q=1.011 rad -> 16.1%
2026-01-30 04:28:08,488 - ezgripper_left - INFO - Command received: q=1.011 rad -> 16.1%
2026-01-30 04:28:08,522 - ezgripper_left - INFO - Command received: q=1.011 rad -> 16.1%
2026-01-30 04:28:08,555 - ezgripper_left - INFO - Command received: q=1.011 rad -> 16.1%
2026-01-30 04:28:08,588 - ezgripper_left - INFO - Command received: q=1.011 rad -> 16.1%
2026-01-30 04:28:08,622 - ezgripper_left - INFO - Command received: q=1.011 rad -> 16.1%
2026-01-30 04:28:08,655 - ezgripper_left - INFO - Command received: q=1.011 rad -> 16.1%
2026-01-30 04:28:08,688 - ezgripper_left - INFO - Command received: q=1.011 rad -> 16.1%
2026-01-30 04:28:08,724 - ezgripper_left - INFO - Command received: q=1.011 rad -> 16.1%
2026-01-30 04:28:08,758 - ezgripper_left - INFO - Command received: q=1.011 rad -> 16.1%
2026-01-30 04:28:08,791 - ezgripper_left - INFO - Command received: q=1.011 rad -> 16.1%
2026-01-30 04:28:08,824 - ezgripper_left - INFO - Command received: q=1.011 rad -> 16.1%
2026-01-30 04:28:08,858 - ezgripper_left - INFO - Command received: q=1.011 rad -> 16.1%
2026-01-30 04:28:08,891 - ezgripper_left - INFO - Command received: q=1.011 rad -> 16.1%
2026-01-30 04:28:08,924 - ezgripper_left - INFO - Command received: q=1.011 rad -> 16.1%
2026-01-30 04:28:08,958 - ezgripper_left - INFO - Command received: q=1.011 rad -> 16.1%
2026-01-30 04:28:08,991 - ezgripper_left - INFO - Command received: q=1.011 rad -> 16.1%
2026-01-30 04:28:09,024 - ezgripper_left - INFO - Command received: q=1.011 rad -> 16.1%
2026-01-30 04:28:09,060 - ezgripper_left - INFO - Command received: q=1.011 rad -> 16.1%
2026-01-30 04:28:09,093 - ezgripper_left - INFO - Command received: q=1.011 rad -> 16.1%
2026-01-30 04:28:09,127 - ezgripper_left - INFO - Command received: q=1.011 rad -> 16.1%
2026-01-30 04:28:09,160 - ezgripper_left - INFO - Command received: q=1.011 rad -> 16.1%
2026-01-30 04:28:09,194 - ezgripper_left - INFO - Command received: q=1.011 rad -> 16.1%
2026-01-30 04:28:09,227 - ezgripper_left - INFO - Command received: q=1.011 rad -> 16.1%
2026-01-30 04:28:09,260 - ezgripper_left - INFO - Command received: q=1.011 rad -> 16.1%
2026-01-30 04:28:09,294 - ezgripper_left - INFO - Command received: q=0.965 rad -> 15.4%
2026-01-30 04:28:09,327 - ezgripper_left - INFO - Command received: q=0.965 rad -> 15.4%
2026-01-30 04:28:09,360 - ezgripper_left - INFO - Command received: q=0.965 rad -> 15.4%
2026-01-30 04:28:09,396 - ezgripper_left - INFO - Command received: q=0.965 rad -> 15.4%
2026-01-30 04:28:09,429 - ezgripper_left - INFO - Command received: q=0.965 rad -> 15.4%
2026-01-30 04:28:09,463 - ezgripper_left - INFO - Command received: q=0.965 rad -> 15.4%
2026-01-30 04:28:09,496 - ezgripper_left - INFO - Command received: q=0.965 rad -> 15.4%
2026-01-30 04:28:09,530 - ezgripper_left - INFO - Command received: q=0.965 rad -> 15.4%
2026-01-30 04:28:09,563 - ezgripper_left - INFO - Command received: q=0.965 rad -> 15.4%
2026-01-30 04:28:09,596 - ezgripper_left - INFO - Command received: q=0.965 rad -> 15.4%
2026-01-30 04:28:09,630 - ezgripper_left - INFO - Command received: q=0.965 rad -> 15.4%
2026-01-30 04:28:09,663 - ezgripper_left - INFO - Command received: q=0.965 rad -> 15.4%
2026-01-30 04:28:09,696 - ezgripper_left - INFO - Command received: q=0.965 rad -> 15.4%
2026-01-30 04:28:09,716 - ezgripper_left - INFO - Executing: POSITION 15.4% (q=0.965, tau=0.000)
2026-01-30 04:28:09,732 - ezgripper_left - INFO - Command received: q=0.965 rad -> 15.4%
2026-01-30 04:28:09,765 - ezgripper_left - INFO - Command received: q=0.965 rad -> 15.4%
2026-01-30 04:28:09,799 - ezgripper_left - INFO - Command received: q=0.965 rad -> 15.4%
2026-01-30 04:28:09,832 - ezgripper_left - INFO - Command received: q=0.965 rad -> 15.4%
2026-01-30 04:28:09,866 - ezgripper_left - INFO - Command received: q=0.965 rad -> 15.4%
2026-01-30 04:28:09,899 - ezgripper_left - INFO - Command received: q=0.965 rad -> 15.4%
2026-01-30 04:28:09,932 - ezgripper_left - INFO - Command received: q=0.965 rad -> 15.4%
2026-01-30 04:28:09,966 - ezgripper_left - INFO - Command received: q=0.965 rad -> 15.4%
2026-01-30 04:28:09,999 - ezgripper_left - INFO - Command received: q=0.965 rad -> 15.4%
2026-01-30 04:28:10,032 - ezgripper_left - INFO - Command received: q=0.965 rad -> 15.4%
2026-01-30 04:28:10,068 - ezgripper_left - INFO - Command received: q=0.965 rad -> 15.4%
2026-01-30 04:28:10,102 - ezgripper_left - INFO - Command received: q=0.965 rad -> 15.4%
2026-01-30 04:28:10,135 - ezgripper_left - INFO - Command received: q=0.965 rad -> 15.4%
2026-01-30 04:28:10,168 - ezgripper_left - INFO - Command received: q=0.965 rad -> 15.4%
2026-01-30 04:28:10,202 - ezgripper_left - INFO - Command received: q=0.965 rad -> 15.4%
2026-01-30 04:28:10,235 - ezgripper_left - INFO - Command received: q=0.965 rad -> 15.4%
2026-01-30 04:28:10,268 - ezgripper_left - INFO - Command received: q=0.965 rad -> 15.4%
2026-01-30 04:28:10,302 - ezgripper_left - INFO - Command received: q=0.817 rad -> 13.0%
2026-01-30 04:28:10,335 - ezgripper_left - INFO - Command received: q=0.817 rad -> 13.0%
2026-01-30 04:28:10,368 - ezgripper_left - INFO - Command received: q=0.817 rad -> 13.0%
2026-01-30 04:28:10,404 - ezgripper_left - INFO - Command received: q=0.817 rad -> 13.0%
2026-01-30 04:28:10,438 - ezgripper_left - INFO - Command received: q=0.817 rad -> 13.0%
2026-01-30 04:28:10,471 - ezgripper_left - INFO - Command received: q=0.817 rad -> 13.0%
2026-01-30 04:28:10,504 - ezgripper_left - INFO - Command received: q=0.817 rad -> 13.0%
2026-01-30 04:28:10,538 - ezgripper_left - INFO - Command received: q=0.817 rad -> 13.0%
2026-01-30 04:28:10,571 - ezgripper_left - INFO - Command received: q=0.817 rad -> 13.0%
2026-01-30 04:28:10,604 - ezgripper_left - INFO - Command received: q=0.817 rad -> 13.0%
2026-01-30 04:28:10,638 - ezgripper_left - INFO - Command received: q=0.817 rad -> 13.0%
2026-01-30 04:28:10,671 - ezgripper_left - INFO - Command received: q=0.817 rad -> 13.0%
2026-01-30 04:28:10,704 - ezgripper_left - INFO - Command received: q=0.817 rad -> 13.0%
2026-01-30 04:28:10,740 - ezgripper_left - INFO - Command received: q=0.817 rad -> 13.0%
2026-01-30 04:28:10,774 - ezgripper_left - INFO - Command received: q=0.817 rad -> 13.0%
2026-01-30 04:28:10,807 - ezgripper_left - INFO - Command received: q=0.817 rad -> 13.0%
2026-01-30 04:28:10,840 - ezgripper_left - INFO - Command received: q=0.817 rad -> 13.0%
2026-01-30 04:28:10,874 - ezgripper_left - INFO - Command received: q=0.817 rad -> 13.0%
2026-01-30 04:28:10,907 - ezgripper_left - INFO - Command received: q=0.817 rad -> 13.0%
