2026-01-29 15:12:09,245 - mode_characterization - INFO - Connecting to gripper on /dev/ttyUSB0
2026-01-29 15:12:09,298 - mode_characterization - INFO - Mode characterization ready
2026-01-29 15:12:09,298 - mode_characterization - INFO - Step 1: Calibrating gripper to find actual zero point...
2026-01-29 15:12:12,418 - mode_characterization - INFO -   Actual zero position: 2810
2026-01-29 15:12:12,418 - mode_characterization - INFO - Step 2: Shifting zero point by -10% (250 units)
2026-01-29 15:12:12,418 - mode_characterization - INFO -   New zero position: 2560 (was 2810)
2026-01-29 15:12:12,419 - mode_characterization - INFO -   This makes 0% = 10% before true zero (fingers not touching)
2026-01-29 15:12:12,419 - mode_characterization - INFO -   Commanding 10-20% will cause fingers to collide and press against themselves
2026-01-29 15:12:12,419 - mode_characterization - INFO - Step 3: Releasing gripper for 10 seconds before starting tests...
2026-01-29 15:12:12,419 - mode_characterization - INFO -   (Disabling torque mode - springs will open gripper naturally)
2026-01-29 15:12:12,419 - mode_characterization - INFO -   (Each test will command 0%, which is 10% before true zero)
2026-01-29 15:12:12,419 - mode_characterization - INFO -   (Gripper will close to true zero and press against itself)
2026-01-29 15:12:22,434 - mode_characterization - INFO - ✅ Calibration and shift complete - ready to begin characterization
2026-01-29 15:12:22,434 - mode_characterization - INFO - ======================================================================
2026-01-29 15:12:22,434 - mode_characterization - INFO - POSITION MODE CHARACTERIZATION
2026-01-29 15:12:22,434 - mode_characterization - INFO - ======================================================================
2026-01-29 15:12:22,434 - mode_characterization - INFO - Testing at 0% position (gripper tries to go 10% beyond true zero)
2026-01-29 15:12:22,435 - mode_characterization - INFO - Methodology: Command 0%, read stable current (max 2s), release 10s
2026-01-29 15:12:22,435 - mode_characterization - INFO - 
Testing position mode at 20% effort...
2026-01-29 15:12:23,651 - mode_characterization - INFO -   Gripper stopped at position: 2834
2026-01-29 15:12:24,435 - mode_characterization - INFO -   Effort: 20% | Load: 204 | Signed: -820
2026-01-29 15:12:24,435 - mode_characterization - INFO -   Current readings (mA): [-274, -274, -274, -274, -270]
2026-01-29 15:12:24,435 - mode_characterization - INFO -   Average current: -273.2 mA
2026-01-29 15:12:24,435 - mode_characterization - INFO -   Releasing gripper for 10 seconds...
2026-01-29 15:12:34,451 - mode_characterization - INFO - 
Testing position mode at 30% effort...
2026-01-29 15:12:35,603 - mode_characterization - INFO -   Gripper stopped at position: 2809
2026-01-29 15:12:36,387 - mode_characterization - INFO -   Effort: 30% | Load: 306 | Signed: -718
2026-01-29 15:12:36,388 - mode_characterization - INFO -   Current readings (mA): [-558, -558, -558, -558, -558]
2026-01-29 15:12:36,388 - mode_characterization - INFO -   Average current: -558.0 mA
2026-01-29 15:12:36,388 - mode_characterization - INFO -   Releasing gripper for 10 seconds...
2026-01-29 15:12:46,403 - mode_characterization - INFO - 
Testing position mode at 40% effort...
2026-01-29 15:12:47,556 - mode_characterization - INFO -   Gripper stopped at position: 2812
2026-01-29 15:12:48,340 - mode_characterization - INFO -   Effort: 40% | Load: 409 | Signed: -615
2026-01-29 15:12:48,341 - mode_characterization - INFO -   Current readings (mA): [-882, -882, -882, -882, -882]
2026-01-29 15:12:48,341 - mode_characterization - INFO -   Average current: -882.0 mA
2026-01-29 15:12:48,341 - mode_characterization - INFO -   Releasing gripper for 10 seconds...
2026-01-29 15:12:58,356 - mode_characterization - INFO - 
Testing position mode at 50% effort...
2026-01-29 15:12:59,509 - mode_characterization - INFO -   Gripper stopped at position: 2812
2026-01-29 15:13:00,293 - mode_characterization - INFO -   Effort: 50% | Load: 511 | Signed: -513
2026-01-29 15:13:00,293 - mode_characterization - INFO -   Current readings (mA): [-1174, -1170, -1170, -1165, -1165]
2026-01-29 15:13:00,293 - mode_characterization - INFO -   Average current: -1168.8 mA
2026-01-29 15:13:00,294 - mode_characterization - INFO -   Releasing gripper for 10 seconds...
2026-01-29 15:13:10,309 - mode_characterization - INFO - 
Testing position mode at 60% effort...
2026-01-29 15:13:11,462 - mode_characterization - INFO -   Gripper stopped at position: 2809
2026-01-29 15:13:12,246 - mode_characterization - INFO -   Effort: 60% | Load: 613 | Signed: -411
2026-01-29 15:13:12,246 - mode_characterization - INFO -   Current readings (mA): [-1534, -1534, -1530, -1525, -1525]
2026-01-29 15:13:12,246 - mode_characterization - INFO -   Average current: -1529.6 mA
2026-01-29 15:13:12,246 - mode_characterization - INFO -   Releasing gripper for 10 seconds...
2026-01-29 15:13:22,262 - mode_characterization - INFO - 
Testing position mode at 70% effort...
2026-01-29 15:13:23,415 - mode_characterization - INFO -   Gripper stopped at position: 2811
2026-01-29 15:13:24,199 - mode_characterization - INFO -   Effort: 70% | Load: 716 | Signed: -308
2026-01-29 15:13:24,199 - mode_characterization - INFO -   Current readings (mA): [-1921, -1926, -1917, -1908, -1912]
2026-01-29 15:13:24,199 - mode_characterization - INFO -   Average current: -1916.8 mA
2026-01-29 15:13:24,199 - mode_characterization - INFO -   Releasing gripper for 10 seconds...
2026-01-29 15:13:34,215 - mode_characterization - INFO - 
Testing position mode at 80% effort...
2026-01-29 15:13:35,367 - mode_characterization - INFO -   Gripper stopped at position: 2808
2026-01-29 15:13:36,151 - mode_characterization - INFO -   Effort: 80% | Load: 818 | Signed: -206
2026-01-29 15:13:36,151 - mode_characterization - INFO -   Current readings (mA): [-2304, -2304, -2313, -2295, -2286]
2026-01-29 15:13:36,151 - mode_characterization - INFO -   Average current: -2300.4 mA
2026-01-29 15:13:36,151 - mode_characterization - INFO -   Releasing gripper for 10 seconds...
2026-01-29 15:13:46,167 - mode_characterization - INFO - 
Testing position mode at 90% effort...
2026-01-29 15:13:47,320 - mode_characterization - INFO -   Gripper stopped at position: 2811
2026-01-29 15:13:48,104 - mode_characterization - INFO -   Effort: 90% | Load: 920 | Signed: -104
2026-01-29 15:13:48,104 - mode_characterization - INFO -   Current readings (mA): [-2691, -2682, -2677, -2677, -2664]
2026-01-29 15:13:48,104 - mode_characterization - INFO -   Average current: -2678.2 mA
2026-01-29 15:13:48,104 - mode_characterization - INFO -   Releasing gripper for 10 seconds...
2026-01-29 15:13:58,120 - mode_characterization - INFO - 
Testing position mode at 100% effort...
2026-01-29 15:13:59,273 - mode_characterization - INFO -   Gripper stopped at position: 2812
2026-01-29 15:14:00,057 - mode_characterization - INFO -   Effort: 100% | Load: 987 | Signed: -37
2026-01-29 15:14:00,057 - mode_characterization - INFO -   Current readings (mA): [-2934, -2925, -2916, -2911, -2902]
2026-01-29 15:14:00,057 - mode_characterization - INFO -   Average current: -2917.6 mA
2026-01-29 15:14:00,057 - mode_characterization - INFO -   Releasing gripper for 10 seconds...
2026-01-29 15:14:10,073 - mode_characterization - INFO - 
======================================================================
2026-01-29 15:14:10,073 - mode_characterization - INFO - TORQUE MODE CHARACTERIZATION
2026-01-29 15:14:10,073 - mode_characterization - INFO - ======================================================================
2026-01-29 15:14:10,073 - mode_characterization - INFO - Testing at 0% position (gripper tries to go 10% beyond true zero)
2026-01-29 15:14:10,073 - mode_characterization - INFO - Methodology: Apply torque, read stable current (max 2s), release 10s
2026-01-29 15:14:10,073 - mode_characterization - INFO - 
Testing torque mode at 20% torque...
2026-01-29 15:14:11,129 - mode_characterization - INFO -   Pre-torque error state: 0 (No Error)
2026-01-29 15:14:11,257 - mode_characterization - INFO -   Gripper stopped at position: 2865
2026-01-29 15:14:12,057 - mode_characterization - INFO -   Torque: 20% | Load: 420 | Signed: -604
2026-01-29 15:14:12,058 - mode_characterization - INFO -   Current readings (mA): [-918, -922, -913, -918, -918]
2026-01-29 15:14:12,058 - mode_characterization - INFO -   Average current: -917.8 mA
2026-01-29 15:14:12,058 - mode_characterization - INFO -   Post-torque error state: 0 (No Error)
2026-01-29 15:14:12,058 - mode_characterization - INFO -   Releasing gripper for 10 seconds...
2026-01-29 15:14:22,090 - mode_characterization - INFO -   Post-recovery error state: 0 (No Error)
2026-01-29 15:14:22,090 - mode_characterization - INFO - 
Testing torque mode at 25% torque...
2026-01-29 15:14:23,146 - mode_characterization - INFO -   Pre-torque error state: 0 (No Error)
2026-01-29 15:14:23,274 - mode_characterization - INFO -   Gripper stopped at position: 2858
2026-01-29 15:14:24,074 - mode_characterization - INFO -   Torque: 25% | Load: 516 | Signed: -508
2026-01-29 15:14:24,075 - mode_characterization - INFO -   Current readings (mA): [-1143, -1143, -1143, -1147, -1147]
2026-01-29 15:14:24,075 - mode_characterization - INFO -   Average current: -1144.6 mA
2026-01-29 15:14:24,075 - mode_characterization - INFO -   Post-torque error state: 0 (No Error)
2026-01-29 15:14:24,075 - mode_characterization - INFO -   Releasing gripper for 10 seconds...
2026-01-29 15:14:34,107 - mode_characterization - INFO -   Post-recovery error state: 0 (No Error)
2026-01-29 15:14:34,107 - mode_characterization - INFO - 
Testing torque mode at 30% torque...
2026-01-29 15:14:35,163 - mode_characterization - INFO -   Pre-torque error state: 0 (No Error)
2026-01-29 15:14:35,291 - mode_characterization - INFO -   Gripper stopped at position: 2849
2026-01-29 15:14:36,091 - mode_characterization - INFO -   Torque: 30% | Load: 584 | Signed: -440
2026-01-29 15:14:36,091 - mode_characterization - INFO -   Current readings (mA): [-1381, -1377, -1372, -1372, -1372]
2026-01-29 15:14:36,091 - mode_characterization - INFO -   Average current: -1374.8 mA
2026-01-29 15:14:36,091 - mode_characterization - INFO -   Post-torque error state: 0 (No Error)
2026-01-29 15:14:36,091 - mode_characterization - INFO -   Releasing gripper for 10 seconds...
2026-01-29 15:14:46,124 - mode_characterization - INFO -   Post-recovery error state: 0 (No Error)
2026-01-29 15:14:46,124 - mode_characterization - INFO - 
Testing torque mode at 35% torque...
2026-01-29 15:14:47,180 - mode_characterization - INFO -   Pre-torque error state: 0 (No Error)
2026-01-29 15:14:47,308 - mode_characterization - INFO -   Gripper stopped at position: 2850
2026-01-29 15:14:48,108 - mode_characterization - INFO -   Torque: 35% | Load: 643 | Signed: -381
2026-01-29 15:14:48,108 - mode_characterization - INFO -   Current readings (mA): [-1611, -1606, -1611, -1611, -1615]
2026-01-29 15:14:48,108 - mode_characterization - INFO -   Average current: -1610.8 mA
2026-01-29 15:14:48,108 - mode_characterization - INFO -   Post-torque error state: 0 (No Error)
2026-01-29 15:14:48,108 - mode_characterization - INFO -   Releasing gripper for 10 seconds...
2026-01-29 15:14:58,141 - mode_characterization - INFO -   Post-recovery error state: 0 (No Error)
2026-01-29 15:14:58,141 - mode_characterization - INFO - 
Testing torque mode at 40% torque...
2026-01-29 15:14:59,196 - mode_characterization - INFO -   Pre-torque error state: 0 (No Error)
2026-01-29 15:14:59,325 - mode_characterization - INFO -   Gripper stopped at position: 2846
2026-01-29 15:15:00,125 - mode_characterization - INFO -   Torque: 40% | Load: 705 | Signed: -319
2026-01-29 15:15:00,125 - mode_characterization - INFO -   Current readings (mA): [-1840, -1836, -1836, -1831, -1836]
2026-01-29 15:15:00,125 - mode_characterization - INFO -   Average current: -1835.8 mA
2026-01-29 15:15:00,125 - mode_characterization - INFO -   Post-torque error state: 0 (No Error)
2026-01-29 15:15:00,125 - mode_characterization - INFO -   Releasing gripper for 10 seconds...
2026-01-29 15:15:10,157 - mode_characterization - INFO -   Post-recovery error state: 0 (No Error)
2026-01-29 15:15:10,158 - mode_characterization - INFO - 
Testing torque mode at 45% torque...
2026-01-29 15:15:11,213 - mode_characterization - INFO -   Pre-torque error state: 0 (No Error)
2026-01-29 15:15:11,405 - mode_characterization - INFO -   Gripper stopped at position: 2835
2026-01-29 15:15:12,205 - mode_characterization - INFO -   Torque: 45% | Load: 767 | Signed: -257
2026-01-29 15:15:12,206 - mode_characterization - INFO -   Current readings (mA): [-2070, -2065, -2061, -2070, -2065]
2026-01-29 15:15:12,206 - mode_characterization - INFO -   Average current: -2066.2 mA
2026-01-29 15:15:12,206 - mode_characterization - INFO -   Post-torque error state: 0 (No Error)
2026-01-29 15:15:12,206 - mode_characterization - INFO -   Releasing gripper for 10 seconds...
2026-01-29 15:15:22,238 - mode_characterization - INFO -   Post-recovery error state: 0 (No Error)
2026-01-29 15:15:22,238 - mode_characterization - INFO - 
Testing torque mode at 50% torque...
2026-01-29 15:15:23,294 - mode_characterization - INFO -   Pre-torque error state: 0 (No Error)
2026-01-29 15:15:23,550 - mode_characterization - INFO -   Gripper stopped at position: 2820
2026-01-29 15:15:24,350 - mode_characterization - INFO -   Torque: 50% | Load: 828 | Signed: -196
2026-01-29 15:15:24,350 - mode_characterization - INFO -   Current readings (mA): [-2295, -2304, -2299, -2295, -2295]
2026-01-29 15:15:24,351 - mode_characterization - INFO -   Average current: -2297.6 mA
2026-01-29 15:15:24,351 - mode_characterization - INFO -   Post-torque error state: 0 (No Error)
2026-01-29 15:15:24,351 - mode_characterization - INFO -   Releasing gripper for 10 seconds...
2026-01-29 15:15:34,383 - mode_characterization - INFO -   Post-recovery error state: 0 (No Error)
2026-01-29 15:15:34,383 - mode_characterization - INFO - 
Testing torque mode at 55% torque...
2026-01-29 15:15:35,439 - mode_characterization - INFO -   Pre-torque error state: 0 (No Error)
2026-01-29 15:15:35,695 - mode_characterization - INFO -   Gripper stopped at position: 2818
2026-01-29 15:15:36,495 - mode_characterization - INFO -   Torque: 55% | Load: 891 | Signed: -133
2026-01-29 15:15:36,495 - mode_characterization - INFO -   Current readings (mA): [-2515, -2515, -2520, -2520, -2520]
2026-01-29 15:15:36,495 - mode_characterization - INFO -   Average current: -2518.0 mA
2026-01-29 15:15:36,495 - mode_characterization - INFO -   Post-torque error state: 0 (No Error)
2026-01-29 15:15:36,495 - mode_characterization - INFO -   Releasing gripper for 10 seconds...
2026-01-29 15:15:46,528 - mode_characterization - INFO -   Post-recovery error state: 0 (No Error)
2026-01-29 15:15:46,528 - mode_characterization - INFO - 
Testing torque mode at 60% torque...
2026-01-29 15:15:47,584 - mode_characterization - INFO -   Pre-torque error state: 0 (No Error)
2026-01-29 15:15:47,840 - mode_characterization - INFO -   Gripper stopped at position: 2814
2026-01-29 15:15:48,640 - mode_characterization - INFO -   Torque: 60% | Load: 957 | Signed: -67
2026-01-29 15:15:48,640 - mode_characterization - INFO -   Current readings (mA): [-2758, -2745, -2749, -2754, -2754]
2026-01-29 15:15:48,640 - mode_characterization - INFO -   Average current: -2752.0 mA
2026-01-29 15:15:48,640 - mode_characterization - INFO -   Post-torque error state: 0 (No Error)
2026-01-29 15:15:48,640 - mode_characterization - INFO -   Releasing gripper for 10 seconds...
2026-01-29 15:15:58,673 - mode_characterization - INFO -   Post-recovery error state: 0 (No Error)
2026-01-29 15:15:58,673 - mode_characterization - INFO - 
Testing torque mode at 65% torque...
2026-01-29 15:15:59,729 - mode_characterization - INFO -   Pre-torque error state: 0 (No Error)
2026-01-29 15:15:59,921 - mode_characterization - INFO -   Gripper stopped at position: 2813
2026-01-29 15:16:00,721 - mode_characterization - INFO -   Torque: 65% | Load: 971 | Signed: -53
2026-01-29 15:16:00,721 - mode_characterization - INFO -   Current readings (mA): [-2979, -2970, -2983, -2988, -2979]
2026-01-29 15:16:00,721 - mode_characterization - INFO -   Average current: -2979.8 mA
2026-01-29 15:16:00,721 - mode_characterization - INFO -   Post-torque error state: 0 (No Error)
2026-01-29 15:16:00,721 - mode_characterization - INFO -   Releasing gripper for 10 seconds...
2026-01-29 15:16:10,753 - mode_characterization - INFO -   Post-recovery error state: 0 (No Error)
2026-01-29 15:16:10,753 - mode_characterization - INFO - 
Testing torque mode at 70% torque...
2026-01-29 15:16:11,810 - mode_characterization - INFO -   Pre-torque error state: 0 (No Error)
2026-01-29 15:16:12,002 - mode_characterization - INFO -   Gripper stopped at position: 2808
2026-01-29 15:16:12,801 - mode_characterization - INFO -   Torque: 70% | Load: 987 | Signed: -37
2026-01-29 15:16:12,802 - mode_characterization - INFO -   Current readings (mA): [-2889, -2884, -2880, -2871, -2866]
2026-01-29 15:16:12,802 - mode_characterization - INFO -   Average current: -2878.0 mA
2026-01-29 15:16:12,802 - mode_characterization - INFO -   Post-torque error state: 0 (No Error)
2026-01-29 15:16:12,802 - mode_characterization - INFO -   Releasing gripper for 10 seconds...
2026-01-29 15:16:22,834 - mode_characterization - INFO -   Post-recovery error state: 0 (No Error)
2026-01-29 15:16:22,835 - mode_characterization - INFO - 
Testing torque mode at 75% torque...
2026-01-29 15:16:23,890 - mode_characterization - INFO -   Pre-torque error state: 0 (No Error)
2026-01-29 15:16:24,082 - mode_characterization - INFO -   Gripper stopped at position: 2808
2026-01-29 15:16:24,883 - mode_characterization - INFO -   Torque: 75% | Load: 987 | Signed: -37
2026-01-29 15:16:24,883 - mode_characterization - INFO -   Current readings (mA): [-2889, -2871, -2866, -2862, -2853]
2026-01-29 15:16:24,883 - mode_characterization - INFO -   Average current: -2868.2 mA
2026-01-29 15:16:24,883 - mode_characterization - INFO -   Post-torque error state: 0 (No Error)
2026-01-29 15:16:24,883 - mode_characterization - INFO -   Releasing gripper for 10 seconds...
2026-01-29 15:16:34,915 - mode_characterization - INFO -   Post-recovery error state: 0 (No Error)
2026-01-29 15:16:34,915 - mode_characterization - INFO - 
======================================================================
2026-01-29 15:16:34,915 - mode_characterization - INFO - ANALYSIS
2026-01-29 15:16:34,915 - mode_characterization - INFO - ======================================================================
2026-01-29 15:16:34,915 - mode_characterization - INFO - 
Position Mode Results:
2026-01-29 15:16:34,915 - mode_characterization - INFO - Effort (%)   Load     Signed Load  Avg Current (mA)  
2026-01-29 15:16:34,916 - mode_characterization - INFO - -------------------------------------------------------
2026-01-29 15:16:34,916 - mode_characterization - INFO - 20           204      -820         -273.2            
2026-01-29 15:16:34,916 - mode_characterization - INFO -   Readings: [-274, -274, -274, -274, -270]
2026-01-29 15:16:34,916 - mode_characterization - INFO - 30           306      -718         -558.0            
2026-01-29 15:16:34,916 - mode_characterization - INFO -   Readings: [-558, -558, -558, -558, -558]
2026-01-29 15:16:34,916 - mode_characterization - INFO - 40           409      -615         -882.0            
2026-01-29 15:16:34,916 - mode_characterization - INFO -   Readings: [-882, -882, -882, -882, -882]
2026-01-29 15:16:34,916 - mode_characterization - INFO - 50           511      -513         -1168.8           
2026-01-29 15:16:34,916 - mode_characterization - INFO -   Readings: [-1174, -1170, -1170, -1165, -1165]
2026-01-29 15:16:34,916 - mode_characterization - INFO - 60           613      -411         -1529.6           
2026-01-29 15:16:34,916 - mode_characterization - INFO -   Readings: [-1534, -1534, -1530, -1525, -1525]
2026-01-29 15:16:34,916 - mode_characterization - INFO - 70           716      -308         -1916.8           
2026-01-29 15:16:34,916 - mode_characterization - INFO -   Readings: [-1921, -1926, -1917, -1908, -1912]
2026-01-29 15:16:34,916 - mode_characterization - INFO - 80           818      -206         -2300.4           
2026-01-29 15:16:34,916 - mode_characterization - INFO -   Readings: [-2304, -2304, -2313, -2295, -2286]
2026-01-29 15:16:34,916 - mode_characterization - INFO - 90           920      -104         -2678.2           
2026-01-29 15:16:34,916 - mode_characterization - INFO -   Readings: [-2691, -2682, -2677, -2677, -2664]
2026-01-29 15:16:34,916 - mode_characterization - INFO - 100          987      -37          -2917.6           
2026-01-29 15:16:34,916 - mode_characterization - INFO -   Readings: [-2934, -2925, -2916, -2911, -2902]
2026-01-29 15:16:34,916 - mode_characterization - INFO - 
Torque Mode Results:
2026-01-29 15:16:34,916 - mode_characterization - INFO - Torque (%)   Load     Signed Load  Avg Current (mA)  
2026-01-29 15:16:34,916 - mode_characterization - INFO - -------------------------------------------------------
2026-01-29 15:16:34,916 - mode_characterization - INFO - 20           420      -604         -917.8            
2026-01-29 15:16:34,917 - mode_characterization - INFO -   Readings: [-918, -922, -913, -918, -918]
2026-01-29 15:16:34,917 - mode_characterization - INFO - 25           516      -508         -1144.6           
2026-01-29 15:16:34,917 - mode_characterization - INFO -   Readings: [-1143, -1143, -1143, -1147, -1147]
2026-01-29 15:16:34,917 - mode_characterization - INFO - 30           584      -440         -1374.8           
2026-01-29 15:16:34,917 - mode_characterization - INFO -   Readings: [-1381, -1377, -1372, -1372, -1372]
2026-01-29 15:16:34,917 - mode_characterization - INFO - 35           643      -381         -1610.8           
2026-01-29 15:16:34,917 - mode_characterization - INFO -   Readings: [-1611, -1606, -1611, -1611, -1615]
2026-01-29 15:16:34,917 - mode_characterization - INFO - 40           705      -319         -1835.8           
2026-01-29 15:16:34,917 - mode_characterization - INFO -   Readings: [-1840, -1836, -1836, -1831, -1836]
2026-01-29 15:16:34,917 - mode_characterization - INFO - 45           767      -257         -2066.2           
2026-01-29 15:16:34,917 - mode_characterization - INFO -   Readings: [-2070, -2065, -2061, -2070, -2065]
2026-01-29 15:16:34,917 - mode_characterization - INFO - 50           828      -196         -2297.6           
2026-01-29 15:16:34,917 - mode_characterization - INFO -   Readings: [-2295, -2304, -2299, -2295, -2295]
2026-01-29 15:16:34,917 - mode_characterization - INFO - 55           891      -133         -2518.0           
2026-01-29 15:16:34,917 - mode_characterization - INFO -   Readings: [-2515, -2515, -2520, -2520, -2520]
2026-01-29 15:16:34,917 - mode_characterization - INFO - 60           957      -67          -2752.0           
2026-01-29 15:16:34,917 - mode_characterization - INFO -   Readings: [-2758, -2745, -2749, -2754, -2754]
2026-01-29 15:16:34,917 - mode_characterization - INFO - 65           971      -53          -2979.8           
2026-01-29 15:16:34,917 - mode_characterization - INFO -   Readings: [-2979, -2970, -2983, -2988, -2979]
2026-01-29 15:16:34,917 - mode_characterization - INFO - 70           987      -37          -2878.0           
2026-01-29 15:16:34,917 - mode_characterization - INFO -   Readings: [-2889, -2884, -2880, -2871, -2866]
2026-01-29 15:16:34,918 - mode_characterization - INFO - 75           987      -37          -2868.2           
2026-01-29 15:16:34,918 - mode_characterization - INFO -   Readings: [-2889, -2871, -2866, -2862, -2853]
2026-01-29 15:16:34,918 - mode_characterization - INFO - 
======================================================================
2026-01-29 15:16:34,918 - mode_characterization - INFO - CROSSOVER ANALYSIS
2026-01-29 15:16:34,918 - mode_characterization - INFO - ======================================================================
2026-01-29 15:16:34,918 - mode_characterization - INFO - 
Position mode 100% delivers signed load: -37
2026-01-29 15:16:34,918 - mode_characterization - INFO - Closest torque mode setting: 70%
2026-01-29 15:16:34,918 - mode_characterization - INFO - Difference: 0 load units
2026-01-29 15:16:34,918 - mode_characterization - INFO - 
======================================================================
2026-01-29 15:16:34,918 - mode_characterization - INFO - TRANSITION RECOMMENDATIONS
2026-01-29 15:16:34,918 - mode_characterization - INFO - ======================================================================
2026-01-29 15:16:34,918 - mode_characterization - INFO - 
For smooth handoff from position to torque mode:
2026-01-29 15:16:34,918 - mode_characterization - INFO - 1. Detect resistance while in position mode at 100%
2026-01-29 15:16:34,918 - mode_characterization - INFO - 2. Read current load
2026-01-29 15:16:34,918 - mode_characterization - INFO - 3. Map to equivalent torque mode setting using characterization data
2026-01-29 15:16:34,918 - mode_characterization - INFO - 4. Transition to torque mode at equivalent setting
2026-01-29 15:16:34,918 - mode_characterization - INFO - 5. Reduce to desired holding torque
2026-01-29 15:16:34,918 - mode_characterization - INFO - 
======================================================================
2026-01-29 15:16:34,918 - mode_characterization - INFO - Returning to 50% position...
2026-01-29 15:16:36,963 - mode_characterization - INFO - Mode characterization complete!
calibrating: test_gripper
calibration done
set_max_effort(50): moving torque: 511 (position control only)
