2026-01-30 03:06:02,717 - ezgripper_left - INFO - Connecting to EZGripper on /dev/ttyUSB0
2026-01-30 03:06:03,272 - ezgripper_left - INFO - Hardware connected: position 3.0%
2026-01-30 03:06:03,275 - ezgripper_left - INFO - Detected serial number: DA1Z9T40
2026-01-30 03:06:03,275 - ezgripper_left - INFO - Updated device config: left -> /dev/ttyUSB0 (serial: DA1Z9T40)
2026-01-30 03:06:03,275 - ezgripper_left - INFO - Loaded calibration offset for DA1Z9T40: 2738
2026-01-30 03:06:03,275 - ezgripper_left - INFO - Setting up DDS interfaces...
2026-01-30 03:06:03,496 - ezgripper_left - INFO - DDS ready: rt/dex1/left/cmd → rt/dex1/left/state
2026-01-30 03:06:03,496 - ezgripper_left - INFO - Running automatic calibration at startup...
2026-01-30 03:06:03,496 - ezgripper_left - INFO - Starting calibration on command...
2026-01-30 03:06:03,752 - ezgripper_left - ERROR - Calibration failed: 5
2026-01-30 03:06:03,752 - ezgripper_left - INFO - Corrected EZGripper driver ready: left side
2026-01-30 03:06:03,752 - ezgripper_left - INFO - Starting multi-threaded EZGripper driver...
2026-01-30 03:06:03,752 - ezgripper_left - INFO -   Control thread: 30 Hz (commands + actual position)
2026-01-30 03:06:03,752 - ezgripper_left - INFO -   State thread: 200 Hz (predicted position publishing)
2026-01-30 03:06:03,752 - ezgripper_left - INFO - Starting control thread at 30 Hz...
2026-01-30 03:06:03,752 - ezgripper_left - INFO - Starting state thread at 200 Hz...
2026-01-30 03:06:05,934 - ezgripper_left - INFO - Command received: q=0.000 rad -> 0.0%
2026-01-30 03:06:05,944 - ezgripper_left - ERROR - Command execution failed: 6
2026-01-30 03:06:05,944 - ezgripper_left - ERROR - Exception type: <class 'libezgripper.lib_robotis.ErrorResponse'>
2026-01-30 03:06:05,945 - ezgripper_left - ERROR - Traceback: Traceback (most recent call last):
  File "/home/sokul/CascadeProjects/unitree-dex1-ezgripper-driver/ezgripper_dds_driver.py", line 457, in execute_command
    self.gripper.set_max_effort(int(cmd.effort_pct))
  File "/home/sokul/CascadeProjects/unitree-dex1-ezgripper-driver/libezgripper/ezgripper_base.py", line 390, in set_max_effort
    servo.write_address(self.config.reg_goal_current, data)
  File "/home/sokul/CascadeProjects/unitree-dex1-ezgripper-driver/libezgripper/lib_robotis.py", line 135, in write_address
    raise ErrorResponse(error)
libezgripper.lib_robotis.ErrorResponse: 6

2026-01-30 03:06:07,720 - ezgripper_left - INFO - 📊 Monitor: State=158.5Hz | Cmd=50.0% | Pred=50.0% | Actual=0.0% | Err=0.0% | Track=50.0%
