2026-01-30 03:25:08,302 - ezgripper_left - INFO - Connecting to EZGripper on /dev/ttyUSB0
2026-01-30 03:25:08,851 - ezgripper_left - INFO - Hardware connected: position 9.0%
2026-01-30 03:25:08,854 - ezgripper_left - INFO - Detected serial number: DA1Z9T40
2026-01-30 03:25:08,854 - ezgripper_left - INFO - Updated device config: left -> /dev/ttyUSB0 (serial: DA1Z9T40)
2026-01-30 03:25:08,855 - ezgripper_left - INFO - Loaded calibration offset for DA1Z9T40: 2738
2026-01-30 03:25:08,855 - ezgripper_left - INFO - Setting up DDS interfaces...
2026-01-30 03:25:09,071 - ezgripper_left - INFO - DDS ready: rt/dex1/left/cmd → rt/dex1/left/state
2026-01-30 03:25:09,071 - ezgripper_left - INFO - Running automatic calibration at startup...
2026-01-30 03:25:09,071 - ezgripper_left - INFO - Starting calibration on command...
2026-01-30 03:25:09,315 - ezgripper_left - ERROR - Calibration failed: 5
2026-01-30 03:25:09,315 - ezgripper_left - INFO - Corrected EZGripper driver ready: left side
2026-01-30 03:25:09,315 - ezgripper_left - INFO - Starting multi-threaded EZGripper driver...
2026-01-30 03:25:09,315 - ezgripper_left - INFO -   Control thread: 30 Hz (commands + actual position)
2026-01-30 03:25:09,315 - ezgripper_left - INFO -   State thread: 200 Hz (predicted position publishing)
2026-01-30 03:25:09,315 - ezgripper_left - INFO - Starting control thread at 30 Hz...
2026-01-30 03:25:09,315 - ezgripper_left - INFO - Starting state thread at 200 Hz...
2026-01-30 03:25:11,535 - ezgripper_left - INFO - Command received: q=0.000 rad -> 0.0%
2026-01-30 03:25:13,306 - ezgripper_left - INFO - 📊 Monitor: State=159.7Hz | Cmd=0.0% | Pred=0.0% | Actual=50.0% | Err=0.0% | Track=50.0%
2026-01-30 03:25:18,306 - ezgripper_left - INFO - 📊 Monitor: State=200.0Hz | Cmd=0.0% | Pred=0.0% | Actual=50.0% | Err=0.0% | Track=50.0%
2026-01-30 03:25:23,306 - ezgripper_left - INFO - 📊 Monitor: State=200.0Hz | Cmd=0.0% | Pred=0.0% | Actual=50.0% | Err=0.0% | Track=50.0%
2026-01-30 03:25:28,306 - ezgripper_left - INFO - 📊 Monitor: State=200.0Hz | Cmd=0.0% | Pred=0.0% | Actual=50.0% | Err=0.0% | Track=50.0%
2026-01-30 03:25:33,307 - ezgripper_left - INFO - 📊 Monitor: State=200.0Hz | Cmd=0.0% | Pred=0.0% | Actual=50.0% | Err=0.0% | Track=50.0%
2026-01-30 03:25:38,312 - ezgripper_left - INFO - 📊 Monitor: State=200.0Hz | Cmd=0.0% | Pred=0.0% | Actual=50.0% | Err=0.0% | Track=50.0%
2026-01-30 03:25:43,312 - ezgripper_left - INFO - 📊 Monitor: State=200.0Hz | Cmd=0.0% | Pred=0.0% | Actual=50.0% | Err=0.0% | Track=50.0%
2026-01-30 03:25:48,312 - ezgripper_left - INFO - 📊 Monitor: State=200.0Hz | Cmd=0.0% | Pred=0.0% | Actual=50.0% | Err=0.0% | Track=50.0%
2026-01-30 03:25:53,312 - ezgripper_left - INFO - 📊 Monitor: State=200.0Hz | Cmd=0.0% | Pred=0.0% | Actual=50.0% | Err=0.0% | Track=50.0%
2026-01-30 03:25:58,312 - ezgripper_left - INFO - 📊 Monitor: State=200.0Hz | Cmd=0.0% | Pred=0.0% | Actual=50.0% | Err=0.0% | Track=50.0%
2026-01-30 03:26:03,312 - ezgripper_left - INFO - 📊 Monitor: State=200.0Hz | Cmd=0.0% | Pred=0.0% | Actual=50.0% | Err=0.0% | Track=50.0%
2026-01-30 03:26:08,312 - ezgripper_left - INFO - 📊 Monitor: State=200.0Hz | Cmd=0.0% | Pred=0.0% | Actual=50.0% | Err=0.0% | Track=50.0%
2026-01-30 03:26:13,312 - ezgripper_left - INFO - 📊 Monitor: State=200.0Hz | Cmd=0.0% | Pred=0.0% | Actual=50.0% | Err=0.0% | Track=50.0%
2026-01-30 03:26:18,312 - ezgripper_left - INFO - 📊 Monitor: State=200.0Hz | Cmd=0.0% | Pred=0.0% | Actual=50.0% | Err=0.0% | Track=50.0%
2026-01-30 03:26:23,313 - ezgripper_left - INFO - 📊 Monitor: State=200.0Hz | Cmd=0.0% | Pred=0.0% | Actual=50.0% | Err=0.0% | Track=50.0%
2026-01-30 03:26:28,313 - ezgripper_left - INFO - 📊 Monitor: State=200.0Hz | Cmd=0.0% | Pred=0.0% | Actual=50.0% | Err=0.0% | Track=50.0%
2026-01-30 03:26:33,313 - ezgripper_left - INFO - 📊 Monitor: State=200.0Hz | Cmd=0.0% | Pred=0.0% | Actual=50.0% | Err=0.0% | Track=50.0%
2026-01-30 03:26:38,313 - ezgripper_left - INFO - 📊 Monitor: State=200.0Hz | Cmd=0.0% | Pred=0.0% | Actual=50.0% | Err=0.0% | Track=50.0%
