2026-01-30 03:24:11,941 - ezgripper_left - INFO - Connecting to EZGripper on /dev/ttyUSB0
2026-01-30 03:24:12,494 - ezgripper_left - INFO - Hardware connected: position 9.0%
2026-01-30 03:24:12,497 - ezgripper_left - INFO - Detected serial number: DA1Z9T40
2026-01-30 03:24:12,498 - ezgripper_left - INFO - Updated device config: left -> /dev/ttyUSB0 (serial: DA1Z9T40)
2026-01-30 03:24:12,498 - ezgripper_left - INFO - Loaded calibration offset for DA1Z9T40: 2738
2026-01-30 03:24:12,498 - ezgripper_left - INFO - Setting up DDS interfaces...
2026-01-30 03:24:12,714 - ezgripper_left - INFO - DDS ready: rt/dex1/left/cmd → rt/dex1/left/state
2026-01-30 03:24:12,714 - ezgripper_left - INFO - Running automatic calibration at startup...
2026-01-30 03:24:12,714 - ezgripper_left - INFO - Starting calibration on command...
2026-01-30 03:24:12,958 - ezgripper_left - ERROR - Calibration failed: 5
2026-01-30 03:24:12,958 - ezgripper_left - INFO - Corrected EZGripper driver ready: left side
2026-01-30 03:24:12,958 - ezgripper_left - INFO - Starting multi-threaded EZGripper driver...
2026-01-30 03:24:12,958 - ezgripper_left - INFO -   Control thread: 30 Hz (commands + actual position)
2026-01-30 03:24:12,958 - ezgripper_left - INFO -   State thread: 200 Hz (predicted position publishing)
2026-01-30 03:24:12,958 - ezgripper_left - INFO - Starting control thread at 30 Hz...
2026-01-30 03:24:12,958 - ezgripper_left - INFO - Starting state thread at 200 Hz...
2026-01-30 03:24:16,944 - ezgripper_left - INFO - 📊 Monitor: State=159.5Hz | Cmd=50.0% | Pred=50.0% | Actual=50.0% | Err=0.0% | Track=0.0%
2026-01-30 03:24:21,944 - ezgripper_left - INFO - 📊 Monitor: State=200.0Hz | Cmd=50.0% | Pred=50.0% | Actual=50.0% | Err=0.0% | Track=0.0%
2026-01-30 03:24:26,944 - ezgripper_left - INFO - 📊 Monitor: State=200.0Hz | Cmd=50.0% | Pred=50.0% | Actual=50.0% | Err=0.0% | Track=0.0%
2026-01-30 03:24:26,964 - ezgripper_left - INFO - Command received: q=0.000 rad -> 0.0%
2026-01-30 03:24:26,975 - ezgripper_left - ERROR - Command execution failed: 'Gripper' object has no attribute 'GRIP_MAX'
2026-01-30 03:24:26,975 - ezgripper_left - ERROR - Exception type: <class 'AttributeError'>
2026-01-30 03:24:26,976 - ezgripper_left - ERROR - Traceback: Traceback (most recent call last):
  File "/home/sokul/CascadeProjects/unitree-dex1-ezgripper-driver/ezgripper_dds_driver.py", line 464, in execute_command
    self.gripper._goto_position(self.gripper.scale(int(cmd.position_pct), self.gripper.GRIP_MAX))
                                                                          ^^^^^^^^^^^^^^^^^^^^^
AttributeError: 'Gripper' object has no attribute 'GRIP_MAX'

2026-01-30 03:24:27,965 - ezgripper_left - INFO - Command received: q=3.000 rad -> 47.7%
2026-01-30 03:24:27,965 - ezgripper_left - ERROR - Command execution failed: 'Gripper' object has no attribute 'GRIP_MAX'
2026-01-30 03:24:27,965 - ezgripper_left - ERROR - Exception type: <class 'AttributeError'>
2026-01-30 03:24:27,967 - ezgripper_left - ERROR - Traceback: Traceback (most recent call last):
  File "/home/sokul/CascadeProjects/unitree-dex1-ezgripper-driver/ezgripper_dds_driver.py", line 464, in execute_command
    self.gripper._goto_position(self.gripper.scale(int(cmd.position_pct), self.gripper.GRIP_MAX))
                                                                          ^^^^^^^^^^^^^^^^^^^^^
AttributeError: 'Gripper' object has no attribute 'GRIP_MAX'

2026-01-30 03:24:31,948 - ezgripper_left - INFO - 📊 Monitor: State=199.4Hz | Cmd=50.0% | Pred=50.0% | Actual=0.0% | Err=0.0% | Track=50.0%
2026-01-30 03:24:36,948 - ezgripper_left - INFO - 📊 Monitor: State=200.0Hz | Cmd=50.0% | Pred=50.0% | Actual=0.0% | Err=0.0% | Track=50.0%
2026-01-30 03:24:41,949 - ezgripper_left - INFO - 📊 Monitor: State=200.0Hz | Cmd=50.0% | Pred=50.0% | Actual=0.0% | Err=0.0% | Track=50.0%
2026-01-30 03:24:46,949 - ezgripper_left - INFO - 📊 Monitor: State=200.0Hz | Cmd=50.0% | Pred=50.0% | Actual=0.0% | Err=0.0% | Track=50.0%
2026-01-30 03:24:51,949 - ezgripper_left - INFO - 📊 Monitor: State=200.0Hz | Cmd=50.0% | Pred=50.0% | Actual=0.0% | Err=0.0% | Track=50.0%
2026-01-30 03:24:54,611 - ezgripper_left - INFO - Command received: q=0.000 rad -> 0.0%
2026-01-30 03:24:54,611 - ezgripper_left - ERROR - Command execution failed: 'Gripper' object has no attribute 'GRIP_MAX'
2026-01-30 03:24:54,611 - ezgripper_left - ERROR - Exception type: <class 'AttributeError'>
2026-01-30 03:24:54,611 - ezgripper_left - ERROR - Traceback: Traceback (most recent call last):
  File "/home/sokul/CascadeProjects/unitree-dex1-ezgripper-driver/ezgripper_dds_driver.py", line 464, in execute_command
    self.gripper._goto_position(self.gripper.scale(int(cmd.position_pct), self.gripper.config.grip_max))
                                                                          ^^^^^^^^^^^^^^^^^^^^^
AttributeError: 'Gripper' object has no attribute 'GRIP_MAX'

2026-01-30 03:24:56,950 - ezgripper_left - INFO - 📊 Monitor: State=199.8Hz | Cmd=50.0% | Pred=50.0% | Actual=0.0% | Err=0.0% | Track=50.0%
2026-01-30 03:25:01,950 - ezgripper_left - INFO - 📊 Monitor: State=200.0Hz | Cmd=50.0% | Pred=50.0% | Actual=0.0% | Err=0.0% | Track=50.0%
