2026-01-30 03:31:57,980 - ezgripper_left - INFO - Connecting to EZGripper on /dev/ttyUSB0
2026-01-30 03:31:58,147 - ezgripper_left - ERROR - Hardware connection failed: 128
=== INITIAL SERVO STATE CHECK FOR corrected_left ===
Servo 1 (ID 1):
  ERROR reading servo state: 128
==================================================
  Warning: Could not read pre-init status: 128
  Disabling torque for initialization...
Traceback (most recent call last):
  File "/home/sokul/CascadeProjects/unitree-dex1-ezgripper-driver/ezgripper_dds_driver.py", line 755, in <module>
    main()
  File "/home/sokul/CascadeProjects/unitree-dex1-ezgripper-driver/ezgripper_dds_driver.py", line 736, in main
    driver = CorrectedEZGripperDriver(
             ^^^^^^^^^^^^^^^^^^^^^^^^^
  File "/home/sokul/CascadeProjects/unitree-dex1-ezgripper-driver/ezgripper_dds_driver.py", line 206, in __init__
    self._initialize_hardware()
  File "/home/sokul/CascadeProjects/unitree-dex1-ezgripper-driver/ezgripper_dds_driver.py", line 225, in _initialize_hardware
    self.gripper = create_gripper(self.connection, f'corrected_{self.side}', [1])
                   ^^^^^^^^^^^^^^^^^^^^^^^^^^^^^^^^^^^^^^^^^^^^^^^^^^^^^^^^^^^^^^
  File "/home/sokul/CascadeProjects/unitree-dex1-ezgripper-driver/libezgripper/__init__.py", line 14, in create_gripper
    return Gripper(connection, name, servo_ids, config)
           ^^^^^^^^^^^^^^^^^^^^^^^^^^^^^^^^^^^^^^^^^^^^
  File "/home/sokul/CascadeProjects/unitree-dex1-ezgripper-driver/libezgripper/ezgripper_base.py", line 144, in __init__
    servo.write_address(config.reg_torque_enable, [0])  # Disable torque
    ^^^^^^^^^^^^^^^^^^^^^^^^^^^^^^^^^^^^^^^^^^^^^^^^^^
  File "/home/sokul/CascadeProjects/unitree-dex1-ezgripper-driver/libezgripper/lib_robotis.py", line 135, in write_address
    raise ErrorResponse(error)
libezgripper.lib_robotis.ErrorResponse: 128
