2026-01-30 04:32:30,904 - ezgripper_left - INFO - Connecting to EZGripper on /dev/ttyUSB0
2026-01-30 04:32:31,448 - ezgripper_left - INFO - Hardware connected: position 100.0%
2026-01-30 04:32:31,451 - ezgripper_left - INFO - Detected serial number: DA1Z9T40
2026-01-30 04:32:31,452 - ezgripper_left - INFO - Updated device config: left -> /dev/ttyUSB0 (serial: DA1Z9T40)
2026-01-30 04:32:31,452 - ezgripper_left - INFO - Loaded calibration offset for DA1Z9T40: 3045
2026-01-30 04:32:31,452 - ezgripper_left - INFO - Setting up DDS interfaces...
2026-01-30 04:32:31,669 - ezgripper_left - INFO - DDS ready: rt/dex1/left/cmd → rt/dex1/left/state
2026-01-30 04:32:31,669 - ezgripper_left - INFO - Running automatic calibration at startup...
2026-01-30 04:32:31,669 - ezgripper_left - INFO - Starting calibration on command...
2026-01-30 04:32:33,544 - ezgripper_left - INFO - Saved calibration offset for DA1Z9T40: 3041
2026-01-30 04:32:33,560 - ezgripper_left - ERROR - Calibration failed: 'Gripper' object has no attribute 'GRIP_MAX'
2026-01-30 04:32:33,560 - ezgripper_left - INFO - Corrected EZGripper driver ready: left side
2026-01-30 04:32:33,560 - ezgripper_left - INFO - Starting multi-threaded EZGripper driver...
2026-01-30 04:32:33,560 - ezgripper_left - INFO -   Control thread: 30 Hz (commands + actual position)
2026-01-30 04:32:33,560 - ezgripper_left - INFO -   State thread: 200 Hz (predicted position publishing)
2026-01-30 04:32:33,561 - ezgripper_left - INFO - Starting control thread at 30 Hz...
2026-01-30 04:32:33,561 - ezgripper_left - INFO - Starting state thread at 200 Hz...
2026-01-30 04:32:35,906 - ezgripper_left - INFO - 📊 Monitor: State=94.0Hz | Cmd=50.0% | Pred=50.0% | Actual=50.0% | Err=0.0% | Track=0.0%
2026-01-30 04:32:36,140 - ezgripper_left - INFO - Command received: q=1.000 rad -> 15.9%
2026-01-30 04:32:39,140 - ezgripper_left - INFO - Command received: q=1.940 rad -> 30.9%
2026-01-30 04:32:40,906 - ezgripper_left - INFO - 📊 Monitor: State=200.0Hz | Cmd=30.9% | Pred=30.9% | Actual=50.0% | Err=0.0% | Track=19.1%
2026-01-30 04:32:42,140 - ezgripper_left - INFO - Command received: q=0.000 rad -> 0.0%
2026-01-30 04:32:45,140 - ezgripper_left - INFO - Command received: q=1.000 rad -> 15.9%
2026-01-30 04:32:45,906 - ezgripper_left - INFO - 📊 Monitor: State=200.0Hz | Cmd=15.9% | Pred=15.9% | Actual=50.0% | Err=0.0% | Track=34.1%
