2026-01-30 04:35:55,977 - ezgripper_left - INFO - Connecting to EZGripper on /dev/ttyUSB0
2026-01-30 04:35:56,525 - ezgripper_left - INFO - Hardware connected: position 100.0%
2026-01-30 04:35:56,528 - ezgripper_left - INFO - Detected serial number: DA1Z9T40
2026-01-30 04:35:56,529 - ezgripper_left - INFO - Updated device config: left -> /dev/ttyUSB0 (serial: DA1Z9T40)
2026-01-30 04:35:56,529 - ezgripper_left - INFO - Loaded calibration offset for DA1Z9T40: 3041
2026-01-30 04:35:56,529 - ezgripper_left - INFO - Setting up DDS interfaces...
2026-01-30 04:35:56,746 - ezgripper_left - INFO - DDS ready: rt/dex1/left/cmd → rt/dex1/left/state
2026-01-30 04:35:56,746 - ezgripper_left - INFO - Running automatic calibration at startup...
2026-01-30 04:35:56,746 - ezgripper_left - INFO - Starting calibration on command...
2026-01-30 04:36:08,286 - ezgripper_left - INFO - Saved calibration offset for DA1Z9T40: 3057
2026-01-30 04:36:08,302 - ezgripper_left - ERROR - Calibration failed: 'Gripper' object has no attribute 'GRIP_MAX'
2026-01-30 04:36:08,302 - ezgripper_left - INFO - Corrected EZGripper driver ready: left side
2026-01-30 04:36:08,302 - ezgripper_left - INFO - Starting multi-threaded EZGripper driver...
2026-01-30 04:36:08,302 - ezgripper_left - INFO -   Control thread: 30 Hz (commands + actual position)
2026-01-30 04:36:08,302 - ezgripper_left - INFO -   State thread: 200 Hz (predicted position publishing)
2026-01-30 04:36:08,302 - ezgripper_left - INFO - Starting control thread at 30 Hz...
2026-01-30 04:36:08,302 - ezgripper_left - INFO - Starting state thread at 200 Hz...
2026-01-30 04:36:08,303 - ezgripper_left - INFO - 📊 Monitor: State=0.1Hz | Cmd=50.0% | Pred=50.0% | Actual=50.0% | Err=0.0% | Track=0.0%
2026-01-30 04:36:08,303 - ezgripper_left - INFO - Command received: q=0.000 rad -> 0.0%
2026-01-30 04:36:10,220 - ezgripper_left - INFO - Command received: q=1.000 rad -> 15.9%
