2026-01-30 03:32:22,087 - ezgripper_left - INFO - Connecting to EZGripper on /dev/ttyUSB0
2026-01-30 03:32:22,643 - ezgripper_left - INFO - Hardware connected: position 100.0%
2026-01-30 03:32:22,647 - ezgripper_left - INFO - Detected serial number: DA1Z9T40
2026-01-30 03:32:22,647 - ezgripper_left - INFO - Updated device config: left -> /dev/ttyUSB0 (serial: DA1Z9T40)
2026-01-30 03:32:22,647 - ezgripper_left - INFO - Loaded calibration offset for DA1Z9T40: 2738
2026-01-30 03:32:22,647 - ezgripper_left - INFO - Setting up DDS interfaces...
2026-01-30 03:32:22,865 - ezgripper_left - INFO - DDS ready: rt/dex1/left/cmd → rt/dex1/left/state
2026-01-30 03:32:22,865 - ezgripper_left - INFO - Running automatic calibration at startup...
2026-01-30 03:32:22,865 - ezgripper_left - INFO - Starting calibration on command...
2026-01-30 03:32:25,156 - ezgripper_left - INFO - Saved calibration offset for DA1Z9T40: 2751
2026-01-30 03:32:25,172 - ezgripper_left - ERROR - Calibration failed: 6
2026-01-30 03:32:25,172 - ezgripper_left - INFO - Corrected EZGripper driver ready: left side
2026-01-30 03:32:25,172 - ezgripper_left - INFO - Starting multi-threaded EZGripper driver...
2026-01-30 03:32:25,172 - ezgripper_left - INFO -   Control thread: 30 Hz (commands + actual position)
2026-01-30 03:32:25,172 - ezgripper_left - INFO -   State thread: 200 Hz (predicted position publishing)
2026-01-30 03:32:25,172 - ezgripper_left - INFO - Starting control thread at 30 Hz...
2026-01-30 03:32:25,172 - ezgripper_left - INFO - Starting state thread at 200 Hz...
2026-01-30 03:32:27,088 - ezgripper_left - INFO - 📊 Monitor: State=76.8Hz | Cmd=50.0% | Pred=50.0% | Actual=50.0% | Err=0.0% | Track=0.0%
2026-01-30 03:32:32,088 - ezgripper_left - INFO - 📊 Monitor: State=200.0Hz | Cmd=50.0% | Pred=50.0% | Actual=50.0% | Err=0.0% | Track=0.0%
2026-01-30 03:32:37,088 - ezgripper_left - INFO - 📊 Monitor: State=200.0Hz | Cmd=50.0% | Pred=50.0% | Actual=50.0% | Err=0.0% | Track=0.0%
2026-01-30 03:32:42,093 - ezgripper_left - INFO - 📊 Monitor: State=200.0Hz | Cmd=50.0% | Pred=50.0% | Actual=50.0% | Err=0.0% | Track=0.0%
2026-01-30 03:32:47,093 - ezgripper_left - INFO - 📊 Monitor: State=200.0Hz | Cmd=50.0% | Pred=50.0% | Actual=50.0% | Err=0.0% | Track=0.0%
2026-01-30 03:32:52,093 - ezgripper_left - INFO - 📊 Monitor: State=200.0Hz | Cmd=50.0% | Pred=50.0% | Actual=50.0% | Err=0.0% | Track=0.0%
2026-01-30 03:32:57,093 - ezgripper_left - INFO - 📊 Monitor: State=200.0Hz | Cmd=50.0% | Pred=50.0% | Actual=50.0% | Err=0.0% | Track=0.0%
2026-01-30 03:33:02,093 - ezgripper_left - INFO - 📊 Monitor: State=200.0Hz | Cmd=50.0% | Pred=50.0% | Actual=50.0% | Err=0.0% | Track=0.0%
2026-01-30 03:33:07,093 - ezgripper_left - INFO - 📊 Monitor: State=200.0Hz | Cmd=50.0% | Pred=50.0% | Actual=50.0% | Err=0.0% | Track=0.0%
2026-01-30 03:33:12,093 - ezgripper_left - INFO - 📊 Monitor: State=200.0Hz | Cmd=50.0% | Pred=50.0% | Actual=50.0% | Err=0.0% | Track=0.0%
2026-01-30 03:33:17,094 - ezgripper_left - INFO - 📊 Monitor: State=200.0Hz | Cmd=50.0% | Pred=50.0% | Actual=50.0% | Err=0.0% | Track=0.0%
2026-01-30 03:33:22,094 - ezgripper_left - INFO - 📊 Monitor: State=200.0Hz | Cmd=50.0% | Pred=50.0% | Actual=50.0% | Err=0.0% | Track=0.0%
2026-01-30 03:33:27,094 - ezgripper_left - INFO - 📊 Monitor: State=200.0Hz | Cmd=50.0% | Pred=50.0% | Actual=50.0% | Err=0.0% | Track=0.0%
2026-01-30 03:33:32,094 - ezgripper_left - INFO - 📊 Monitor: State=200.0Hz | Cmd=50.0% | Pred=50.0% | Actual=50.0% | Err=0.0% | Track=0.0%
2026-01-30 03:33:37,094 - ezgripper_left - INFO - 📊 Monitor: State=200.0Hz | Cmd=50.0% | Pred=50.0% | Actual=50.0% | Err=0.0% | Track=0.0%
2026-01-30 03:33:42,094 - ezgripper_left - INFO - 📊 Monitor: State=200.0Hz | Cmd=50.0% | Pred=50.0% | Actual=50.0% | Err=0.0% | Track=0.0%
2026-01-30 03:33:47,094 - ezgripper_left - INFO - 📊 Monitor: State=200.0Hz | Cmd=50.0% | Pred=50.0% | Actual=50.0% | Err=0.0% | Track=0.0%
2026-01-30 03:33:52,094 - ezgripper_left - INFO - 📊 Monitor: State=200.0Hz | Cmd=50.0% | Pred=50.0% | Actual=50.0% | Err=0.0% | Track=0.0%
2026-01-30 03:33:57,095 - ezgripper_left - INFO - 📊 Monitor: State=200.0Hz | Cmd=50.0% | Pred=50.0% | Actual=50.0% | Err=0.0% | Track=0.0%
2026-01-30 03:34:02,095 - ezgripper_left - INFO - 📊 Monitor: State=200.0Hz | Cmd=50.0% | Pred=50.0% | Actual=50.0% | Err=0.0% | Track=0.0%
2026-01-30 03:34:07,095 - ezgripper_left - INFO - 📊 Monitor: State=200.0Hz | Cmd=50.0% | Pred=50.0% | Actual=50.0% | Err=0.0% | Track=0.0%
2026-01-30 03:34:12,095 - ezgripper_left - INFO - 📊 Monitor: State=200.0Hz | Cmd=50.0% | Pred=50.0% | Actual=50.0% | Err=0.0% | Track=0.0%
2026-01-30 03:34:17,095 - ezgripper_left - INFO - 📊 Monitor: State=200.0Hz | Cmd=50.0% | Pred=50.0% | Actual=50.0% | Err=0.0% | Track=0.0%
2026-01-30 03:34:22,095 - ezgripper_left - INFO - 📊 Monitor: State=200.0Hz | Cmd=50.0% | Pred=50.0% | Actual=50.0% | Err=0.0% | Track=0.0%
2026-01-30 03:34:27,095 - ezgripper_left - INFO - 📊 Monitor: State=200.0Hz | Cmd=50.0% | Pred=50.0% | Actual=50.0% | Err=0.0% | Track=0.0%
2026-01-30 03:34:32,095 - ezgripper_left - INFO - 📊 Monitor: State=200.0Hz | Cmd=50.0% | Pred=50.0% | Actual=50.0% | Err=0.0% | Track=0.0%
2026-01-30 03:34:37,095 - ezgripper_left - INFO - 📊 Monitor: State=200.0Hz | Cmd=50.0% | Pred=50.0% | Actual=50.0% | Err=0.0% | Track=0.0%
2026-01-30 03:34:42,096 - ezgripper_left - INFO - 📊 Monitor: State=200.0Hz | Cmd=50.0% | Pred=50.0% | Actual=50.0% | Err=0.0% | Track=0.0%
2026-01-30 03:34:47,096 - ezgripper_left - INFO - 📊 Monitor: State=200.0Hz | Cmd=50.0% | Pred=50.0% | Actual=50.0% | Err=0.0% | Track=0.0%
2026-01-30 03:34:52,096 - ezgripper_left - INFO - 📊 Monitor: State=200.0Hz | Cmd=50.0% | Pred=50.0% | Actual=50.0% | Err=0.0% | Track=0.0%
2026-01-30 03:34:57,096 - ezgripper_left - INFO - 📊 Monitor: State=200.0Hz | Cmd=50.0% | Pred=50.0% | Actual=50.0% | Err=0.0% | Track=0.0%
2026-01-30 03:35:02,096 - ezgripper_left - INFO - 📊 Monitor: State=200.0Hz | Cmd=50.0% | Pred=50.0% | Actual=50.0% | Err=0.0% | Track=0.0%
2026-01-30 03:35:07,096 - ezgripper_left - INFO - 📊 Monitor: State=200.0Hz | Cmd=50.0% | Pred=50.0% | Actual=50.0% | Err=0.0% | Track=0.0%
2026-01-30 03:35:12,096 - ezgripper_left - INFO - 📊 Monitor: State=200.0Hz | Cmd=50.0% | Pred=50.0% | Actual=50.0% | Err=0.0% | Track=0.0%
2026-01-30 03:35:17,096 - ezgripper_left - INFO - 📊 Monitor: State=200.0Hz | Cmd=50.0% | Pred=50.0% | Actual=50.0% | Err=0.0% | Track=0.0%
2026-01-30 03:35:22,096 - ezgripper_left - INFO - 📊 Monitor: State=200.0Hz | Cmd=50.0% | Pred=50.0% | Actual=50.0% | Err=0.0% | Track=0.0%
2026-01-30 03:35:27,097 - ezgripper_left - INFO - 📊 Monitor: State=200.0Hz | Cmd=50.0% | Pred=50.0% | Actual=50.0% | Err=0.0% | Track=0.0%
2026-01-30 03:35:32,097 - ezgripper_left - INFO - 📊 Monitor: State=200.0Hz | Cmd=50.0% | Pred=50.0% | Actual=50.0% | Err=0.0% | Track=0.0%
2026-01-30 03:35:37,097 - ezgripper_left - INFO - 📊 Monitor: State=200.0Hz | Cmd=50.0% | Pred=50.0% | Actual=50.0% | Err=0.0% | Track=0.0%
2026-01-30 03:35:42,097 - ezgripper_left - INFO - 📊 Monitor: State=200.0Hz | Cmd=50.0% | Pred=50.0% | Actual=50.0% | Err=0.0% | Track=0.0%
2026-01-30 03:35:47,097 - ezgripper_left - INFO - 📊 Monitor: State=200.0Hz | Cmd=50.0% | Pred=50.0% | Actual=50.0% | Err=0.0% | Track=0.0%
2026-01-30 03:35:52,097 - ezgripper_left - INFO - 📊 Monitor: State=200.0Hz | Cmd=50.0% | Pred=50.0% | Actual=50.0% | Err=0.0% | Track=0.0%
2026-01-30 03:35:57,097 - ezgripper_left - INFO - 📊 Monitor: State=200.0Hz | Cmd=50.0% | Pred=50.0% | Actual=50.0% | Err=0.0% | Track=0.0%
2026-01-30 03:36:02,098 - ezgripper_left - INFO - 📊 Monitor: State=200.0Hz | Cmd=50.0% | Pred=50.0% | Actual=50.0% | Err=0.0% | Track=0.0%
2026-01-30 03:36:07,097 - ezgripper_left - INFO - 📊 Monitor: State=200.0Hz | Cmd=50.0% | Pred=50.0% | Actual=50.0% | Err=0.0% | Track=0.0%
2026-01-30 03:36:12,098 - ezgripper_left - INFO - 📊 Monitor: State=200.0Hz | Cmd=50.0% | Pred=50.0% | Actual=50.0% | Err=0.0% | Track=0.0%
2026-01-30 03:36:17,098 - ezgripper_left - INFO - 📊 Monitor: State=200.0Hz | Cmd=50.0% | Pred=50.0% | Actual=50.0% | Err=0.0% | Track=0.0%
2026-01-30 03:36:22,098 - ezgripper_left - INFO - 📊 Monitor: State=200.0Hz | Cmd=50.0% | Pred=50.0% | Actual=50.0% | Err=0.0% | Track=0.0%
2026-01-30 03:36:27,098 - ezgripper_left - INFO - 📊 Monitor: State=200.0Hz | Cmd=50.0% | Pred=50.0% | Actual=50.0% | Err=0.0% | Track=0.0%
2026-01-30 03:36:32,098 - ezgripper_left - INFO - 📊 Monitor: State=200.0Hz | Cmd=50.0% | Pred=50.0% | Actual=50.0% | Err=0.0% | Track=0.0%
2026-01-30 03:36:37,098 - ezgripper_left - INFO - 📊 Monitor: State=200.0Hz | Cmd=50.0% | Pred=50.0% | Actual=50.0% | Err=0.0% | Track=0.0%
2026-01-30 03:36:42,098 - ezgripper_left - INFO - 📊 Monitor: State=200.0Hz | Cmd=50.0% | Pred=50.0% | Actual=50.0% | Err=0.0% | Track=0.0%
2026-01-30 03:36:47,098 - ezgripper_left - INFO - 📊 Monitor: State=200.0Hz | Cmd=50.0% | Pred=50.0% | Actual=50.0% | Err=0.0% | Track=0.0%
2026-01-30 03:36:52,099 - ezgripper_left - INFO - 📊 Monitor: State=200.0Hz | Cmd=50.0% | Pred=50.0% | Actual=50.0% | Err=0.0% | Track=0.0%
2026-01-30 03:36:57,099 - ezgripper_left - INFO - 📊 Monitor: State=200.0Hz | Cmd=50.0% | Pred=50.0% | Actual=50.0% | Err=0.0% | Track=0.0%
2026-01-30 03:37:02,099 - ezgripper_left - INFO - 📊 Monitor: State=200.0Hz | Cmd=50.0% | Pred=50.0% | Actual=50.0% | Err=0.0% | Track=0.0%
2026-01-30 03:37:07,104 - ezgripper_left - INFO - 📊 Monitor: State=200.0Hz | Cmd=50.0% | Pred=50.0% | Actual=50.0% | Err=0.0% | Track=0.0%
2026-01-30 03:37:12,104 - ezgripper_left - INFO - 📊 Monitor: State=200.0Hz | Cmd=50.0% | Pred=50.0% | Actual=50.0% | Err=0.0% | Track=0.0%
2026-01-30 03:37:17,104 - ezgripper_left - INFO - 📊 Monitor: State=200.0Hz | Cmd=50.0% | Pred=50.0% | Actual=50.0% | Err=0.0% | Track=0.0%
2026-01-30 03:37:22,104 - ezgripper_left - INFO - 📊 Monitor: State=200.0Hz | Cmd=50.0% | Pred=50.0% | Actual=50.0% | Err=0.0% | Track=0.0%
2026-01-30 03:37:27,104 - ezgripper_left - INFO - 📊 Monitor: State=200.0Hz | Cmd=50.0% | Pred=50.0% | Actual=50.0% | Err=0.0% | Track=0.0%
2026-01-30 03:37:32,104 - ezgripper_left - INFO - 📊 Monitor: State=200.0Hz | Cmd=50.0% | Pred=50.0% | Actual=50.0% | Err=0.0% | Track=0.0%
2026-01-30 03:37:37,105 - ezgripper_left - INFO - 📊 Monitor: State=200.0Hz | Cmd=50.0% | Pred=50.0% | Actual=50.0% | Err=0.0% | Track=0.0%
2026-01-30 03:37:42,105 - ezgripper_left - INFO - 📊 Monitor: State=200.0Hz | Cmd=50.0% | Pred=50.0% | Actual=50.0% | Err=0.0% | Track=0.0%
2026-01-30 03:37:47,105 - ezgripper_left - INFO - 📊 Monitor: State=200.0Hz | Cmd=50.0% | Pred=50.0% | Actual=50.0% | Err=0.0% | Track=0.0%
2026-01-30 03:37:52,105 - ezgripper_left - INFO - 📊 Monitor: State=200.0Hz | Cmd=50.0% | Pred=50.0% | Actual=50.0% | Err=0.0% | Track=0.0%
2026-01-30 03:37:57,105 - ezgripper_left - INFO - 📊 Monitor: State=200.0Hz | Cmd=50.0% | Pred=50.0% | Actual=50.0% | Err=0.0% | Track=0.0%
2026-01-30 03:38:02,105 - ezgripper_left - INFO - 📊 Monitor: State=200.0Hz | Cmd=50.0% | Pred=50.0% | Actual=50.0% | Err=0.0% | Track=0.0%
2026-01-30 03:38:07,105 - ezgripper_left - INFO - 📊 Monitor: State=200.0Hz | Cmd=50.0% | Pred=50.0% | Actual=50.0% | Err=0.0% | Track=0.0%
2026-01-30 03:38:12,105 - ezgripper_left - INFO - 📊 Monitor: State=200.0Hz | Cmd=50.0% | Pred=50.0% | Actual=50.0% | Err=0.0% | Track=0.0%
2026-01-30 03:38:17,106 - ezgripper_left - INFO - 📊 Monitor: State=200.0Hz | Cmd=50.0% | Pred=50.0% | Actual=50.0% | Err=0.0% | Track=0.0%
2026-01-30 03:38:22,106 - ezgripper_left - INFO - 📊 Monitor: State=200.0Hz | Cmd=50.0% | Pred=50.0% | Actual=50.0% | Err=0.0% | Track=0.0%
2026-01-30 03:38:27,106 - ezgripper_left - INFO - 📊 Monitor: State=200.0Hz | Cmd=50.0% | Pred=50.0% | Actual=50.0% | Err=0.0% | Track=0.0%
2026-01-30 03:38:32,106 - ezgripper_left - INFO - 📊 Monitor: State=200.0Hz | Cmd=50.0% | Pred=50.0% | Actual=50.0% | Err=0.0% | Track=0.0%
2026-01-30 03:38:37,106 - ezgripper_left - INFO - 📊 Monitor: State=200.0Hz | Cmd=50.0% | Pred=50.0% | Actual=50.0% | Err=0.0% | Track=0.0%
2026-01-30 03:38:42,106 - ezgripper_left - INFO - 📊 Monitor: State=200.0Hz | Cmd=50.0% | Pred=50.0% | Actual=50.0% | Err=0.0% | Track=0.0%
2026-01-30 03:38:47,106 - ezgripper_left - INFO - 📊 Monitor: State=200.0Hz | Cmd=50.0% | Pred=50.0% | Actual=50.0% | Err=0.0% | Track=0.0%
2026-01-30 03:38:52,106 - ezgripper_left - INFO - 📊 Monitor: State=200.0Hz | Cmd=50.0% | Pred=50.0% | Actual=50.0% | Err=0.0% | Track=0.0%
2026-01-30 03:38:57,107 - ezgripper_left - INFO - 📊 Monitor: State=200.0Hz | Cmd=50.0% | Pred=50.0% | Actual=50.0% | Err=0.0% | Track=0.0%
2026-01-30 03:39:02,107 - ezgripper_left - INFO - 📊 Monitor: State=200.0Hz | Cmd=50.0% | Pred=50.0% | Actual=50.0% | Err=0.0% | Track=0.0%
2026-01-30 03:39:07,107 - ezgripper_left - INFO - 📊 Monitor: State=200.0Hz | Cmd=50.0% | Pred=50.0% | Actual=50.0% | Err=0.0% | Track=0.0%
2026-01-30 03:39:12,107 - ezgripper_left - INFO - 📊 Monitor: State=200.0Hz | Cmd=50.0% | Pred=50.0% | Actual=50.0% | Err=0.0% | Track=0.0%
2026-01-30 03:39:17,107 - ezgripper_left - INFO - 📊 Monitor: State=200.0Hz | Cmd=50.0% | Pred=50.0% | Actual=50.0% | Err=0.0% | Track=0.0%
2026-01-30 03:39:22,107 - ezgripper_left - INFO - 📊 Monitor: State=200.0Hz | Cmd=50.0% | Pred=50.0% | Actual=50.0% | Err=0.0% | Track=0.0%
2026-01-30 03:39:27,107 - ezgripper_left - INFO - 📊 Monitor: State=200.0Hz | Cmd=50.0% | Pred=50.0% | Actual=50.0% | Err=0.0% | Track=0.0%
2026-01-30 03:39:32,107 - ezgripper_left - INFO - 📊 Monitor: State=200.0Hz | Cmd=50.0% | Pred=50.0% | Actual=50.0% | Err=0.0% | Track=0.0%
2026-01-30 03:39:37,107 - ezgripper_left - INFO - 📊 Monitor: State=200.0Hz | Cmd=50.0% | Pred=50.0% | Actual=50.0% | Err=0.0% | Track=0.0%
2026-01-30 03:39:42,107 - ezgripper_left - INFO - 📊 Monitor: State=200.0Hz | Cmd=50.0% | Pred=50.0% | Actual=50.0% | Err=0.0% | Track=0.0%
2026-01-30 03:39:47,108 - ezgripper_left - INFO - 📊 Monitor: State=200.0Hz | Cmd=50.0% | Pred=50.0% | Actual=50.0% | Err=0.0% | Track=0.0%
2026-01-30 03:39:52,108 - ezgripper_left - INFO - 📊 Monitor: State=200.0Hz | Cmd=50.0% | Pred=50.0% | Actual=50.0% | Err=0.0% | Track=0.0%
2026-01-30 03:39:57,108 - ezgripper_left - INFO - 📊 Monitor: State=200.0Hz | Cmd=50.0% | Pred=50.0% | Actual=50.0% | Err=0.0% | Track=0.0%
2026-01-30 03:40:02,108 - ezgripper_left - INFO - 📊 Monitor: State=200.0Hz | Cmd=50.0% | Pred=50.0% | Actual=50.0% | Err=0.0% | Track=0.0%
2026-01-30 03:40:07,108 - ezgripper_left - INFO - 📊 Monitor: State=200.0Hz | Cmd=50.0% | Pred=50.0% | Actual=50.0% | Err=0.0% | Track=0.0%
2026-01-30 03:40:12,108 - ezgripper_left - INFO - 📊 Monitor: State=200.0Hz | Cmd=50.0% | Pred=50.0% | Actual=50.0% | Err=0.0% | Track=0.0%
2026-01-30 03:40:17,108 - ezgripper_left - INFO - 📊 Monitor: State=200.0Hz | Cmd=50.0% | Pred=50.0% | Actual=50.0% | Err=0.0% | Track=0.0%
2026-01-30 03:40:22,108 - ezgripper_left - INFO - 📊 Monitor: State=200.0Hz | Cmd=50.0% | Pred=50.0% | Actual=50.0% | Err=0.0% | Track=0.0%
2026-01-30 03:40:27,108 - ezgripper_left - INFO - 📊 Monitor: State=200.0Hz | Cmd=50.0% | Pred=50.0% | Actual=50.0% | Err=0.0% | Track=0.0%
2026-01-30 03:40:32,109 - ezgripper_left - INFO - 📊 Monitor: State=200.0Hz | Cmd=50.0% | Pred=50.0% | Actual=50.0% | Err=0.0% | Track=0.0%
2026-01-30 03:40:37,109 - ezgripper_left - INFO - 📊 Monitor: State=200.0Hz | Cmd=50.0% | Pred=50.0% | Actual=50.0% | Err=0.0% | Track=0.0%
2026-01-30 03:40:42,109 - ezgripper_left - INFO - 📊 Monitor: State=200.0Hz | Cmd=50.0% | Pred=50.0% | Actual=50.0% | Err=0.0% | Track=0.0%
2026-01-30 03:40:47,109 - ezgripper_left - INFO - 📊 Monitor: State=200.0Hz | Cmd=50.0% | Pred=50.0% | Actual=50.0% | Err=0.0% | Track=0.0%
2026-01-30 03:40:52,109 - ezgripper_left - INFO - 📊 Monitor: State=200.0Hz | Cmd=50.0% | Pred=50.0% | Actual=50.0% | Err=0.0% | Track=0.0%
2026-01-30 03:40:57,109 - ezgripper_left - INFO - 📊 Monitor: State=200.0Hz | Cmd=50.0% | Pred=50.0% | Actual=50.0% | Err=0.0% | Track=0.0%
2026-01-30 03:41:02,109 - ezgripper_left - INFO - 📊 Monitor: State=200.0Hz | Cmd=50.0% | Pred=50.0% | Actual=50.0% | Err=0.0% | Track=0.0%
2026-01-30 03:41:07,110 - ezgripper_left - INFO - 📊 Monitor: State=200.0Hz | Cmd=50.0% | Pred=50.0% | Actual=50.0% | Err=0.0% | Track=0.0%
2026-01-30 03:41:12,110 - ezgripper_left - INFO - 📊 Monitor: State=200.0Hz | Cmd=50.0% | Pred=50.0% | Actual=50.0% | Err=0.0% | Track=0.0%
2026-01-30 03:41:17,110 - ezgripper_left - INFO - 📊 Monitor: State=200.0Hz | Cmd=50.0% | Pred=50.0% | Actual=50.0% | Err=0.0% | Track=0.0%
2026-01-30 03:41:22,110 - ezgripper_left - INFO - 📊 Monitor: State=200.0Hz | Cmd=50.0% | Pred=50.0% | Actual=50.0% | Err=0.0% | Track=0.0%
2026-01-30 03:41:27,110 - ezgripper_left - INFO - 📊 Monitor: State=200.0Hz | Cmd=50.0% | Pred=50.0% | Actual=50.0% | Err=0.0% | Track=0.0%
2026-01-30 03:41:32,110 - ezgripper_left - INFO - 📊 Monitor: State=200.0Hz | Cmd=50.0% | Pred=50.0% | Actual=50.0% | Err=0.0% | Track=0.0%
2026-01-30 03:41:37,110 - ezgripper_left - INFO - 📊 Monitor: State=200.0Hz | Cmd=50.0% | Pred=50.0% | Actual=50.0% | Err=0.0% | Track=0.0%
2026-01-30 03:41:42,110 - ezgripper_left - INFO - 📊 Monitor: State=200.0Hz | Cmd=50.0% | Pred=50.0% | Actual=50.0% | Err=0.0% | Track=0.0%
2026-01-30 03:41:47,110 - ezgripper_left - INFO - 📊 Monitor: State=200.0Hz | Cmd=50.0% | Pred=50.0% | Actual=50.0% | Err=0.0% | Track=0.0%
2026-01-30 03:41:52,110 - ezgripper_left - INFO - 📊 Monitor: State=200.0Hz | Cmd=50.0% | Pred=50.0% | Actual=50.0% | Err=0.0% | Track=0.0%
2026-01-30 03:41:57,111 - ezgripper_left - INFO - 📊 Monitor: State=200.0Hz | Cmd=50.0% | Pred=50.0% | Actual=50.0% | Err=0.0% | Track=0.0%
2026-01-30 03:42:02,111 - ezgripper_left - INFO - 📊 Monitor: State=200.0Hz | Cmd=50.0% | Pred=50.0% | Actual=50.0% | Err=0.0% | Track=0.0%
2026-01-30 03:42:07,111 - ezgripper_left - INFO - 📊 Monitor: State=200.0Hz | Cmd=50.0% | Pred=50.0% | Actual=50.0% | Err=0.0% | Track=0.0%
2026-01-30 03:42:12,111 - ezgripper_left - INFO - 📊 Monitor: State=200.0Hz | Cmd=50.0% | Pred=50.0% | Actual=50.0% | Err=0.0% | Track=0.0%
2026-01-30 03:42:17,111 - ezgripper_left - INFO - 📊 Monitor: State=200.0Hz | Cmd=50.0% | Pred=50.0% | Actual=50.0% | Err=0.0% | Track=0.0%
2026-01-30 03:42:22,111 - ezgripper_left - INFO - 📊 Monitor: State=200.0Hz | Cmd=50.0% | Pred=50.0% | Actual=50.0% | Err=0.0% | Track=0.0%
2026-01-30 03:42:27,111 - ezgripper_left - INFO - 📊 Monitor: State=200.0Hz | Cmd=50.0% | Pred=50.0% | Actual=50.0% | Err=0.0% | Track=0.0%
2026-01-30 03:42:32,111 - ezgripper_left - INFO - 📊 Monitor: State=200.0Hz | Cmd=50.0% | Pred=50.0% | Actual=50.0% | Err=0.0% | Track=0.0%
2026-01-30 03:42:37,111 - ezgripper_left - INFO - 📊 Monitor: State=200.0Hz | Cmd=50.0% | Pred=50.0% | Actual=50.0% | Err=0.0% | Track=0.0%
2026-01-30 03:42:42,112 - ezgripper_left - INFO - 📊 Monitor: State=200.0Hz | Cmd=50.0% | Pred=50.0% | Actual=50.0% | Err=0.0% | Track=0.0%
2026-01-30 03:42:47,112 - ezgripper_left - INFO - 📊 Monitor: State=200.0Hz | Cmd=50.0% | Pred=50.0% | Actual=50.0% | Err=0.0% | Track=0.0%
2026-01-30 03:42:52,112 - ezgripper_left - INFO - 📊 Monitor: State=200.0Hz | Cmd=50.0% | Pred=50.0% | Actual=50.0% | Err=0.0% | Track=0.0%
2026-01-30 03:42:57,112 - ezgripper_left - INFO - 📊 Monitor: State=200.0Hz | Cmd=50.0% | Pred=50.0% | Actual=50.0% | Err=0.0% | Track=0.0%
2026-01-30 03:43:02,112 - ezgripper_left - INFO - 📊 Monitor: State=200.0Hz | Cmd=50.0% | Pred=50.0% | Actual=50.0% | Err=0.0% | Track=0.0%
2026-01-30 03:43:07,112 - ezgripper_left - INFO - 📊 Monitor: State=200.0Hz | Cmd=50.0% | Pred=50.0% | Actual=50.0% | Err=0.0% | Track=0.0%
2026-01-30 03:43:12,112 - ezgripper_left - INFO - 📊 Monitor: State=200.0Hz | Cmd=50.0% | Pred=50.0% | Actual=50.0% | Err=0.0% | Track=0.0%
2026-01-30 03:43:17,112 - ezgripper_left - INFO - 📊 Monitor: State=200.0Hz | Cmd=50.0% | Pred=50.0% | Actual=50.0% | Err=0.0% | Track=0.0%
2026-01-30 03:43:22,113 - ezgripper_left - INFO - 📊 Monitor: State=200.0Hz | Cmd=50.0% | Pred=50.0% | Actual=50.0% | Err=0.0% | Track=0.0%
2026-01-30 03:43:27,113 - ezgripper_left - INFO - 📊 Monitor: State=200.0Hz | Cmd=50.0% | Pred=50.0% | Actual=50.0% | Err=0.0% | Track=0.0%
2026-01-30 03:43:32,113 - ezgripper_left - INFO - 📊 Monitor: State=200.0Hz | Cmd=50.0% | Pred=50.0% | Actual=50.0% | Err=0.0% | Track=0.0%
2026-01-30 03:43:37,113 - ezgripper_left - INFO - 📊 Monitor: State=200.0Hz | Cmd=50.0% | Pred=50.0% | Actual=50.0% | Err=0.0% | Track=0.0%
2026-01-30 03:43:42,113 - ezgripper_left - INFO - 📊 Monitor: State=200.0Hz | Cmd=50.0% | Pred=50.0% | Actual=50.0% | Err=0.0% | Track=0.0%
2026-01-30 03:43:47,113 - ezgripper_left - INFO - 📊 Monitor: State=200.0Hz | Cmd=50.0% | Pred=50.0% | Actual=50.0% | Err=0.0% | Track=0.0%
2026-01-30 03:43:52,113 - ezgripper_left - INFO - 📊 Monitor: State=200.0Hz | Cmd=50.0% | Pred=50.0% | Actual=50.0% | Err=0.0% | Track=0.0%
2026-01-30 03:43:57,113 - ezgripper_left - INFO - 📊 Monitor: State=200.0Hz | Cmd=50.0% | Pred=50.0% | Actual=50.0% | Err=0.0% | Track=0.0%
2026-01-30 03:44:02,113 - ezgripper_left - INFO - 📊 Monitor: State=200.0Hz | Cmd=50.0% | Pred=50.0% | Actual=50.0% | Err=0.0% | Track=0.0%
2026-01-30 03:44:07,114 - ezgripper_left - INFO - 📊 Monitor: State=200.0Hz | Cmd=50.0% | Pred=50.0% | Actual=50.0% | Err=0.0% | Track=0.0%
2026-01-30 03:44:12,119 - ezgripper_left - INFO - 📊 Monitor: State=200.0Hz | Cmd=50.0% | Pred=50.0% | Actual=50.0% | Err=0.0% | Track=0.0%
2026-01-30 03:44:17,119 - ezgripper_left - INFO - 📊 Monitor: State=200.0Hz | Cmd=50.0% | Pred=50.0% | Actual=50.0% | Err=0.0% | Track=0.0%
2026-01-30 03:44:22,119 - ezgripper_left - INFO - 📊 Monitor: State=200.0Hz | Cmd=50.0% | Pred=50.0% | Actual=50.0% | Err=0.0% | Track=0.0%
2026-01-30 03:44:27,119 - ezgripper_left - INFO - 📊 Monitor: State=200.0Hz | Cmd=50.0% | Pred=50.0% | Actual=50.0% | Err=0.0% | Track=0.0%
2026-01-30 03:44:32,119 - ezgripper_left - INFO - 📊 Monitor: State=200.0Hz | Cmd=50.0% | Pred=50.0% | Actual=50.0% | Err=0.0% | Track=0.0%
2026-01-30 03:44:37,120 - ezgripper_left - INFO - 📊 Monitor: State=200.0Hz | Cmd=50.0% | Pred=50.0% | Actual=50.0% | Err=0.0% | Track=0.0%
2026-01-30 03:44:42,124 - ezgripper_left - INFO - 📊 Monitor: State=200.0Hz | Cmd=50.0% | Pred=50.0% | Actual=50.0% | Err=0.0% | Track=0.0%
2026-01-30 03:44:47,125 - ezgripper_left - INFO - 📊 Monitor: State=200.0Hz | Cmd=50.0% | Pred=50.0% | Actual=50.0% | Err=0.0% | Track=0.0%
2026-01-30 03:44:52,125 - ezgripper_left - INFO - 📊 Monitor: State=200.0Hz | Cmd=50.0% | Pred=50.0% | Actual=50.0% | Err=0.0% | Track=0.0%
2026-01-30 03:44:57,125 - ezgripper_left - INFO - 📊 Monitor: State=200.0Hz | Cmd=50.0% | Pred=50.0% | Actual=50.0% | Err=0.0% | Track=0.0%
